iterations                = 18
game_id                   = 1
score                     = 0.0
game_iterations           = 18
game_iterations_smooth    = 18.0
game_score                = 0.0
game_score_smooth         = 0.0
fps_smooth                = 37.525677415244175



iterations                = 47
game_id                   = 2
score                     = 0.0
game_iterations           = 29
game_iterations_smooth    = 19.1
game_score                = 0.0
game_score_smooth         = 0.0
fps_smooth                = 85.36021112126564



iterations                = 67
game_id                   = 3
score                     = 0.0
game_iterations           = 20
game_iterations_smooth    = 19.19
game_score                = 0.0
game_score_smooth         = 0.0
fps_smooth                = 109.76524477391789



iterations                = 92
game_id                   = 4
score                     = 0.0
game_iterations           = 25
game_iterations_smooth    = 19.771
game_score                = 0.0
game_score_smooth         = 0.0
fps_smooth                = 137.68932499309093



iterations                = 101
game_id                   = 5
score                     = 0.0
game_iterations           = 9
game_iterations_smooth    = 18.6939
game_score                = 0.0
game_score_smooth         = 0.0
fps_smooth                = 141.62547578904486



iterations                = 109
game_id                   = 6
score                     = -1.0
game_iterations           = 8
game_iterations_smooth    = 17.62451
game_score                = -1.0
game_score_smooth         = -0.1
fps_smooth                = 144.08345025626457



iterations                = 118
game_id                   = 7
score                     = -2.0
game_iterations           = 9
game_iterations_smooth    = 16.762059
game_score                = -1.0
game_score_smooth         = -0.19
fps_smooth                = 148.4438730269906



iterations                = 127
game_id                   = 8
score                     = -3.0
game_iterations           = 9
game_iterations_smooth    = 15.985853100000002
game_score                = -1.0
game_score_smooth         = -0.271
fps_smooth                = 153.50055218806546



iterations                = 135
game_id                   = 9
score                     = -4.0
game_iterations           = 8
game_iterations_smooth    = 15.187267790000002
game_score                = -1.0
game_score_smooth         = -0.34390000000000004
fps_smooth                = 156.55713470302356



iterations                = 149
game_id                   = 10
score                     = -4.0
game_iterations           = 14
game_iterations_smooth    = 15.068541011000002
game_score                = 0.0
game_score_smooth         = -0.30951000000000006
fps_smooth                = 162.83209774393262



iterations                = 174
game_id                   = 11
score                     = -4.0
game_iterations           = 25
game_iterations_smooth    = 16.061686909900004
game_score                = 0.0
game_score_smooth         = -0.27855900000000006
fps_smooth                = 170.10157495724687



iterations                = 184
game_id                   = 12
score                     = -5.0
game_iterations           = 10
game_iterations_smooth    = 15.455518218910004
game_score                = -1.0
game_score_smooth         = -0.35070310000000005
fps_smooth                = 174.67271085683487



iterations                = 211
game_id                   = 13
score                     = -5.0
game_iterations           = 27
game_iterations_smooth    = 16.609966397019004
game_score                = 0.0
game_score_smooth         = -0.31563279000000005
fps_smooth                = 183.02216038736353



iterations                = 220
game_id                   = 14
score                     = -6.0
game_iterations           = 9
game_iterations_smooth    = 15.848969757317105
game_score                = -1.0
game_score_smooth         = -0.3840695110000001
fps_smooth                = 182.62018264452482



iterations                = 245
game_id                   = 15
score                     = -5.0
game_iterations           = 25
game_iterations_smooth    = 16.764072781585394
game_score                = 1.0
game_score_smooth         = -0.2456625599000001
fps_smooth                = 184.0254561497871



iterations                = 253
game_id                   = 16
score                     = -6.0
game_iterations           = 8
game_iterations_smooth    = 15.887665503426856
game_score                = -1.0
game_score_smooth         = -0.3210963039100001
fps_smooth                = 184.19587956958793



iterations                = 261
game_id                   = 17
score                     = -7.0
game_iterations           = 8
game_iterations_smooth    = 15.098898953084172
game_score                = -1.0
game_score_smooth         = -0.38898667351900007
fps_smooth                = 184.17554285388786



iterations                = 274
game_id                   = 18
score                     = -8.0
game_iterations           = 13
game_iterations_smooth    = 14.889009057775755
game_score                = -1.0
game_score_smooth         = -0.4500880061671001
fps_smooth                = 185.9857861726392



iterations                = 288
game_id                   = 19
score                     = -9.0
game_iterations           = 14
game_iterations_smooth    = 14.800108151998181
game_score                = -1.0
game_score_smooth         = -0.5050792055503901
fps_smooth                = 186.8810337785002



