iterations                = 941
game_id                   = 1
score                     = -21.0
game_iterations           = 941
game_iterations_smooth    = 941.0
game_score                = -21.0
game_score_smooth         = -21.0
fps_smooth                = 321.29361441959213



iterations                = 1761
game_id                   = 2
score                     = -41.0
game_iterations           = 820
game_iterations_smooth    = 939.7900000000001
game_score                = -20.0
game_score_smooth         = -20.99
fps_smooth                = 315.58960178057674



iterations                = 2624
game_id                   = 3
score                     = -60.0
game_iterations           = 863
game_iterations_smooth    = 939.0221
game_score                = -19.0
game_score_smooth         = -20.9701
fps_smooth                = 300.99474413674454



