2000 1 -1.199899999999991 1024 1024.0 -1.1023000000000018 -1.1023000000000018 6025.767812064606 
4000 3 -3.399700000000402 1024 1024.0 -1.1023000000000018 -1.1023000000000018 6178.519843915253 
6000 5 -5.599499999999979 1024 1024.0 -1.1023000000000018 -1.1023000000000018 5497.235217945393 
8000 7 -7.799299999999513 1024 1024.0 -1.1023000000000018 -1.1023000000000018 5356.730462630972 
10000 10 -9.07381873765465 1 1013.77 0.9251812623443975 -1.0820251873765578 4124.41478591266 
12000 12 -11.273618737654184 1024 1013.973577 -1.1023000000000018 -1.0824286561477643 3846.339011794105 
14000 14 -13.473418737653718 1024 1014.1731028176999 -1.1023000000000018 -1.0828240958904238 4107.904407385968 
16000 16 -15.673218737653253 1024 1014.3686580716277 -1.1023000000000018 -1.0832116663822045 4057.4797221390822 
18000 18 -17.873018737652785 1024 1014.5603217760023 -1.1023000000000018 -1.0835915242211984 4005.5210351558917 
20000 21 -19.145724132649036 1024 1004.8713896589331 -1.1023000000000018 -1.064073008070772 4063.2239103157017 
22000 23 -21.34552413264857 1024 1005.2520490047203 -1.1023000000000018 -1.0648337252101638 3968.659302167251 
24000 25 -23.545324132648105 1024 1005.6251332295265 -1.1023000000000018 -1.0655793040784816 3902.9851103528167 
26000 27 -25.74512413264764 1024 1005.9907930782589 -1.1023000000000018 -1.0663100459273196 3896.7509435285942 
28000 29 -27.944924132647174 1024 1006.3491762960015 -1.1023000000000018 -1.067026246013366 3932.502103994809 
30000 32 -29.208788483384534 1024 996.745723410834 -1.1023000000000018 -1.0478963688528278 3873.8355518380804 
32000 34 -31.40858848338407 1024 997.2880835149584 -1.1023000000000018 -1.0489790011126565 3948.7898085381635 
34000 36 -33.60838848338791 1024 997.8196506530107 -1.1023000000000018 -1.0500400889905148 3963.57330755109 
36000 38 -35.808188483394545 1024 998.3406396050158 -1.1023000000000018 -1.0510800612196034 4175.338023754454 
38000 40 -38.00798848340118 1024 998.8512608768759 -1.1023000000000018 -1.0520993380013333 4070.2184080479565 
40000 42 -40.20778848340781 1024 999.3517207854261 -1.1023000000000018 -1.0530983311751065 4002.828095232706 
42000 43 -41.40768848341445 1024 999.5982035775718 -1.1023000000000018 -1.0535903478633555 4012.4034932267923 
44000 45 -43.60748848342108 1024 1000.0837993263782 -1.1023000000000018 -1.0545596699408746 3928.2799149043135 
46000 47 -45.80728848342771 1024 1000.5597317197833 -1.1023000000000018 -1.0555097025090512 3993.0622096607503 
48000 49 -48.007088483434345 1024 1001.0261930585596 -1.1023000000000018 -1.056440829429121 3996.8894350931155 
50000 51 -50.20688848344098 1024 1001.4833718166942 -1.1023000000000018 -1.0573534269234814 3883.5593464720628 
52000 53 -52.40668848344761 1024 1001.931452717542 -1.1023000000000018 -1.0582478637277042 4074.669931880503 
54000 55 -54.60648848345424 1024 1002.370616808463 -1.1023000000000018 -1.059124501239523 4106.305925006675 
56000 57 -56.806288483460875 1024 1002.8010415339745 -1.1023000000000018 -1.0599836936648563 4017.7549943561767 
58000 59 -59.00608848346751 1024 1003.2229008074485 -1.1023000000000018 -1.0608257881609255 4005.692603408226 
60000 61 -61.20588848347414 1024 1003.6363650813802 -1.1023000000000018 -1.061651124976523 4232.869929148462 
62000 63 -63.40568848348077 1024 1004.0416014162607 -1.1023000000000018 -1.0624600375894904 4178.103966901622 
64000 65 -65.6054884834874 1024 1004.4387735480772 -1.1023000000000018 -1.0632528528414595 4019.7474157694733 
66000 67 -67.80528848349404 1024 1004.8280419544705 -1.1023000000000018 -1.0640298910699146 4273.040190190733 
68000 69 -70.00508848350067 1024 1005.2095639195765 -1.1023000000000018 -1.0647914662376234 4076.716666577188 
70000 71 -72.2048884835073 1024 1005.5834935975769 -1.1023000000000018 -1.0655378860594948 4072.892638182449 
72000 73 -74.40468848351394 1024 1005.9499820749851 -1.1023000000000018 -1.066269452126911 4288.047898618196 
74000 75 -76.60448848352057 1024 1006.3091774316929 -1.1023000000000018 -1.0669864600295853 4166.931614120186 
76000 78 -77.8618081273902 44 997.0346125527942 0.9380803561369997 -1.0476315039188766 4156.164536077099 
78000 80 -80.06160812739684 1024 997.5712237629936 -1.1023000000000018 -1.0487194069908912 3773.7434338065104 
80000 82 -82.26140812740347 1024 998.09715641011 -1.1023000000000018 -1.0497856607917724 4085.5379904452166 
82000 84 -84.4612081274101 1024 998.6126229975488 -1.1023000000000018 -1.0508306961420162 4059.3503416249523 
84000 85 -85.66110812741674 1024 998.8664967675733 -1.1023000000000018 -1.051345389180596 4082.4884307277603 
86000 87 -87.86090812742337 1024 999.3666534818985 -1.1023000000000018 -1.0523593859359022 4077.5864364850413 
88000 89 -90.06070812743 1024 999.8568570776088 -1.1023000000000018 -1.0533532041557776 4233.974965138255 
90000 91 -92.26050812743664 1024 1000.3373056217644 -1.1023000000000018 -1.0543272453930776 4018.94159105844 
92000 93 -94.46030812744327 1024 1000.8081932398912 -1.1023000000000018 -1.0552819032097556 4078.4676845541453 
94000 95 -96.6601081274499 1024 1001.2697101944174 -1.1023000000000018 -1.0562175633358815 4231.954111653064 
96000 97 -98.85990812745653 1024 1001.7220429615485 -1.1023000000000018 -1.0571346038254974 4386.970572300634 
98000 99 -101.05970812746317 1024 1002.1653743066137 -1.1023000000000018 -1.05803339520937 4314.822111054227 
100000 101 -103.2595081274698 1024 1002.5998833579121 -1.1023000000000018 -1.0589143006447033 4092.7598389445393 
102000 103 -105.45930812747643 1024 1003.0257456790896 -1.1023000000000018 -1.0597776760618736 4272.614263553357 
104000 106 -106.78849283748073 109 994.498702006675 0.8597152900023268 -1.0414204787051364 4246.986586897215 
106000 109 -108.1512290196846 1024 986.5639200583748 -1.1023000000000018 -1.024161619570868 4165.690266523922 
108000 112 -109.71791646912897 1024 978.0728090687211 -1.1023000000000018 -1.0093552833574273 4326.709920817011 
110000 114 -111.9177164691356 1024 978.9867601682535 -1.1023000000000018 -1.0112048832186147 4084.815380837446 
112000 116 -114.11751646914223 1024 979.8825236409052 -1.1023000000000018 -1.0130176760425642 4427.000460963965 
114000 119 -113.76962584461484 1024 962.7637098062468 -1.1023000000000018 -0.9788743121927737 4083.633125313898 
116000 121 -115.96942584462147 1024 963.9823119811025 -1.1023000000000018 -0.9813304833801374 4271.964360053546 
118000 123 -118.1692258446281 1024 965.1766639726786 -1.1023000000000018 -0.9837377767608727 4250.19358312523 
120000 126 -117.48851704450401 161 958.0781538760261 0.8964588852326518 -0.9479621651850555 4401.329637043724 
122000 130 -118.3647033677406 66 943.4232376414767 0.6922946212255803 -0.9192467668225793 4095.497579038619 
124000 132 -120.56450336774724 1024 945.0267152124113 -1.1023000000000018 -0.9228895261628101 4263.511665785497 
126000 134 -120.79342220649386 369 940.0482835796844 0.934081161260014 -0.9060959829795701 4173.197844819802 
128000 136 -122.99322220650049 1024 941.7189227364487 -1.1023000000000018 -0.9100004429182766 4423.812762828504 
130000 138 -123.64361716246508 795 941.0663161739934 0.47000504404205 -0.8981041536637824 4089.8298118617104 
132000 142 -122.32138778321877 763 929.1199502221364 0.7895933724780368 -0.8499473709211985 4463.544680607576 
134000 147 -121.65056013265738 196 906.0994579572349 0.9209033500520183 -0.8016306521458548 4326.5449146148185 
136000 152 -119.40075947454943 1024 874.4467575396137 -1.1023000000000018 -0.739957956231863 4383.989745087623 
138000 156 -119.91989083902449 118 864.6542760099903 0.8401578115492866 -0.7162263380997389 4284.869359922768 
140000 158 -122.11969083903112 1024 867.8252559173915 -1.1023000000000018 -0.7239092039715541 4247.626522896802 
142000 161 -121.67474738893165 266 861.2802019913892 0.7218695825195541 -0.6977726218900928 4403.439894435219 
144000 163 -123.87454738893828 1024 864.5183259717605 -1.1023000000000018 -0.7058227167144799 4485.521997514602 
146000 165 -126.07434738894491 1024 867.6920112849225 -1.1023000000000018 -0.7137126146518619 4143.791881463428 
148000 170 -122.03743565719009 364 838.9370116174796 0.8232893015191318 -0.6385834296210551 4244.530368344873 
150000 175 -121.70568486740825 152 822.5990806734636 0.628672376150938 -0.6042351922709782 4381.390548555075 
152000 178 -121.49178128538311 775 817.5570893783811 0.6228832598611442 -0.5839611313372375 4388.407194598912 
154000 183 -120.63999022950917 185 798.1106786064453 0.4913771872031133 -0.5467365759570164 4355.592665022139 
156000 187 -118.54192282309377 320 784.3380500077436 0.31757664501561117 -0.5043702616120012 4372.188322404958 
158000 191 -115.83336190085089 281 767.935673428619 0.846729404748407 -0.4572091343669461 4301.421998397815 
160000 195 -115.6702320821562 765 761.5566215921943 0.7054484762510395 -0.4377869113393906 4294.530402072469 
162000 198 -115.39234284288115 1024 759.7293453742844 -1.1023000000000018 -0.42232522813364487 4300.135216825681 
164000 200 -114.32402261451048 841 758.0103314013361 0.8852419330388382 -0.4026076116395462 4444.044368665722 
166000 205 -114.517153943838 172 749.2423547864721 0.8000815730648666 -0.38513168321504687 4458.820103392924 
168000 207 -114.96617192045164 328 747.7500319262213 0.7180820233929899 -0.38119951248513756 4291.795925890089 
170000 209 -113.6338659715365 922 751.2770062908895 0.6504021335742511 -0.3602102730790003 4473.671436991323 
172000 214 -113.42987376395763 1024 739.0045948736957 -1.1023000000000018 -0.34105419447897717 4382.771708732679 
174000 216 -113.64338307933245 714 741.5760034357091 0.9149906846318087 -0.3360300791625274 4476.832660106788 
176000 224 -107.34285306437151 167 705.882870850625 0.5143354438161245 -0.24965085256568723 4385.512370893367 
178000 227 -107.85333026498114 1024 700.0169577034906 -1.1023000000000018 -0.24701664450227778 4342.597484277213 
180000 232 -106.43216527314286 275 684.1730986596887 0.6488473579793101 -0.22057115571208272 4289.944121275237 
182000 237 -104.7813506108075 217 673.8566825170149 0.29823798342369845 -0.19368694464104314 4485.0024152732285 
184000 239 -105.0569075700372 1024 676.7655345349262 -1.1023000000000018 -0.1923124383389948 4301.728907323444 
186000 245 -102.97331493448118 150 657.617568404466 0.96949717255402 -0.160375930874965 4169.836828772755 
188000 249 -103.58677449622633 108 654.4794980752322 0.8016148957254705 -0.16004997564716605 4193.923658462792 
190000 252 -104.17892840723458 52 650.5793005028997 0.9663905442129761 -0.16059932518389808 4255.618686356684 
192000 256 -105.34141139443349 1024 648.2616060116765 -1.1023000000000018 -0.16612809681207574 4454.814948002876 
194000 260 -103.90294811255619 1024 645.5314101010085 -1.1023000000000018 -0.14601575265269412 4370.612875344254 
196000 267 -101.31849940307296 1 621.7025752131348 0.9257340973349755 -0.11087017587529807 4422.5536813674335 
198000 270 -100.8174145864651 282 620.7524520267294 0.7448797510401778 -0.10240254222353028 4299.27877600283 
200000 273 -102.1385593366459 1024 623.9084074490836 -1.1023000000000018 -0.1126207096436734 4294.871653440818 
202000 281 -96.19660813235649 95 593.1105216716728 0.9513786358887774 -0.04633254298220628 4278.44745571747 
204000 285 -96.44230923301662 91 586.9076023668273 -0.2520074761777972 -0.046565653529739535 4503.291145344407 
206000 290 -97.71223269778888 1024 582.0540087539185 -1.1023000000000018 -0.05708396715952343 4534.775696590583 
208000 292 -98.08572447621395 127 581.8787339797155 0.8137082215815511 -0.05872368399723342 4475.65287026602 
210000 294 -100.28552447622059 1024 590.6769471735192 -1.1023000000000018 -0.0794908526856885 4279.241495683726 
212000 297 -99.99180902642769 696 596.7228751655185 0.46255162327799376 -0.0744488690547277 4293.61551410238 
214000 301 -100.70660331895276 65 596.7851657197251 0.697307562164496 -0.07877927289608652 4360.299361653841 
216000 306 -99.39823464395378 119 584.9541368347811 0.7749901189596767 -0.061898639647371946 4362.857421880512 
218000 312 -96.88818002917179 1 565.3899524792187 0.9923676651180316 -0.03277331775986102 4329.692195787549 
220000 314 -99.08798002917842 1024 574.5162924248822 -1.1023000000000018 -0.05405689873643982 4283.4381635962545 
222000 319 -97.35360565441378 730 568.9082909239017 0.8043400329654649 -0.034294373296838765 4274.486579918385 
224000 322 -98.85550169635228 1024 573.534769775171 -1.1023000000000018 -0.04831792923067484 4615.355670068375 
226000 325 -100.28467259088193 1024 577.4298375780786 -1.1023000000000018 -0.06114559257037256 4527.327437015654 
228000 327 -101.01053235531552 758 583.6565838102749 0.3982402355730397 -0.06685916292249176 4325.118904163468 
230000 329 -101.5952563224865 539 587.5694177924505 0.5612760328356441 -0.07082867525197775 4643.246320222166 
232000 332 -102.80395601754562 1 590.301842514597 0.9910003049475183 -0.08053140201884361 4289.439174545473 
234000 334 -105.00375601755225 1024 598.9324358485565 -1.1023000000000018 -0.10086459711866866 4372.661994653917 
236000 337 -106.58213258348835 1024 602.1226675714186 -1.1023000000000018 -0.11361365802234892 4303.318995966176 
238000 340 -107.98724993437173 1024 606.6239462218798 -1.1023000000000018 -0.1244093728391071 4411.474718095436 
240000 342 -108.92458050153 421 608.8997296920644 0.22046943284836837 -0.13064170199112518 4581.343399178137 
242000 346 -109.99890348087457 138 607.4382225922756 0.31328554762718647 -0.13625219424579732 4508.158730540171 
244000 350 -109.05985957521531 74 604.6633877036318 0.7144110065244836 -0.12151337306221734 4356.965366555874 
246000 355 -108.4795990881452 1024 598.4725573773798 -1.1023000000000018 -0.11026327618916695 4281.165222961333 
248000 360 -106.26575973325264 1024 586.508890200395 -1.1023000000000018 -0.08324849712467815 4551.309047727141 
250000 364 -106.98691817858523 1024 585.5078275160274 -1.1023000000000018 -0.08730794351409062 4531.34440089567 
252000 366 -107.40008111482526 1024 585.1159217484584 -1.1023000000000018 -0.08890678850687082 4549.540367960762 
254000 372 -107.44060875858699 40 577.3110205176184 0.2827656504417514 -0.08436420399540158 4171.346436042396 
256000 374 -108.25241484887661 1024 579.3592312093178 -1.1023000000000018 -0.09019589662969475 4571.8573645673005 
258000 379 -108.21556620763376 227 575.4443121001748 0.8072451883040312 -0.08537830030994746 4409.304527152571 
260000 383 -109.23359315154526 73 574.2688429406227 0.4360098135820567 -0.0920942412196262 4301.7741240506475 
262000 385 -111.4333931515519 1024 583.2184929661042 -1.1023000000000018 -0.11219733581935568 4446.450849799709 
264000 390 -110.79798591982706 255 570.6163796426382 0.5812422972989699 -0.10012123098558108 4340.186526729477 
266000 392 -111.3252803487879 1024 577.9656136877496 -1.1023000000000018 -0.1033394733356147 4278.7759131808425 
268000 395 -112.94596035375534 136 582.3332809956098 0.5655199950391904 -0.11633139998768174 4281.453619596841 
270000 397 -115.14576035376197 1024 591.1224487037972 -1.1023000000000018 -0.1359521751279269 4494.300324339933 
272000 400 -115.43772178620624 1024 589.4401058548457 -1.1023000000000018 -0.1345531522041218 4695.879932442749 
274000 405 -115.64087089740137 47 584.3729975023609 0.566238506014287 -0.1300622731504556 4336.754216052798 
276000 410 -115.77074695644835 227 570.4698698873829 0.6061481354630349 -0.12419574923401953 4537.785276201086 
278000 412 -117.97054695645498 1024 579.4951194766239 -1.1023000000000018 -0.14366002382426257 4494.32400561455 
280000 415 -119.24218313023772 1024 587.2325589330488 -1.1023000000000018 -0.15249827787704162 4496.42571619187 
282000 417 -121.44198313024435 1024 595.9242310102812 -1.1023000000000018 -0.17139933214728853 4405.699015002308 
284000 419 -123.64178313025099 1024 604.4429388131766 -1.1023000000000018 -0.18992425543755753 4523.832090904901 
286000 422 -123.55720295792855 1024 604.6039480874865 -1.1023000000000018 -0.18345186886974635 4563.677584704097 
288000 425 -121.40519394808629 205 602.36088322534 0.4588639805634293 -0.15633296567337593 4595.568670647901 
290000 427 -123.60499394809293 1024 610.7515016491557 -1.1023000000000018 -0.17515770965647576 4607.643725130471 
292000 430 -125.53222735195128 274 615.5253952986741 0.2451665961482712 -0.18922009686048608 4514.263797535082 
294000 433 -126.89025588398762 100 618.4174995329082 0.8317714679702923 -0.19699876838392988 4395.322103126093 
296000 440 -123.17093187702109 272 596.824848492351 0.8892094263951945 -0.14752754005981414 4511.0459858587365 
298000 442 -125.37073187702772 1024 605.3256340073532 -1.1023000000000018 -0.1665275120126239 4344.643970833322 
300000 445 -125.38164260576454 1024 598.8562353517008 -1.1023000000000018 -0.1610281167645361 4294.328528637093 
302000 451 -122.9569763476763 102 583.7022664830156 0.7800507941677539 -0.1275844620461032 4482.047729700922 
304000 455 -124.17340874020135 31 581.8010029715414 0.06417945297181449 -0.13461667382441495 4475.014884784323 
306000 459 -123.19886692572247 726 579.7449788284607 0.6457470913463951 -0.11956882775000223 4290.893110665106 
308000 466 -120.86214468070452 167 564.3065354057292 0.4008891286866697 -0.08938951666136322 4454.134391516478 
310000 472 -118.03550617800592 369 548.7134449837226 0.6987238174117406 -0.0560220647082743 4602.303908359458 
312000 474 -120.23530617801255 1024 558.1716474285466 -1.1023000000000018 -0.07684299562057967 4398.837762795142 
314000 478 -119.01739098749323 104 555.3174878249887 0.7448651313537427 -0.06185126303716824 4374.6874023310165 
316000 481 -116.79764452901196 23 552.0742851190987 0.9130879568093796 -0.03737217452102075 4605.788825319036 
318000 486 -116.88408731040111 75 547.2505110863184 0.7538222079122543 -0.036497791474631086 4425.775667444022 
320000 488 -119.08388731040775 1024 556.7378259157007 -1.1023000000000018 -0.057707255424285966 4301.542887725056 
322000 490 -121.28368731041438 1024 566.0363431799782 -1.1023000000000018 -0.07849465104134272 4250.248264997802 
324000 493 -122.9963749604288 219 571.5883217511898 0.46521234999220784 -0.09322757021084176 4357.334823573409 
326000 498 -121.95992506205425 72 564.1246950610213 -0.011526753125603927 -0.07869899117221685 4412.993303473115 
328000 500 -122.72591088418943 1024 564.960213629307 -1.1023000000000018 -0.0840422908869624 4264.614881709123 
330000 502 -124.92571088419606 1024 574.0951053780838 -1.1023000000000018 -0.10430561929831188 4268.4760129188235 
332000 508 -123.79481399476731 360 567.5255422151173 0.7778820838414383 -0.08721096488057037 4536.920129415639 
334000 510 -125.99461399477394 1024 576.6093839250365 -1.1023000000000018 -0.10741123667944706 4648.200508945041 
336000 515 -124.94304496207387 112 567.7949211642785 -0.4203468581224733 -0.09205252732841195 4530.052820717877 
338000 521 -120.38918648157396 56 546.0922556590447 0.8971608524369448 -0.041421747641577175 4573.6558854822215 
340000 525 -119.35101428680105 1023 551.1712406379781 0.344572104987282 -0.030037268204637778 4482.425767634921 
342000 528 -118.85387525258233 344 551.6629276197895 0.7598214679633506 -0.023751245016064508 4315.561695196498 
344000 532 -118.23763323735503 533 553.9602908964886 0.541464406135286 -0.016955613470138357 4391.234158907391 
346000 534 -118.62845527497296 1024 557.9977811076485 -1.1023000000000018 -0.020113454934434553 4186.9910316435635 
348000 537 -120.01645969592815 1024 566.3044130109702 -1.1023000000000018 -0.033766281276817654 4413.718274430659 
350000 539 -120.72412989951448 47 565.6425551920519 0.4875297964203053 -0.03913180431520595 4278.029493893773 
352000 542 -122.05831124991064 729 576.3062296602927 0.7927186496104609 -0.051758776399135446 4316.643266173266 
354000 544 -124.25811124991728 1024 585.2153356900529 -1.1023000000000018 -0.07266454674879269 4250.833376748876 
356000 546 -124.63273675959499 101 584.7171505098208 0.8151744903289136 -0.0739795473652026 4262.419559434465 
358000 551 -124.51919056186787 381 583.7258833231203 0.5611752018287306 -0.06991268018843143 4457.1268947316985 
360000 556 -122.07962263503084 89 568.3739817223757 0.7907280917749975 -0.04215597052278618 4617.034126545495 
362000 562 -119.03587128914482 1 560.8691968398995 0.96172723476993 -0.010159715211790968 4325.504805977334 
364000 564 -121.23567128915145 1024 570.0854998227856 -1.1023000000000018 -0.031893306879076364 4557.374768616468 
366000 567 -122.47052108393699 41 573.7372143925489 0.960850205221104 -0.04305395401924991 4611.66783420196 
368000 573 -120.1746820361885 266 556.6645235256194 0.9079160073685915 -0.017887062375871222 4421.298684794491 
370000 581 -117.61590774097576 42 535.0536801042186 0.44804820753152474 0.008492048413894834 4388.6622222694905 
372000 586 -116.3699204136843 1024 525.4758091611894 -1.1023000000000018 0.020224730467701547 4565.024581221835 
374000 588 -118.56972041369093 1024 535.3964405588819 -1.1023000000000018 -0.002113511668605751 4268.024566738548 
376000 592 -116.64569307757456 725 532.186817779064 0.7042851094149262 0.01712459725146201 4239.582494967556 
378000 598 -112.86072211815636 510 524.182149334255 0.7304772652250371 0.05283696541011428 4560.736045687195 
380000 601 -114.11682407959674 50 529.2872393168783 0.9386980385662433 0.03893822278613088 4397.9265313291435 
382000 605 -111.53135222911928 473 527.7155744517084 0.7520438124440589 0.06295574494352386 4469.124366977168 
384000 609 -108.97699418171675 811 526.923892803169 0.6390219831335817 0.08565449870403767 4270.441349743504 
386000 613 -107.68266704258794 89 524.7780517603919 0.6937158259767423 0.09538826921866546 4392.210279426712 
388000 617 -105.22407936886741 919 523.0700690766062 0.6982541755057532 0.11592747186800523 4554.282672818581 
390000 620 -104.87260005444908 1024 526.8118769549618 -1.1023000000000018 0.11584441244300751 4333.122039473237 
392000 624 -104.09011378073025 224 520.5914877835472 0.6890990883023109 0.11972920986414537 4385.897975006516 
394000 626 -106.28991378073688 1024 530.6093171766547 -1.1023000000000018 0.09541082858784883 4497.15465171107 
396000 632 -104.43616429175924 53 524.6827824219155 0.507692523404178 0.10772365725316477 4346.827015383432 
398000 634 -105.192331785012 1024 526.3526950517194 -1.1023000000000018 0.09876279829069007 4603.365729875931 
400000 640 -104.75942250949079 68 521.5338558059877 0.46154786583798696 0.0969584784560428 4302.913404585079 
402000 646 -102.13724118172324 27 510.55578151746585 0.1123494319385016 0.11671764627197517 4352.646247451851 
404000 652 -97.84945795639064 844 498.16193648273 0.7000201812171238 0.15187472578026687 4398.969277872097 
406000 656 -97.48848576525583 343 493.8338782791839 0.47884137150179923 0.15012189332027714 4624.026416822531 
408000 663 -95.3299856973624 76 485.7767581505989 0.49479112727728297 0.16071760181338718 4288.061663569805 
410000 666 -96.57880924971697 1024 492.4070266567679 -1.1023000000000018 0.14345394285368318 4154.428200451586 
412000 671 -95.66005176141584 98 484.44101348183034 0.7400026522972957 0.14597552976527114 4365.493162729993 
414000 675 -94.94150577874971 419 489.29358077100244 0.42461224603344294 0.1469076135928372 4362.926442358616 
416000 682 -92.15255652638113 1024 472.91639404273894 -1.1023000000000018 0.163727749308883 4494.143718614512 
418000 684 -92.4863665496776 1024 476.8737578012885 -1.1023000000000018 0.1577080178670669 4501.850690356057 
420000 693 -88.90784248454288 76 463.7966708756539 0.620381003254181 0.17803249187664072 4378.592450086606 
422000 694 -90.10774248454952 1024 469.39870416689735 -1.1023000000000018 0.16522916695787432 4515.215650553193 
424000 699 -88.49093700015518 54 471.450506301073 0.9402912684801077 0.17283869859799617 4302.634586260783 
426000 703 -87.85209902328926 1024 472.97137452529057 -1.1023000000000018 0.17203370455929634 4373.993758264393 
428000 707 -85.92902371556255 602 475.8925919332097 0.44852921222664954 0.1839816042765913 4441.436695145976 
430000 712 -84.30060241472545 484 472.9239227478034 0.7917447251844253 0.19071099652627407 4411.022438273311 
432000 718 -80.50943525438717 354 461.9712948146949 0.8368346778715795 0.21684255862567492 4344.500346817709 
434000 723 -79.26122403042828 57 460.16839922059427 0.6651672251260885 0.2186151777226469 4267.333865982724 
436000 730 -76.52118487555506 352 450.7904335671165 0.7372249212263824 0.2302254680754863 4404.96771844674 
438000 739 -70.72492413366817 625 430.5399908971008 0.8439735819706979 0.26600627436707225 4424.6054181762565 
440000 743 -70.06599606432653 182 431.8270174011913 0.5433486611293502 0.26224266197266394 4454.0020993783055 
442000 746 -71.33173431580347 1024 440.1883471573586 -1.1023000000000018 0.24178328167985763 4331.427277376626 
444000 749 -71.3411132717184 555 445.7002370584379 0.7526588729398034 0.23481043835448595 4313.585237839089 
446000 753 -70.64366816034126 76 442.0837229343895 0.6857524089949265 0.23315060222739842 4558.017203005632 
448000 756 -72.75950337640626 43 449.55721827951527 0.07966478394164055 0.20530603173005882 4451.714423219135 
450000 759 -74.4805362184968 541 461.78874333939535 0.42466715791608645 0.18173849656080515 4503.825201405577 
452000 765 -73.16249531792029 141 453.328583892557 0.4606256347986157 0.18420149258006907 4560.277406001658 
454000 767 -73.53588579955714 1024 462.4871450730951 -1.1023000000000018 0.1769013471095865 4648.235525932978 
456000 769 -75.73568579956377 1024 473.6612508861405 -1.1023000000000018 0.1514452403021057 4489.058666604486 
458000 772 -77.35707237375259 66 480.4268620735713 0.5718134258178109 0.13094888717807096 4392.460250174879 
460000 776 -76.88004552834472 78 477.14020856469284 0.5353941497039437 0.1311283620102423 4569.431608941422 
462000 778 -79.07984552835136 1024 488.0227184142555 -1.1023000000000018 0.10658313760623843 4382.364089374473 
464000 780 -79.74684526386669 933 497.7786663178118 0.43960026449129763 0.09794536581278725 4594.067727749942 
466000 784 -80.7654226887405 51 499.44818648801146 0.3194500377999703 0.08418204791834855 4362.029271473234 
468000 786 -79.7742451820641 910 507.0934675769 0.5227600794131652 0.09260242848887659 4535.530335216346 
470000 791 -78.00221014153324 163 504.1134787173201 0.7267300615804817 0.10555245342003376 4378.004548361017 
472000 795 -76.71278656327782 473 504.37906800307763 0.7675581996646723 0.11432863372635793 4436.8230510654785 
474000 798 -76.67886887561683 150 505.52496330431825 0.5946946627420391 0.11163527957076731 4238.832530405768 
476000 801 -76.28875326023987 318 507.9637903692167 0.6882372502824041 0.11258739614956167 4525.284926918367 
478000 805 -73.46290280937498 1 509.955935783146 0.9515334369028406 0.13579980921919216 4430.231586786774 
480000 811 -68.82527954367266 969 505.7554056664169 0.6047315389564725 0.17247494385243312 4421.473473763386 
482000 816 -65.5195115361607 611 498.3976174823006 0.7314659676556687 0.19670941382438883 4328.677736197471 
484000 819 -67.12821246206309 1024 504.8708338454588 -1.1023000000000018 0.17479219605802265 4487.096503099918 
486000 824 -63.53266111830153 121 493.5297800560474 0.6643808878878896 0.20205519347675122 4362.098041476238 
488000 826 -65.73246111830817 1024 504.08613743293205 -1.1023000000000018 0.17609852512656382 4325.569743778436 
490000 831 -64.11698333100276 126 497.78688994364234 0.9585167087889495 0.18383954219065543 4451.895626442293 
492000 834 -65.37426828127518 1024 505.56524552542623 -1.1023000000000018 0.16565489064041944 4255.041036184597 
494000 839 -63.7061786051186 196 501.5357164186308 0.717509747505421 0.17391347681331676 4342.313729443005 
496000 841 -65.90597860512523 1024 511.93275566190005 -1.1023000000000018 0.1485168286247317 4284.6646878788315 
498000 843 -68.10577860513186 1024 522.1228938242282 -1.1023000000000018 0.12362557373509948 4370.683954823114 
500000 845 -66.88510313991877 914 527.2779482371261 0.5073374745323359 0.1337354556708994 4456.633433622389 
502000 848 -68.22685869669397 1024 533.5269898965353 -1.1023000000000018 0.11626802659000919 4631.768184862049 
504000 851 -69.92400919416175 284 540.6945287696183 0.47424950253884146 0.0958408326576477 4312.909199812374 
506000 854 -69.45808096532535 1024 540.9236665706318 -1.1023000000000018 0.09778383066208603 4342.531742244342 
508000 859 -67.97431548544006 186 536.8939918264962 0.8145925800725926 0.10761098841514587 4293.347155403203 
510000 870 -59.93718344884259 163 501.96534223992194 0.6509196991874406 0.1724791188832097 4429.3697819767285 
512000 875 -57.94355120644914 298 496.0656253912139 0.6291825254903038 0.1836434113519664 4605.755257910346 
514000 879 -55.849462900330956 824 494.4816969589548 0.7709611110343784 0.19731777872704853 4280.279558967452 
516000 881 -56.18839220881361 591 500.6891111894716 0.8018706915239793 0.19049709184562003 4334.65610451195 
518000 887 -54.18416819817666 628 495.9188262371935 0.6464904447506645 0.19868386099774182 4550.756370933422 
520000 890 -53.94037162967402 1024 498.1545121791226 -1.1023000000000018 0.19530947295259016 4226.405175064959 
522000 894 -50.91124809153527 149 496.0489332327616 0.7586804212063945 0.21767180398261432 4377.237881335348 
524000 900 -48.51879905960434 1 491.6429237613631 0.9587251308368198 0.22816692531025073 4548.687673075656 
526000 902 -48.80919971606353 1024 502.108129578512 -1.1023000000000018 0.22060655699769643 4325.425317185773 
528000 904 -51.008999716070164 1024 512.4937777998996 -1.1023000000000018 0.1942807165134422 4608.363515902578 
530000 908 -49.55209329417246 77 506.0425074044101 0.9363462856107154 0.2014988229762086 4210.453393029667 
532000 913 -49.54597723784104 83 503.304258700441 0.8166387493217809 0.19174279206576902 4438.8344676150255 
534000 915 -51.745777237847676 1024 513.6661039523023 -1.1023000000000018 0.16599134050366016 4467.883643138102 
536000 921 -47.710229813688095 455 503.2048934971062 0.6779616415587866 0.1955998703338448 4356.662756167489 
538000 923 -48.07676588396477 1024 511.4402161165138 -1.1023000000000018 0.18813382581852783 4553.640681085581 
540000 926 -47.850627538640715 1024 520.3237942576372 -1.1023000000000018 0.18416460759090675 4330.693696839023 
542000 928 -48.16920551000047 867 528.7769507519102 0.7946220286468789 0.17753318218631647 4563.774880282776 
544000 930 -48.5367784517429 897 537.3618894319472 0.7426270582641973 0.17051377244345073 4439.96057516985 
546000 933 -50.15409098117051 80 542.3755279539289 0.574487470579012 0.1494778052938979 4511.139095864253 
548000 937 -48.8192844329987 1024 539.6643150441876 -1.1023000000000018 0.15656238590317695 4427.158320990589 
550000 941 -45.65704322845953 268 536.9968889308296 0.7716088473919815 0.18165169487527277 4360.760111993691 
552000 944 -47.11481758008934 111 542.331368332695 0.7309256483768207 0.1618493020695505 4376.470901669103 
554000 946 -49.31461758009597 1024 551.9165741028744 -1.1023000000000018 0.13669273095836643 4372.37615150099 
556000 950 -47.96039650878265 301 545.8028676960905 0.7491284071251737 0.1453221639165388 4314.552762405591 
558000 955 -45.88620387021631 466 543.3713378007681 0.8707328067894403 0.15790783679456008 4354.353033196054 
560000 958 -45.50247148911283 1024 547.3619736967473 -1.1023000000000018 0.15682019708240136 4627.656631638698 
562000 960 -46.0424064788943 164 548.247070420182 0.6435650102251615 0.14922235526271316 4449.8122672175505 
564000 964 -44.58417252887146 1 550.075392099816 0.9995432889174151 0.15762703290083613 4256.606444152147 
566000 967 -44.047259756068115 1024 557.1708378790595 -1.1023000000000018 0.15771255610864915 4396.058595527903 
568000 970 -42.133575874817836 801 560.5384428232135 0.4178721229196479 0.17192654158071155 4603.575134393243 
570000 973 -41.59309011747869 1024 558.6384495329212 -1.1023000000000018 0.17248616029161157 4274.2540386810315 
572000 976 -39.485967466945645 796 560.5592339433438 0.5667365216616511 0.18832968768895128 4358.004098019345 
574000 979 -40.901945984459516 1024 565.0475881359926 -1.1023000000000018 0.16858316801158002 4449.205639812063 
576000 984 -40.50316089832622 69 552.3529414397223 0.1957842659290209 0.16493611372500602 4654.486180837113 
578000 987 -42.19927601039627 77 556.891330726021 0.49598488793657963 0.14328078279062537 4305.980891312906 
580000 989 -44.3990760104029 1024 566.1867932445732 -1.1023000000000018 0.11849372521309189 4372.524731291268 
582000 991 -46.59887601040953 1024 575.2972760590062 -1.1023000000000018 0.09419993008135132 4545.5440172642575 
584000 998 -45.106608112102116 49 561.7249418647816 0.4567787273177569 0.10204030573462658 4458.8946495088 
586000 1003 -43.85582005503135 146 551.4694362812634 0.6067458420061812 0.10941400106904053 4240.348317942047 
588000 1008 -44.035419672977554 90 547.2468706298436 0.4709357791714823 0.10244806173889301 4450.263440089161 
590000 1014 -39.734636300720155 391 534.8367743507798 0.8132389104339899 0.13837873521843144 4555.558376326357 
592000 1018 -36.694939735938014 304 524.5029557326294 0.7884131116295108 0.16378286094694794 4455.267633115911 
594000 1023 -36.40991924014058 1024 527.0114288472707 -1.1023000000000018 0.15770668802538584 4312.104145791966 
596000 1026 -35.843557924255784 84 524.6787013990779 0.9409271982040884 0.1592916710538383 4575.996182031757 
598000 1029 -37.17355539241702 1024 534.4402432888239 -1.1023000000000018 0.14083807189713748 4567.648410580181 
600000 1031 -39.373355392423655 1024 544.1824824473763 -1.1023000000000018 0.11609962426638444 4424.8434615973765 
602000 1037 -36.649994852210384 217 531.683853632866 0.6612581203507709 0.13595497147365093 4400.54768880635 
604000 1043 -33.39388331776032 281 515.9916470195461 0.8176993737519336 0.16062808120301095 4330.169276634629 
606000 1049 -30.57742747187099 254 508.4913744852063 0.7261545906673839 0.17882714915371403 4353.7012787138965 
608000 1051 -32.77722747187091 1024 518.7499961329506 -1.1023000000000018 0.15333271888555505 4583.670999387405 
610000 1055 -31.587383885604535 264 517.6012972328278 0.7822509141512944 0.15931936014340145 4486.969579450556 
612000 1059 -30.987611557394427 278 517.7760597026784 0.8299180421649495 0.15887648983650088 4303.927069789592 
614000 1066 -25.53534980552822 325 499.6787027646169 0.8613539047017992 0.20127653730232842 4481.478016429664 
616000 1073 -20.972149393730117 575 485.0590126462049 0.8697386346958931 0.2319676771219129 4249.6037037499145 
618000 1076 -20.62813166165432 1 486.43544991159996 0.9661735638677607 0.22892490377499497 4322.1672019136195 
620000 1079 -20.91833506080074 1024 497.4625446137755 -1.1023000000000018 0.2185075874514767 4486.162821636002 
622000 1085 -16.731183185575546 123 483.92466664406 0.902360111586065 0.24706767323781298 4469.1396129881305 
624000 1089 -15.862190940308471 417 486.2383666788641 0.7107887400301537 0.24597467512852758 4269.690791442747 
626000 1091 -18.061990940308007 1024 496.9398231819547 -1.1023000000000018 0.21914400909346987 4227.845603637946 
628000 1096 -14.187912181485329 294 492.29482536470425 0.7260163975430166 0.2463567425200024 4224.4304223716135 
630000 1099 -13.774061555936907 1024 498.48568375654713 -1.1023000000000018 0.24286694470562287 4504.689269319925 
632000 1104 -10.273783433000165 293 486.2126504250744 0.7147036352075256 0.26602623039308715 4380.914180594782 
634000 1109 -9.986950968458475 171 490.0478125921528 0.797720200840975 0.2555410293533758 4508.9629606812805 
636000 1112 -10.002164807298195 246 488.48412651035324 0.5537122637783446 0.24863828716241118 4506.555290945339 
638000 1117 -9.938154989074944 113 488.8231709878387 0.787873280072615 0.23679660031331487 4512.863916696632 
640000 1120 -10.696802256288544 223 488.4023579863289 0.6202393334779234 0.2229863681753376 4359.891903064576 
642000 1124 -11.089739506302191 28 496.2931101162592 0.9011402315229505 0.20977415639530497 4511.371050848636 
644000 1126 -11.737316484370536 1024 502.26027722494564 -1.1023000000000018 0.19948430860015715 4381.001814893528 
646000 1129 -11.783872149157164 374 502.86126873108753 0.6984781105132176 0.19369923958008295 4517.342574764454 
648000 1131 -13.983672149156698 1024 513.2319294833388 -1.1023000000000018 0.16790885471243922 4481.303425974677 
650000 1136 -14.180532697059402 25 509.6265121320336 0.9003506455369827 0.15804930016980223 4277.241393151371 
652000 1141 -13.970325577918311 68 507.01201510520553 0.9209727193986811 0.15265108468009506 4503.995332275401 
654000 1147 -9.279526840182433 113 494.1051830795649 0.6095835699664478 0.1896691829549806 4414.519217841681 
656000 1152 -9.997819605592174 279 493.61158337508414 0.7653527519709593 0.17332748051368785 4372.7951902125205 
658000 1159 -7.171666729969298 31 478.936435077216 0.4616565314242712 0.1893702706666246 4513.949029104635 
660000 1166 -4.21221539664756 91 466.44083871209307 0.8352469046894634 0.20561427650794603 4455.974681676593 
662000 1170 -1.6982569700399843 87 463.9497728978901 -0.036984954537633126 0.22251466387150604 4556.3038079119815 
664000 1174 -0.45893348213022245 432 464.48430044611945 0.6833629867005805 0.22629857281930443 4369.443555241856 
666000 1178 0.33448309218333117 360 470.70415247618354 0.7403477314197568 0.22500148979341794 4530.609116476928 
668000 1180 -1.865316907816647 1024 481.7147398419075 -1.1023000000000018 0.1985881901465289 4415.867180279333 
670000 1181 -3.065216907816852 1024 487.1375924434884 -1.1023000000000018 0.18557930824506358 4413.1831448767 
672000 1184 -4.344999885318165 1024 492.95524281032436 -1.1023000000000018 0.1673479534336138 4227.340153072333 
674000 1186 -6.544799885317699 1024 503.52303347839893 -1.1023000000000018 0.14208195916028482 4553.608765422892 
676000 1190 -6.940473942758347 1024 512.1498236624465 -1.1023000000000018 0.13171312184953166 4449.777417883383 
678000 1191 -8.140373942757881 1024 517.268325425822 -1.1023000000000018 0.11937299063103633 4299.210401516523 
680000 1196 -7.7842353964935365 616 520.1248293307918 0.8223338563961676 0.11635253330207897 4522.921439936132 
682000 1199 -7.679913852140446 32 519.616525774838 0.8833595065556298 0.11460318365022044 4364.185067700027 
684000 1203 -8.046759340605437 1024 524.4826491493716 -1.1023000000000018 0.10591422760126641 4472.034437902393 
686000 1205 -8.734705017524862 497 529.1530444312991 0.46225432308010916 0.09751630770280227 4370.449327905927 
688000 1208 -10.12258733492205 1024 534.613793858645 -1.1023000000000018 0.08074122860548452 4284.237444088981 
690000 1213 -10.865945908323784 85 531.076440401261 0.6059338882088536 0.06966881218125874 4552.902618378499 
692000 1215 -11.074873324640677 1 530.6556192372759 0.9908725836826422 0.06727835865567809 4637.675027663184 
694000 1218 -12.895320566069365 1024 536.9528406903095 -1.1023000000000018 0.047030874135097135 4400.126349513738 
696000 1222 -11.428271449584466 451 536.8600550852769 0.8683515777891969 0.05976868605832395 4569.771980840027 
698000 1225 -13.042340577089316 113 542.2185985891892 0.5744308724946845 0.04202139273865248 4538.606868253866 
700000 1228 -14.248009632887138 1 546.2979879924917 0.9940309442017132 0.028997212494938855 4319.279811107988 
702000 1232 -16.246156995319176 1024 546.2177982966155 -1.1023000000000018 0.007989357252839932 4334.762569299497 
704000 1235 -17.573177627353918 57 550.7384074694077 0.8670793679647908 -0.005293553267278794 4583.858709762734 
706000 1238 -14.95443719148615 147 547.3379950291588 0.8927246440054325 0.02147247737882161 4211.152229908483 
708000 1243 -14.821083398797374 98 543.7800283373457 0.5113650163127299 0.021475514180105564 4396.143229196761 
710000 1248 -14.512067115844461 2 539.1421519955557 0.952085985206226 0.023597270063361084 4376.1716969073295 
712000 1253 -13.199761672528126 83 531.0933344918468 0.41450383874693075 0.03570062907697778 4532.5188898364695 
714000 1256 -13.380111859514255 1024 529.3311323641045 -1.1023000000000018 0.03325677661421702 4331.980762829646 
716000 1258 -15.579911859513789 1024 539.1750428300588 -1.1023000000000018 0.010659196759594064 4525.391109395392 
718000 1264 -14.321911487599971 44 531.2248501058104 0.6679930422282115 0.022215941061416042 4423.30536813669 
720000 1266 -14.741869363620012 771 538.5010755887049 0.7028421239794933 0.01788949507408878 4251.922609422984 
722000 1268 -16.941669363619546 1024 548.1625041844896 -1.1023000000000018 -0.004402275877885626 4582.9532509009105 
724000 1271 -18.407259581756882 175 553.8053536477062 0.7167097818621991 -0.01882083836341459 4389.489394715493 
726000 1273 -18.748966040486444 1024 559.2319271101168 -1.1023000000000018 -0.02159391762140995 4545.206733272949 
728000 1278 -19.242224564920043 32 553.9285094605232 0.4621542200905515 -0.02538213767300948 4317.14776222257 
730000 1282 -17.522229506181557 146 550.3143623430257 0.666918923075918 -0.007268380350215246 4271.852343239402 
732000 1287 -17.969853180536692 80 546.6497328076807 0.8605699021088304 -0.011199043630860791 4425.046177127429 
734000 1289 -20.169653180536226 1024 556.1490031248079 -1.1023000000000018 -0.0329119526626067 4409.608918330854 
736000 1291 -20.8397191950121 129 556.5092379626242 0.5169339855236605 -0.038000434949384244 4267.405824312372 
738000 1295 -20.595168079193666 911 558.8853942750374 -0.23104209075424414 -0.034429701784374565 4343.958584911599 
740000 1301 -17.256190585850515 393 545.090618821514 0.5898342264556427 0.00025387867242814607 4418.238705111258 
742000 1306 -17.395811260145194 415 538.9686784154934 0.5383544743248647 -0.0009293640484143864 4438.672175781844 
744000 1314 -12.601971827359375 220 517.889153206855 0.23525637511462816 0.045283094837534225 4550.495149737158 
746000 1317 -13.480679372966346 554 519.1230514674581 0.5718947010018791 0.035719084106351155 4256.701430280506 
748000 1320 -13.568830688677405 1024 526.7846797158231 -1.1023000000000018 0.03330359812990512 4557.645091324297 
750000 1322 -13.958293489991966 487 531.3092645894783 0.7617371986849717 0.029345458513969705 4352.405322514815 
752000 1324 -16.1580934899915 1024 541.1138102241476 -1.1023000000000018 0.00682571388954167 4560.69931244179 
754000 1330 -16.80253318161444 103 532.2580543461509 0.44348023986715424 0.000314677995912966 4420.488413814871 
756000 1336 -13.311770475464353 151 519.7207891023475 0.8850552036753438 0.034689732896018094 4410.514775548714 
758000 1341 -10.518588296172272 42 512.1378841293085 0.8275298360013357 0.06054097460095939 4272.335415274693 
760000 1350 -4.365218814778366 5 491.1321160401156 0.9668047721870875 0.11431306401220928 4471.656380905995 
762000 1357 0.5957334102483277 71 474.0527439857058 0.8605855402794491 0.15508210556060142 4519.752414475291 
764000 1362 1.9394793269441275 279 473.5850752515982 0.646487034241385 0.16025221142645404 4300.194214850655 
766000 1368 5.060687949381294 248 462.81266434523656 0.8168312283007785 0.18190144560872606 4255.178380871998 
768000 1372 5.927346324814605 1024 465.27322123750344 -1.1023000000000018 0.18297272619196447 4592.753755175858 
770000 1375 6.209165767319813 57 466.0500652935283 0.8379562919379467 0.18103202906132762 4417.038635247442 
772000 1379 6.80745513046828 438 468.22235994120274 0.5764275393207204 0.17996104327791598 4453.029643362009 
774000 1383 7.820181283567346 343 474.7394778323032 0.7017536491746563 0.1822236066710667 4213.801046568302 
776000 1385 5.620381283567812 1024 485.66976222344033 -1.1023000000000018 0.15666158689831244 4397.7019754889425 
778000 1390 7.670140753651034 170 481.3368320441905 0.7343672792676841 0.16943572903619125 4469.632871945632 
780000 1394 8.491815150934936 229 481.3397118176896 0.8575519777098352 0.17108352991065032 4480.032569977013 
782000 1399 11.428144188472293 225 474.75709054225615 0.7833106185894718 0.1917766643644894 4538.910544127189 
784000 1404 13.945065689933923 1019 470.952613491059 0.43600355130237756 0.20701088230167905 4424.965450658004 
786000 1410 15.699955255960784 113 466.7886550835756 0.5071947043589937 0.21135245558184798 4428.397231721179 
788000 1413 15.597289294775068 74 465.7525642389383 0.8215472005603325 0.20481221770593724 4298.696609163182 
790000 1415 13.397489294775534 1024 476.86168821058345 -1.1023000000000018 0.17880068457358905 4268.461989605584 
792000 1420 13.523830689704054 1024 478.616514611781 -1.1023000000000018 0.17053221307348138 4529.918982122512 
794000 1422 13.20246473485171 1024 486.4897459710066 -1.1023000000000018 0.16409733908027624 4404.500842310787 
796000 1425 13.474109294129699 123 488.6124450259217 0.8939221117912273 0.16227022733797838 4284.299662096432 
798000 1428 11.992021413201357 530 499.57399079620683 0.6647121190711923 0.14238134820652493 4557.7724081226925 
800000 1431 12.385852722082824 1024 505.63379069556873 -1.1023000000000018 0.1417633263690672 4340.788425959072 
802000 1432 11.18595272208329 1024 510.817452788613 -1.1023000000000018 0.12932269310537647 4494.770795817604 
804000 1436 10.531621579979516 532 516.921792747105 0.5384830071685042 0.117460874816364 4345.97977619552 
806000 1439 9.289352003592422 61 522.3525225807232 0.9514304236124402 0.10177006130956753 4323.378781456534 
808000 1442 9.759534546094127 1024 526.876853307553 -1.1023000000000018 0.10319764255033426 4463.150943200408 
810000 1445 9.653248201132476 145 529.2879078874654 0.4686753078959901 0.09940165978461138 4357.144648986997 
812000 1449 10.45861733286204 153 528.4482382879465 0.5637948905061027 0.10326985089841188 4281.120675215243 
814000 1453 12.338083638838924 428 528.1834857609306 0.7816971809406259 0.11765137930355607 4545.779391460119 
816000 1455 13.59859769818647 220 529.9013343942881 0.8640185500779528 0.12863493789795916 4556.325702987286 
818000 1464 18.272744140521482 35 510.2574890199405 0.9641356647518247 0.16188417115009512 4614.629815508325 
820000 1467 18.369784148903246 1024 508.5032033385593 -1.1023000000000018 0.15852828592235502 4436.270432817524 
822000 1475 21.94833061288914 697 496.6430701883523 0.8016593081720025 0.18069797712547295 4315.9628153434915 
824000 1479 23.094819358782807 213 491.4894377370811 0.7692949872070745 0.1854663798457925 4269.985452829281 
826000 1483 23.916190035962767 268 496.57410460738356 0.6841490233560827 0.1860193288155644 4418.414734184607 
828000 1489 28.36474724062494 104 487.5154820033143 0.8548749959574946 0.21849972208196897 4483.156350887826 
830000 1495 32.79208564758301 385 469.9962763672208 0.8261512440536407 0.24975352520312313 4501.137019783886 
832000 1498 31.25614907690444 1024 480.32264096283797 -1.1023000000000018 0.2266802514013827 4325.921449654554 
834000 1503 33.14474147865544 649 479.363526503849 0.7632436146365361 0.23397799156851984 4340.428131780108 
836000 1505 32.67560412954384 646 486.4217923264224 0.6661626508947674 0.2250706860452539 4528.053609812173 
838000 1507 32.24849479980995 865 495.5295986591266 0.6862906702696641 0.21654191609564996 4352.776824505255 
840000 1510 30.96586646158385 1024 501.0979980493518 -1.1023000000000018 0.19736277179730138 4556.268139447777 
842000 1516 33.85638348799134 185 494.2309921167267 0.9507522905907495 0.21346068524105288 4412.570150498582 
844000 1519 32.60003762640137 7 499.7956614198678 0.942754138416634 0.19483181851287468 4311.654618305447 
846000 1521 30.400237626398837 1024 510.22732775761244 -1.1023000000000018 0.16901889532446845 4574.13441950529 
848000 1524 29.027207635414904 1024 515.8937898958835 -1.1023000000000018 0.15030279590369083 4313.944605701893 
850000 1527 29.297236781908328 1024 515.1994034421858 -1.1023000000000018 0.1488464800342174 4464.041514375998 
852000 1532 29.89009540693335 1024 513.0806723503343 -1.1023000000000018 0.1470150970194501 4418.317081825871 
854000 1534 27.690295406933817 1024 523.2479669705626 -1.1023000000000018 0.12215372658876296 4360.609168221345 
856000 1538 30.961589097883387 64 520.6818026025343 0.7507360804180881 0.14969335649400017 4330.3440987563245 
858000 1543 31.446211254980668 282 517.2806515814061 0.38767507816920743 0.14712697089160992 4362.824486786679 
860000 1544 30.246311254981133 1024 522.3478450655921 -1.1023000000000018 0.13463270118269383 4578.135183825293 
862000 1549 31.487174224766296 502 525.4404909264849 0.3531797506379289 0.1396012848480257 4434.1252254109095 
864000 1557 35.49091887506489 82 504.3688711861345 0.8218780061231279 0.1681220105869521 4236.284243861541 
866000 1561 36.68877067933496 566 503.0859359396048 0.8363926963972251 0.17351556065569157 4460.0102541211545 
868000 1566 38.33529645475887 1024 498.5718761470929 -1.1023000000000018 0.18079877316597037 4284.457418803669 
870000 1569 40.39411648158912 46 495.4160398536481 0.7928345764196405 0.1966241476091969 4524.111039613603 
872000 1572 39.05558153658791 1024 504.8884120539549 -1.1023000000000018 0.17709304554560973 4346.750475008054 
874000 1575 38.992200124971326 260 504.7663453275404 0.5514811150778235 0.17185510483642885 4351.488703476964 
876000 1578 37.47048810114709 355 513.4981041049672 0.6425879761823916 0.15146030382950593 4533.491436535535 
878000 1581 35.73018563260881 1024 518.7605209149455 -1.1023000000000018 0.12966040460700234 4465.196793711828 
880000 1588 38.3844249221282 78 506.8339530654492 0.815835959025135 0.14655352284482256 4393.734013591699 
882000 1591 38.09844768286198 1024 511.5513068254523 -1.1023000000000018 0.13922881194933823 4367.311600908067 
884000 1595 39.28923530935916 302 509.1712070068152 0.7458483216269326 0.1459135380228778 4397.5979858183955 
886000 1598 39.651403771817506 133 507.56283698750576 0.9153588263082781 0.14598563139109444 4486.5525682048 
888000 1602 40.25339049958558 215 506.8926267944784 0.5136256741026092 0.14645004051775717 4554.028914148129 
890000 1604 38.053590499578945 1024 517.1830635212682 -1.1023000000000018 0.12159991471145375 4499.048410755859 
892000 1609 37.961937243660806 29 513.7403458879255 0.40403148356948104 0.11461675724997294 4320.807686146141 
894000 1612 37.08859487798135 1024 521.3708748747082 -1.1023000000000018 0.10217356615211665 4488.1460661678175 
896000 1617 38.49898102827443 68 515.8624503203052 0.8584103876911835 0.11088648568726432 4314.045455747764 
898000 1619 36.299181028267796 1024 525.9743875589311 -1.1023000000000018 0.08674407462208772 4426.260865427796 
900000 1622 34.769574323368296 140 531.9262462740433 0.6561932951071262 0.06901320951280832 4557.711382403825 
902000 1624 34.303857625248746 1024 532.1353139731898 -1.1023000000000018 0.06382982133218551 4237.950922029268 
904000 1630 34.73618852912816 1024 526.2483916055028 -1.1023000000000018 0.06374893944734521 4608.901255153871 
906000 1632 34.13595384372277 1024 530.3423486125532 -1.1023000000000018 0.05696139216689533 4372.4270420956545 
908000 1637 32.59461930746998 1024 527.8593069235351 -1.1023000000000018 0.03872230062519508 4537.986380439337 
910000 1640 32.966263323510965 681 533.2053816485991 0.8422881791931276 0.04131911185110194 4485.029046964952 
912000 1644 34.038058760222874 261 530.0031124521714 0.8504396679823244 0.050383951614690635 4398.009121816026 
914000 1647 32.60641379707287 101 535.4453140092294 0.758055036856266 0.03475163593634533 4472.968496563646 
916000 1649 30.406613797071127 1024 545.1675522604456 -1.1023000000000018 0.01212430838121202 4404.324121048031 
918000 1654 33.887192900049484 88 537.292598784222 0.8333009478855953 0.04579560764676574 4496.079824951596 
920000 1656 33.54731716863069 1024 542.394376068416 -1.1023000000000018 0.04182012531361469 4359.5370057500795 
922000 1659 32.145986173820226 74 547.1985447048079 0.7910690051959034 0.026772303523634022 4418.113970347601 
924000 1663 31.14608790081673 52 548.0494244812452 0.6663966674473755 0.015920246530328405 4430.096123771212 
926000 1666 29.783214803986677 65 552.5956325247276 0.830426903169481 0.0020352560198258944 4304.599774084957 
928000 1669 29.793252982256416 170 553.0375136431106 0.47706040938433597 0.0025171285865852504 4453.601458536373 
930000 1672 28.50871382789546 1024 556.8978704503966 -1.1023000000000018 -0.010324182577743025 4506.688828396999 
932000 1674 26.308913827895925 1024 566.1932028284338 -1.1023000000000018 -0.03205450134444598 4319.431430617076 
934000 1680 29.74311592126529 196 550.7040343342737 0.6587246170404016 0.003490178163362463 4567.610469965406 
936000 1686 31.13854358567202 1024 543.6152355818415 -1.1023000000000018 0.016305444174150484 4226.105580334806 
938000 1688 30.779584537882442 177 544.7048923937629 0.8232409522099565 0.013300605357184437 4419.632828850928 
940000 1691 29.248697122876703 363 552.3304363847757 0.6326125849937947 -0.002484722372591389 4387.3716608450295 
942000 1693 27.048897122877168 1024 561.7166607007186 -1.1023000000000018 -0.02437104639737686 4399.234327501608 
944000 1696 27.452747137838024 443 564.0236381612466 0.6497871678444397 -0.019399740383436097 4425.491543113793 
946000 1703 28.622282752079116 128 545.7570617712025 0.22756065771420592 -0.006401751853734348 4549.5133988845255 
948000 1706 28.54692563167177 268 551.048817279536 0.4404623437897048 -0.0071461220526294516 4252.804607718322 
950000 1708 26.347125631672235 1024 560.4605458156733 -1.1023000000000018 -0.028939684223782163 4495.692151259614 
952000 1714 29.791940431973416 203 546.3036948599342 0.5660178179392186 0.006495206394829175 4255.020100361568 
954000 1722 33.85018188703608 232 525.180620327074 0.5404945388428086 0.044977679716924124 4350.51953225089 
956000 1725 33.44924925357294 1024 523.5006747227396 -1.1023000000000018 0.040071302411812726 4613.3389164363825 
958000 1729 35.1716884350104 390 526.7734363209714 0.8460704523938076 0.055114022977999555 4319.135259859053 
960000 1731 32.97188843500377 1024 536.6682449381841 -1.1023000000000018 0.03208148392073732 4527.434352015097 
962000 1734 34.428652579525824 111 536.8110253952751 0.6477911058682047 0.04591490862764131 4379.177846567496 
964000 1740 36.202863665542 108 530.1182818444906 0.25533470236680494 0.05960773676869673 4572.97664175303 
966000 1744 38.68260139274514 698 523.8254516278731 0.7883881885535686 0.08222657109682463 4585.765714926035 
968000 1747 37.08622097756762 351 531.9511358890736 0.5683195848291092 0.06375114325696889 4405.111993383619 
970000 1751 37.980666219458776 83 531.281527960012 0.8511445138166672 0.06996013144707547 4460.005561913306 
972000 1753 35.78086621945214 1024 541.0866255536077 -1.1023000000000018 0.04663215483127863 4313.454528072232 
974000 1754 34.58096621944551 1024 545.9157592980716 -1.1023000000000018 0.03514283328296582 4456.189290283989 
976000 1757 33.12776564482951 119 551.0653393311596 0.7346994253906289 0.0197296379455347 4330.10430399599 
978000 1760 33.70078575186906 875 554.3852716876848 0.7530785613214589 0.025010882584803672 4417.3298988787865 
980000 1762 31.500985751865333 1024 563.7306047810999 -1.1023000000000018 0.00257739602136604 4537.30019583428 
982000 1766 30.3625728599519 1024 568.5552184276116 -1.1023000000000018 -0.0095034650002235 4366.108346789264 
984000 1772 32.89764771880571 1024 552.3335999068279 -1.1023000000000018 0.015548822749202405 4525.8646037693225 
986000 1779 37.935322492236 223 533.7697988640942 0.9010838454375942 0.06343778871383915 4292.995212151798 
988000 1782 39.811587176793445 776 532.9370610680318 0.5441310457572744 0.08060305406217891 4409.359933004258 
990000 1785 38.38773875820835 210 539.3821214172501 0.7549515814215361 0.06404216626769343 4547.220708755031 
992000 1790 41.53496209385087 615 534.3489815111586 0.5883779422440425 0.09160671528846472 4232.801022850256 
994000 1792 41.234436419101975 806 541.9130367790865 0.8187743252577334 0.08705871490680159 4470.161969325829 
996000 1796 40.83524650700296 279 546.0300286569736 0.8443708677714999 0.07930153307247009 4495.568590507649 
998000 1802 44.79353636980789 474 532.5881524288108 0.640512339509259 0.1133646962594983 4552.106775639729 
1000000 1806 48.17683105532253 387 529.8627654763874 0.8439640482672401 0.1423690815778655 4617.54629947495 
