2000 2 897.7769616802977 1000 1000.0 418.10067940196166 8.92980198857515 99.62097920439857 
4000 4 1479.7249963212555 1000 1000.0 326.1489205726335 14.545999364005237 100.03412807388543 
6000 6 1857.0769417836966 1000 991.288 205.2187511757192 15.976734727362349 101.0956303954086 
8000 8 2380.760807510952 1000 991.4613688000001 302.3919727476023 20.994688946392912 101.5622911120468 
10000 10 2791.309222412536 1000 991.63128756088 211.90607565848615 24.872316454126953 100.28980115041155 
12000 12 3317.5862304974344 1000 991.7978249384184 280.7550132035661 29.173351215227576 100.91771841382045 
14000 14 3953.3779623976193 1000 991.9610482221439 332.08634565024846 34.35569185284043 100.55204443428737 
16000 16 4401.370515905434 1000 992.1210233625233 250.79186674285165 39.17427023146886 101.86633314841384 
18000 18 5000.863274624635 1000 992.277814997609 310.16631062151293 43.422606957399424 100.48802838051432 
20000 20 5574.663398333815 1000 992.4314864791565 293.61362045056154 48.44693272050625 100.41190730233234 
22000 23 5921.524840910879 1000 989.0724788992392 183.99810262516405 52.47127917259884 100.49651600743333 
24000 25 6229.053042882039 1000 989.2899365691443 157.4278561530474 54.51755875078093 98.39832482375091 
26000 54 6610.943778795971 21 756.2389531362205 3.438649764066211 43.85903646317454 107.44046766426689 
28000 114 6994.396165210319 31 427.21493843277204 2.3059416507210706 26.3894075407083 100.88966739156247 
30000 119 7443.0117952475475 90 428.1702937182072 27.43288064291555 30.14828354291487 103.12854958765017 
32000 131 8025.8438983135575 79 397.4988704848067 11.719173367874465 31.852029734152776 101.35521014724308 
34000 171 8573.230828872098 43 283.54430969244294 19.226827211250207 26.425613832568676 104.35000931914723 
36000 174 9263.655864248973 140 287.53027315026765 59.233681678690516 29.825560441011103 98.44822548965611 
38000 182 9922.002018145207 377 286.97580939042365 113.94783250443146 34.749401374033134 101.23434196174712 
40000 184 10701.77763433182 1000 301.16499078355423 376.3038934899332 41.39300250566115 104.64073943662657 
42000 186 11528.973021691072 1000 315.0718074669615 434.2353674901867 48.847728249977315 104.38716554129964 
44000 188 12126.714548717171 1000 328.70187849836896 279.37887804011825 54.37651299277486 100.91008119241587 
46000 191 12779.47982508379 326 341.9001040050889 114.09251664269394 60.1371059084451 100.71994788363328 
48000 193 13359.96367204192 1000 354.99629193538766 270.4374606436974 64.97951783933478 102.97048886568213 
50000 195 14023.00164385572 1000 367.8318657258734 379.24007786021247 69.80914620824315 103.66883090466519 
52000 197 14785.20773434642 1000 380.41201159792854 356.82959446260384 76.13526542124998 103.47917297880629 
54000 199 15605.789703455252 1000 392.7418125671298 456.23859170267673 82.4005198580613 105.00925534026983 
56000 201 16316.035949506324 1000 404.8262504970439 407.01917575660616 88.1987307661319 105.28546405450331 
58000 204 16959.863841724757 118 413.6835060310312 81.99029090211407 92.40625114515422 103.81359292772626 
60000 206 17578.7866798198 1000 425.35120426101366 371.0876544663671 96.6872299210997 104.10617035364238 
62000 208 18307.94412952671 1000 436.7867152962195 389.67490229241383 102.15783698351503 105.3044436677833 
64000 210 19016.115062360248 1000 447.9946596618247 359.9314167275281 107.1122535327274 106.26286729160385 
66000 212 19830.801335370503 1000 458.97956593455433 431.9365603271043 113.19991138092593 104.73362153735094 
68000 214 20547.20281209694 1000 469.7458725724567 349.49629798616724 117.8422605739366 104.43321829835413 
70000 216 21346.086505817828 1000 480.2979297082648 404.6147593912809 123.48974053687569 104.65037358705665 
72000 218 21934.9105293011 1000 490.6400009070704 275.33350529210435 126.94379168800884 104.05805649721002 
74000 220 22779.483332423766 1000 500.77626488901967 425.5626366778701 132.79819171664445 104.01402049390873 
76000 222 23680.84066114171 1000 510.71081721772816 428.6100619854313 139.06137558856557 103.99774963616251 
78000 224 24423.631329217864 1000 520.4476719550953 356.69595437760444 143.70958608180553 105.11470649115557 
80000 226 25258.814949316646 1000 529.9907632831889 430.10977013738886 149.1651731740061 105.30379751715697 
82000 228 26187.264304898115 1000 539.3439470938534 453.8828599670755 155.35020057896193 104.32523574723396 
84000 230 27010.01175340187 1000 548.5110025466857 382.14595467904013 160.44625758974195 104.07529886039764 
86000 232 27865.54260556426 1000 557.4956335960068 411.3620753900743 165.82934343136193 104.45604182765234 
88000 234 28605.497618670714 1000 566.3014704874462 325.4289900316771 169.97131178161743 104.46355850137226 
90000 236 29361.739050471708 1000 574.932071224746 431.1685656443527 174.08112304935963 104.59339405060116 
92000 238 30137.762438413716 1000 583.3909230073735 381.95770729705083 178.33315631203843 104.16802244868252 
94000 240 30960.326798361457 1000 591.6814436395268 455.57971462662965 183.22725610592823 104.54459832756541 
96000 242 31757.768146844544 1000 599.8069829111002 381.46181610411105 187.32862401055695 106.24635995539492 
98000 244 32563.18672912424 1000 607.7708239511693 346.5157152668197 191.52762823800097 105.04727620037966 
100000 246 33410.159700628865 1000 615.576184554541 411.05774586699414 196.2721737746958 104.41335406277045 
102000 248 34207.863499777726 1000 623.2262184819057 392.90830849873896 200.06973289860616 105.77130419588191 
104000 250 35036.08523427409 1000 630.7240167341157 408.7545218288796 204.431294801548 105.46090527275612 
106000 252 35859.23180896097 1000 638.0726088011068 378.8846893147508 208.40136737519109 104.68798332193272 
108000 254 36697.58285972389 1000 645.2749638859647 366.94469466361664 212.72846122227466 103.72917729613327 
110000 256 37544.391710222706 1000 652.3339921046339 393.8042344120645 216.84064172392885 104.9204416859859 
112000 258 38372.25416107663 1000 659.2525456617517 480.53387599351555 220.86393016370417 105.56429024454128 
114000 260 39172.90016369144 1000 666.0334200030828 349.91991719994263 224.2744732616912 104.3543747848426 
116000 262 39796.07549449824 1000 672.6793549450214 313.0777817669833 226.07187196637852 105.1045227272151 
118000 264 40671.118764102 1000 679.1930357816154 439.1026178933248 230.46275508880606 105.05941708336996 
120000 266 41432.1396251539 1000 685.5770943695613 378.4680035078606 233.48799139105418 105.05536171421426 
122000 268 42183.47353982075 1000 691.8341101916071 361.4630001999863 236.19990270850985 104.39841739998299 
124000 270 42993.09171398325 1000 697.9666113987942 378.48863642442745 239.47924338102138 105.21244954622728 
126000 272 43839.13076254752 1000 703.9770758319581 424.1658508400312 243.14225806407592 105.2551034160357 
128000 274 44689.496398459545 1000 709.8679320229021 412.2591381926251 246.73666179988365 106.56356973205985 
130000 276 45505.969349872816 175 707.3915601756463 71.65046147978579 246.6434213906927 104.44656092146408 
132000 278 46278.48832226828 1000 713.214468128151 375.5606014708104 249.53218297096888 104.76145268281721 
134000 280 46954.43224281468 1000 718.9215002124008 327.5972604904189 251.7848505414438 104.99161488506557 
136000 282 47796.48784160144 1000 724.514962358174 426.0381691016827 254.34832871633927 105.36985826702447 
138000 284 48603.5458611565 1000 729.9971146072463 419.2283834696612 257.63124017698055 104.40315538792305 
140000 286 49486.12090388296 1000 735.370172026562 428.10886083201086 260.7777638010724 104.46022782130461 
142000 288 50100.24301952917 1000 740.6363056032335 283.80432133002364 262.89957072134314 104.65911425643401 
144000 290 50899.861762279616 1000 745.7976431217292 397.27735123832673 264.79373873705055 105.26238831793657 
146000 292 51778.89989077932 1000 750.8562700236067 459.18311242011737 268.133819091659 103.38921840582364 
148000 294 52611.99716226219 1000 755.8142302501369 395.3121474258095 270.9463203986494 104.39831790703072 
150000 296 53431.17672227426 1000 760.6735270681593 403.37745353040935 273.9119689318255 104.5728335875527 
152000 298 54165.37470792476 1000 765.4361238795029 313.9313503438344 275.6663310556943 104.76357336423958 
154000 300 54892.21240412405 1000 770.1039450143008 272.0175619669896 277.1001972040175 104.20955090222284 
156000 302 55561.64286684713 1000 774.6788765085162 352.7394039675578 279.6089800573739 105.37064355154297 
158000 304 56289.383421778024 1000 779.1627668659967 360.26073428135356 280.91513579542794 104.657737678404 
160000 306 57043.84563402889 1000 783.5574278053633 329.74934654899727 282.1990299879931 105.15389647142533 
162000 308 57824.0402574643 1000 787.8646349920366 395.74821961275717 284.7046526856178 104.0985325494141 
164000 310 58534.56742802918 1000 792.0861287556951 336.0083150708936 286.2102001107871 105.19088307411714 
166000 312 59177.43394491978 1000 796.2236147934568 348.63384363840527 287.6792922637439 104.93201563859739 
168000 314 59788.19155283095 1000 800.278764859067 269.3228304764912 287.4814227789578 104.81899361116758 
170000 316 60436.45642292467 1000 804.2532174383715 296.58922957545263 288.1066929556391 103.08992509475785 
172000 318 61080.73764176496 1000 808.1485784113479 355.1638992778869 289.42556926861647 103.94214841768026 
174000 320 61931.06694901101 1000 811.9664217009621 408.6109692844664 290.619262057626 104.42369966512305 
176000 322 62700.316118012226 1000 815.708289909113 443.28492751965683 293.7048656715282 104.58399211927508 
178000 324 63513.4253351114 1000 819.3756949399216 428.1691722189878 295.36548950370866 103.94681473833907 
180000 326 64202.906230513916 1000 822.9701186106171 387.02313303346574 297.11432706936347 104.19877906080592 
182000 328 65118.576828316945 1000 826.4930132502658 488.54528677011143 299.0851415391639 104.58922841147898 
184000 330 65760.79116972967 1000 829.9458022865855 316.06890312712477 300.55876885353075 105.32309900492838 
186000 332 66523.57739827022 1000 833.3298808210824 444.6991220400634 302.2236843243978 103.66463454764124 
188000 334 67195.61864067175 1000 836.6466161927427 317.49135361142527 302.4618005685941 104.62483267667439 
190000 336 67822.93991170292 1000 839.8973485305072 310.1934880761215 303.11460500461527 104.57395747820449 
192000 338 68514.89152521401 1000 843.0833912947501 286.9191616849185 303.06361277376135 104.62273194005407 
194000 340 69072.83438143905 1000 846.2060318079846 271.7450341095405 303.80766546970887 104.33680330830067 
196000 342 69678.6659596615 1000 849.2665317750057 292.0822164019992 303.47402462658476 104.45153395566595 
198000 344 70438.42900959184 1000 852.266127792683 468.17303790302003 305.21347270739096 103.75106781034215 
200000 346 71077.42581156401 1000 855.2060318496086 312.2691243905215 305.1810342052777 103.91272758771652 
202000 348 71778.35476600287 1000 858.0874318158014 339.6308706216167 305.80651178068695 105.0817630310313 
204000 350 72519.15184816312 1000 860.911491922667 337.8658277164341 306.63330193434155 104.73801987336313 
206000 352 73215.6352231181 1000 863.6793532334059 354.72170529106654 308.03810331784683 104.40676697789226 
208000 354 73895.128013682 1000 866.392134104061 342.5856216269766 308.76855546558096 105.12892213523554 
210000 356 74593.5785729456 1000 869.0509306353903 354.41004226386724 309.4870692216667 103.62248323125279 
212000 358 75358.62729253995 1000 871.656817115746 337.8413153483286 310.0947385632738 105.26039668506859 
214000 360 76056.9552027098 1000 874.2108464551426 316.2330369137649 311.40571277076447 105.15701028877695 
216000 362 76850.41973399448 1000 876.7140506106853 395.1961362779575 313.08259225137016 104.36026774763455 
218000 364 77479.10785109227 1000 879.1674410035325 321.69203612351396 313.7787745153147 104.36948425487265 
220000 366 78248.5313270188 1000 881.5720089275623 414.54227731526174 314.7624962426234 104.41394105289008 
222000 368 79032.25453526362 1000 883.9287259499038 349.75697128429596 315.50847375685106 105.32062559851391 
224000 370 79859.78814960166 1000 886.2385443035006 386.45892468924006 317.3830373523812 105.25462533582336 
226000 372 80586.53153846669 1000 888.5023972718609 384.88660759722677 319.3305409033786 104.49506908273148 
228000 374 81371.3705907286 1000 890.7211995661509 391.9278720756353 320.20400985312267 104.63527547409448 
230000 376 82219.50420026107 1000 892.8958476947844 391.272142571804 321.70592377046376 103.69278542509959 
232000 378 83068.94176370809 1000 895.0272203256582 439.140828844192 324.21139903437165 104.52027740962171 
234000 380 83881.12757452427 1000 897.1161786411775 394.83703991732756 325.7280389323821 103.5085446072896 
236000 382 84524.04582977202 1000 899.163566686218 322.8317457272264 326.61536254509804 104.60672369885336 
238000 384 85168.33264227517 1000 901.1702117091622 296.4897341968259 326.1778341269388 105.46066746248746 
240000 386 85863.30895686649 1000 903.1369244961498 325.4449223248244 326.50892720200994 105.45426857823934 
242000 388 86505.56629009428 1000 905.0644996986764 342.9936422660294 327.0072230649471 104.06989094140756 
