iterations                = 1000
game_id                   = 1
score                     = 526.4951054397447
game_iterations           = 1000
game_iterations_smooth    = 1000.0
game_score                = 526.4951054397447
game_score_smooth         = 5.264951054397447
fps_smooth                = 46.52329570460053



iterations                = 2000
game_id                   = 2
score                     = 1019.2714160195484
game_iterations           = 1000
game_iterations_smooth    = 1000.0
game_score                = 492.7763105798045
game_score_smooth         = 10.140064649651517
fps_smooth                = 46.439326780295694



iterations                = 3000
game_id                   = 3
score                     = 1514.7290127590868
game_iterations           = 1000
game_iterations_smooth    = 1000.0
game_score                = 495.45759673954086
game_score_smooth         = 14.99323997055041
fps_smooth                = 46.4906291731202



iterations                = 4000
game_id                   = 4
score                     = 2037.9068510479792
game_iterations           = 1000
game_iterations_smooth    = 1000.0
game_score                = 523.1778382888904
game_score_smooth         = 20.07508595373381
fps_smooth                = 46.36587871166256



iterations                = 5000
game_id                   = 5
score                     = 2519.38179462203
game_iterations           = 1000
game_iterations_smooth    = 1000.0
game_score                = 481.4749435740494
game_score_smooth         = 24.68908452993697
fps_smooth                = 46.16783572468781



iterations                = 6000
game_id                   = 6
score                     = 3029.8840665603566
game_iterations           = 1000
game_iterations_smooth    = 1000.0
game_score                = 510.5022719383293
game_score_smooth         = 29.547216404020894
fps_smooth                = 46.70159987101158



iterations                = 6349
game_id                   = 7
score                     = 3207.1613918861117
game_iterations           = 349
game_iterations_smooth    = 993.49
game_score                = 177.27732532575038
game_score_smooth         = 31.02451749323819
fps_smooth                = 46.48973274370977



iterations                = 6822
game_id                   = 8
score                     = 3453.7656987350074
game_iterations           = 473
game_iterations_smooth    = 988.2851
game_score                = 246.60430684889445
game_score_smooth         = 33.18031538679475
fps_smooth                = 46.45175810460289



iterations                = 6957
game_id                   = 9
score                     = 3525.279631367005
game_iterations           = 135
game_iterations_smooth    = 979.7522490000001
game_score                = 71.5139326319957
game_score_smooth         = 33.563651559246765
fps_smooth                = 46.38092257996198



iterations                = 7191
game_id                   = 10
score                     = 3635.5063952765026
game_iterations           = 234
game_iterations_smooth    = 972.2947265100001
game_score                = 110.22676390949641
game_score_smooth         = 34.33028268274926
fps_smooth                = 46.44044277568349



iterations                = 7317
game_id                   = 11
score                     = 3684.741393419113
game_iterations           = 126
game_iterations_smooth    = 963.8317792449001
game_score                = 49.23499814261304
game_score_smooth         = 34.4793298373479
fps_smooth                = 46.33511082102366



iterations                = 8317
game_id                   = 12
score                     = 4200.181675429615
game_iterations           = 1000
game_iterations_smooth    = 964.1934614524511
game_score                = 515.4402820105034
game_score_smooth         = 39.28893935907945
fps_smooth                = 46.74375138822264



iterations                = 9317
game_id                   = 13
score                     = 4716.303437184662
game_iterations           = 1000
game_iterations_smooth    = 964.5515268379265
game_score                = 516.121761755036
game_score_smooth         = 44.05726758303902
fps_smooth                = 46.72845724889452



iterations                = 9794
game_id                   = 14
score                     = 4959.130965783633
game_iterations           = 477
game_iterations_smooth    = 959.6760115695472
game_score                = 242.827528598973
game_score_smooth         = 46.04497019319836
fps_smooth                = 46.65177663908196



iterations                = 10794
game_id                   = 15
score                     = 5460.698007595105
game_iterations           = 1000
game_iterations_smooth    = 960.0792514538517
game_score                = 501.56704181146375
game_score_smooth         = 50.60019090938101
fps_smooth                = 46.56473965866711



iterations                = 11794
game_id                   = 16
score                     = 5959.1969831782735
game_iterations           = 1000
game_iterations_smooth    = 960.4784589393132
game_score                = 498.4989755831601
game_score_smooth         = 55.0791787561188
fps_smooth                = 46.435545458233335



iterations                = 12794
game_id                   = 17
score                     = 6452.805190527534
game_iterations           = 1000
game_iterations_smooth    = 960.8736743499201
game_score                = 493.6082073492616
game_score_smooth         = 59.464469042050226
fps_smooth                = 46.81356461209612



iterations                = 12819
game_id                   = 18
score                     = 6459.782662940033
game_iterations           = 25
game_iterations_smooth    = 951.5149376064209
game_score                = 6.9774724124989005
game_score_smooth         = 58.939599075754714
fps_smooth                = 46.50773149767347



iterations                = 12897
game_id                   = 19
score                     = 6495.177113941107
game_iterations           = 78
game_iterations_smooth    = 942.7797882303566
game_score                = 35.394451001074046
game_score_smooth         = 58.70414759500791
fps_smooth                = 46.717717425434195



iterations                = 12933
game_id                   = 20
score                     = 6512.546445658898
game_iterations           = 36
game_iterations_smooth    = 933.7119903480531
game_score                = 17.369331717789464
game_score_smooth         = 58.29079943623572
fps_smooth                = 46.256092288782284



iterations                = 13933
game_id                   = 21
score                     = 7005.364805906925
game_iterations           = 1000
game_iterations_smooth    = 934.3748704445725
game_score                = 492.818360248016
game_score_smooth         = 62.636075044353525
fps_smooth                = 46.576153022437076



iterations                = 14933
game_id                   = 22
score                     = 7546.040537819621
game_iterations           = 1000
game_iterations_smooth    = 935.0311217401268
game_score                = 540.6757319127026
game_score_smooth         = 67.41647161303702
fps_smooth                = 46.59981661936456



iterations                = 14954
game_id                   = 23
score                     = 7555.2798703637445
game_iterations           = 21
game_iterations_smooth    = 925.8908105227255
game_score                = 9.239332544122588
game_score_smooth         = 66.83470022234786
fps_smooth                = 46.63737335993097



iterations                = 15267
game_id                   = 24
score                     = 7707.900717575881
game_iterations           = 313
game_iterations_smooth    = 919.7619024174982
game_score                = 152.62084721214052
game_score_smooth         = 67.69256169224579
fps_smooth                = 46.43976515873812



iterations                = 16267
game_id                   = 25
score                     = 8179.455712198096
game_iterations           = 1000
game_iterations_smooth    = 920.5642833933232
game_score                = 471.55499462220916
game_score_smooth         = 71.73118602154543
fps_smooth                = 46.26895783703624



iterations                = 17267
game_id                   = 26
score                     = 8734.873827001735
game_iterations           = 1000
game_iterations_smooth    = 921.35864055939
game_score                = 555.4181148036229
game_score_smooth         = 76.5680553093662
fps_smooth                = 46.62096082499141



iterations                = 17288
game_id                   = 27
score                     = 8742.247154326431
game_iterations           = 21
game_iterations_smooth    = 912.3550541537961
game_score                = 7.373327324696582
game_score_smooth         = 75.87610802951951
fps_smooth                = 46.23860755881981



iterations                = 17761
game_id                   = 28
score                     = 8972.88141223537
game_iterations           = 473
game_iterations_smooth    = 907.9615036122582
game_score                = 230.63425790892498
game_score_smooth         = 77.42368952831356
fps_smooth                = 46.63046578583886



iterations                = 17915
game_id                   = 29
score                     = 9053.343042030772
game_iterations           = 154
game_iterations_smooth    = 900.4218885761355
game_score                = 80.4616297954111
game_score_smooth         = 77.45406893098453
fps_smooth                = 46.63438467256926



iterations                = 17936
game_id                   = 30
score                     = 9061.639015154864
game_iterations           = 21
game_iterations_smooth    = 891.6276696903742
game_score                = 8.295973124093143
game_score_smooth         = 76.76248797291562
fps_smooth                = 46.27102572524403



iterations                = 18143
game_id                   = 31
score                     = 9164.71889283382
game_iterations           = 207
game_iterations_smooth    = 884.7813929934705
game_score                = 103.07987767895972
game_score_smooth         = 77.02566186997606
fps_smooth                = 46.530148459613194



iterations                = 18466
game_id                   = 32
score                     = 9328.49182883818
game_iterations           = 323
game_iterations_smooth    = 879.1635790635358
game_score                = 163.77293600435078
game_score_smooth         = 77.89313461131981
fps_smooth                = 45.81725445851982



iterations                = 18922
game_id                   = 33
score                     = 9598.032839320224
game_iterations           = 456
game_iterations_smooth    = 874.9319432729004
game_score                = 269.54101048203734
game_score_smooth         = 79.80961337002698
fps_smooth                = 46.70001503074348



iterations                = 19057
game_id                   = 34
score                     = 9668.296380897496
game_iterations           = 135
game_iterations_smooth    = 867.5326238401714
game_score                = 70.263541577282
game_score_smooth         = 79.71415265209953
fps_smooth                = 46.804203566260476



iterations                = 19079
game_id                   = 35
score                     = 9677.138731386867
game_iterations           = 22
game_iterations_smooth    = 859.0772976017697
game_score                = 8.842350489371166
game_score_smooth         = 79.00543463047224
fps_smooth                = 46.42296022008805



iterations                = 19252
game_id                   = 36
score                     = 9769.0088568943
game_iterations           = 173
game_iterations_smooth    = 852.2165246257521
game_score                = 91.87012550742514
game_score_smooth         = 79.13408153924176
fps_smooth                = 46.57842229952867



iterations                = 19684
game_id                   = 37
score                     = 9991.059016999292
game_iterations           = 432
game_iterations_smooth    = 848.0143593794946
game_score                = 222.05016010498358
game_score_smooth         = 80.56324232489918
fps_smooth                = 46.62878325822118



iterations                = 19960
game_id                   = 38
score                     = 10100.483980162979
game_iterations           = 276
game_iterations_smooth    = 842.2942157856996
game_score                = 109.42496316369215
game_score_smooth         = 80.85185953328711
fps_smooth                = 46.72718377793212



iterations                = 20538
game_id                   = 39
score                     = 10392.432615349684
game_iterations           = 578
game_iterations_smooth    = 839.6512736278426
game_score                = 291.948635186687
game_score_smooth         = 82.9628272898211
fps_smooth                = 46.41716269534808



iterations                = 20643
game_id                   = 40
score                     = 10444.883180661072
game_iterations           = 105
game_iterations_smooth    = 832.3047608915641
game_score                = 52.450565311388345
game_score_smooth         = 82.65770467003678
fps_smooth                = 46.3470334064504



iterations                = 20663
game_id                   = 41
score                     = 10452.668286867665
game_iterations           = 20
game_iterations_smooth    = 824.1817132826485
game_score                = 7.785106206590717
game_score_smooth         = 81.90897868540232
fps_smooth                = 46.504040562757396



iterations                = 20683
game_id                   = 42
score                     = 10460.535309808754
game_iterations           = 20
game_iterations_smooth    = 816.1398961498221
game_score                = 7.867022941086907
game_score_smooth         = 81.16855912795917
fps_smooth                = 46.58664795181643



iterations                = 20805
game_id                   = 43
score                     = 10519.599345003611
game_iterations           = 122
game_iterations_smooth    = 809.1984971883239
game_score                = 59.06403519485031
game_score_smooth         = 80.94751388862808
fps_smooth                = 46.55723097045767



iterations                = 20825
game_id                   = 44
score                     = 10528.012585610746
game_iterations           = 20
game_iterations_smooth    = 801.3065122164408
game_score                = 8.413240607133774
game_score_smooth         = 80.22217115581313
fps_smooth                = 46.70037948149224



iterations                = 20846
game_id                   = 45
score                     = 10536.062666892145
game_iterations           = 21
game_iterations_smooth    = 793.5034470942763
game_score                = 8.050081281397434
game_score_smooth         = 79.50045025706898
fps_smooth                = 46.815662185874466



iterations                = 21185
game_id                   = 46
score                     = 10703.130151538951
game_iterations           = 339
game_iterations_smooth    = 788.9584126233335
game_score                = 167.06748464680564
game_score_smooth         = 80.37612060096635
fps_smooth                = 46.51653117301729



iterations                = 21435
game_id                   = 47
score                     = 10826.34184007215
game_iterations           = 250
game_iterations_smooth    = 783.5688284971002
game_score                = 123.21168853320853
game_score_smooth         = 80.80447628028877
fps_smooth                = 46.46468371778726



iterations                = 21456
game_id                   = 48
score                     = 10834.732749935303
game_iterations           = 21
game_iterations_smooth    = 775.9431402121293
game_score                = 8.39090986315132
game_score_smooth         = 80.08034061611738
fps_smooth                = 46.52748612859588



iterations                = 21476
game_id                   = 49
score                     = 10842.502946914463
game_iterations           = 20
game_iterations_smooth    = 768.383708810008
game_score                = 7.770196979156754
game_score_smooth         = 79.35723917974776
fps_smooth                = 46.56947199491962



iterations                = 21674
game_id                   = 50
score                     = 10941.831893097813
game_iterations           = 198
game_iterations_smooth    = 762.679871721908
game_score                = 99.32894618334392
game_score_smooth         = 79.55695624978372
fps_smooth                = 46.391243763454106



iterations                = 21694
game_id                   = 51
score                     = 10950.697815019932
game_iterations           = 20
game_iterations_smooth    = 755.2530730046889
game_score                = 8.865921922112465
game_score_smooth         = 78.85004590650702
fps_smooth                = 46.50605249101308



iterations                = 21714
game_id                   = 52
score                     = 10958.78170749592
game_iterations           = 20
game_iterations_smooth    = 747.900542274642
game_score                = 8.08389247598825
game_score_smooth         = 78.14238437220183
fps_smooth                = 46.591436608047246



iterations                = 21734
game_id                   = 53
score                     = 10967.459964234391
game_iterations           = 20
game_iterations_smooth    = 740.6215368518956
game_score                = 8.678256738471097
game_score_smooth         = 77.44774309586452
fps_smooth                = 46.64639491819229



iterations                = 21816
game_id                   = 54
score                     = 11007.440610371716
game_iterations           = 82
game_iterations_smooth    = 734.0353214833767
game_score                = 39.98064613732422
game_score_smooth         = 77.07307212627913
fps_smooth                = 46.55971361073297



iterations                = 21836
game_id                   = 55
score                     = 11015.84696585974
game_iterations           = 20
game_iterations_smooth    = 726.894968268543
game_score                = 8.406355488022381
game_score_smooth         = 76.38640495989655
fps_smooth                = 46.655339882640206



iterations                = 22390
game_id                   = 56
score                     = 11321.690071922687
game_iterations           = 554
game_iterations_smooth    = 725.1660185858576
game_score                = 305.8431060629596
game_score_smooth         = 78.68097197092719
fps_smooth                = 46.58441825036455



iterations                = 22411
game_id                   = 57
score                     = 11330.593808418953
game_iterations           = 21
game_iterations_smooth    = 718.1243583999991
game_score                = 8.903736496267083
game_score_smooth         = 77.98319961618058
fps_smooth                = 46.23598457796853



iterations                = 22446
game_id                   = 58
score                     = 11351.0742640869
game_iterations           = 35
game_iterations_smooth    = 711.2931148159992
game_score                = 20.480455667944625
game_score_smooth         = 77.40817217669823
fps_smooth                = 46.43315084847357



iterations                = 23446
game_id                   = 59
score                     = 11867.52113670803
game_iterations           = 1000
game_iterations_smooth    = 714.1801836678392
game_score                = 516.4468726210936
game_score_smooth         = 81.79855918114218
fps_smooth                = 46.20866650259482



iterations                = 23623
game_id                   = 60
score                     = 11963.163341053994
game_iterations           = 177
game_iterations_smooth    = 708.8083818311608
game_score                = 95.64220434596504
game_score_smooth         = 81.93699563279041
fps_smooth                = 46.60713347524535



iterations                = 23643
game_id                   = 61
score                     = 11972.625376239273
game_iterations           = 20
game_iterations_smooth    = 701.9202980128492
game_score                = 9.462035185276179
game_score_smooth         = 81.21224602831528
fps_smooth                = 46.69781094209344



iterations                = 23663
game_id                   = 62
score                     = 11981.390773619893
game_iterations           = 20
game_iterations_smooth    = 695.1010950327208
game_score                = 8.76539738061838
game_score_smooth         = 80.48777754183831
fps_smooth                = 46.76724847732904



iterations                = 23685
game_id                   = 63
score                     = 11991.409592910242
game_iterations           = 22
game_iterations_smooth    = 688.3700840823935
game_score                = 10.018819290347162
game_score_smooth         = 79.7830879593234
fps_smooth                = 46.42452977252543



iterations                = 23705
game_id                   = 64
score                     = 11999.947330469095
game_iterations           = 20
game_iterations_smooth    = 681.6863832415696
game_score                = 8.537737558851951
game_score_smooth         = 79.07063445531868
fps_smooth                = 46.587921884073616



iterations                = 23725
game_id                   = 65
score                     = 12008.970228095908
game_iterations           = 20
game_iterations_smooth    = 675.0695194091539
game_score                = 9.022897626813208
game_score_smooth         = 78.37015708703363
fps_smooth                = 46.71298839231635



iterations                = 23783
game_id                   = 66
score                     = 12040.89423845891
game_iterations           = 58
game_iterations_smooth    = 668.8988242150624
game_score                = 31.924010363002893
game_score_smooth         = 77.90569561979332
fps_smooth                = 46.827866014022554



iterations                = 23803
game_id                   = 67
score                     = 12049.599337143176
game_iterations           = 20
game_iterations_smooth    = 662.4098359729118
game_score                = 8.70509868426452
game_score_smooth         = 77.21368965043803
fps_smooth                = 46.86324488790376



iterations                = 23823
game_id                   = 68
score                     = 12058.933303414618
game_iterations           = 20
game_iterations_smooth    = 655.9857376131827
game_score                = 9.333966271439566
game_score_smooth         = 76.53489241664805
fps_smooth                = 46.46056945083436



iterations                = 23843
game_id                   = 69
score                     = 12068.188362892915
game_iterations           = 20
game_iterations_smooth    = 649.6258802370509
game_score                = 9.255059478299518
game_score_smooth         = 75.86209408726457
fps_smooth                = 46.60552160818916



iterations                = 23863
game_id                   = 70
score                     = 12077.480197352334
game_iterations           = 20
game_iterations_smooth    = 643.3296214346803
game_score                = 9.291834459415984
game_score_smooth         = 75.19639149098607
fps_smooth                = 46.739228321381134



iterations                = 24013
game_id                   = 71
score                     = 12155.961838915351
game_iterations           = 150
game_iterations_smooth    = 638.3963252203336
game_score                = 78.48164156301353
game_score_smooth         = 75.22924399170634
fps_smooth                = 46.636674433829576



iterations                = 24033
game_id                   = 72
score                     = 12165.242012707558
game_iterations           = 20
game_iterations_smooth    = 632.2123619681303
game_score                = 9.280173792209826
game_score_smooth         = 74.56975328971137
fps_smooth                = 46.71731567126045



iterations                = 24119
game_id                   = 73
score                     = 12208.411423549069
game_iterations           = 86
game_iterations_smooth    = 626.750238348449
game_score                = 43.16941084151039
game_score_smooth         = 74.25574986522936
fps_smooth                = 46.6779421612047



iterations                = 24139
game_id                   = 74
score                     = 12217.587741297291
game_iterations           = 20
game_iterations_smooth    = 620.6827359649645
game_score                = 9.176317748222207
game_score_smooth         = 73.6049555440593
fps_smooth                = 46.7063046884804



iterations                = 24408
game_id                   = 75
score                     = 12347.9796221735
game_iterations           = 269
game_iterations_smooth    = 617.1659086053149
game_score                = 130.39188087620136
game_score_smooth         = 74.17282479738073
fps_smooth                = 46.75893987252152



iterations                = 24666
game_id                   = 76
score                     = 12463.047587800564
game_iterations           = 258
game_iterations_smooth    = 613.5742495192618
game_score                = 115.06796562708048
game_score_smooth         = 74.58177620567773
fps_smooth                = 46.77749811020919



iterations                = 24686
game_id                   = 77
score                     = 12471.516727856451
game_iterations           = 20
game_iterations_smooth    = 607.6385070240692
game_score                = 8.46914005588769
game_score_smooth         = 73.92064984417983
fps_smooth                = 46.78268995970931



iterations                = 24706
game_id                   = 78
score                     = 12480.462023963919
game_iterations           = 20
game_iterations_smooth    = 601.7621219538286
game_score                = 8.945296107469767
game_score_smooth         = 73.27089630681273
fps_smooth                = 46.31808291927892



iterations                = 24726
game_id                   = 79
score                     = 12489.933918058263
game_iterations           = 20
game_iterations_smooth    = 595.9445007342903
game_score                = 9.471894094346501
game_score_smooth         = 72.63290628468806
fps_smooth                = 46.49835606582517



iterations                = 24746
game_id                   = 80
score                     = 12498.982249066887
game_iterations           = 20
game_iterations_smooth    = 590.1850557269474
game_score                = 9.048331008621608
game_score_smooth         = 71.99706053192739
fps_smooth                = 46.621779999688236



iterations                = 25113
game_id                   = 81
score                     = 12710.45681027856
game_iterations           = 367
game_iterations_smooth    = 587.953205169678
game_score                = 211.47456121165303
game_score_smooth         = 73.39183553872465
fps_smooth                = 46.59987073971054



iterations                = 25133
game_id                   = 82
score                     = 12719.693159560866
game_iterations           = 20
game_iterations_smooth    = 582.2736731179813
game_score                = 9.236349282307492
game_score_smooth         = 72.75028067616047
fps_smooth                = 46.70410873591432



iterations                = 25154
game_id                   = 83
score                     = 12729.639368550948
game_iterations           = 21
game_iterations_smooth    = 576.6609363868015
game_score                = 9.946208990081503
game_score_smooth         = 72.12223995929968
fps_smooth                = 46.76599589162202



iterations                = 25175
game_id                   = 84
score                     = 12739.73718697179
game_iterations           = 21
game_iterations_smooth    = 571.1043270229335
game_score                = 10.097818420844852
game_score_smooth         = 71.50199574391512
fps_smooth                = 46.8115979587261



iterations                = 25196
game_id                   = 85
score                     = 12749.932780566996
game_iterations           = 21
game_iterations_smooth    = 565.6032837527042
game_score                = 10.195593595209358
game_score_smooth         = 70.88893172242805
fps_smooth                = 46.84312373921352



iterations                = 25216
game_id                   = 86
score                     = 12758.944443384858
game_iterations           = 20
game_iterations_smooth    = 560.1472509151772
game_score                = 9.01166281785554
game_score_smooth         = 70.27015903338233
fps_smooth                = 46.844526120269094



iterations                = 26216
game_id                   = 87
score                     = 13265.400203084057
game_iterations           = 1000
game_iterations_smooth    = 564.5457784060254
game_score                = 506.45575969923857
game_score_smooth         = 74.63201504004088
fps_smooth                = 46.44668417196448



iterations                = 27216
game_id                   = 88
score                     = 13771.44359243413
game_iterations           = 1000
game_iterations_smooth    = 568.9003206219652
game_score                = 506.04338935006325
game_score_smooth         = 78.9461287831411
fps_smooth                = 46.43845156306524



iterations                = 27236
game_id                   = 89
score                     = 13779.990543047681
game_iterations           = 20
game_iterations_smooth    = 563.4113174157455
game_score                = 8.54695061355451
game_score_smooth         = 78.24213700144523
fps_smooth                = 46.53428559824357



iterations                = 27258
game_id                   = 90
score                     = 13790.03180451208
game_iterations           = 22
game_iterations_smooth    = 557.9972042415881
game_score                = 10.041261464398122
game_score_smooth         = 77.56012824607477
fps_smooth                = 46.609145739295656



iterations                = 27394
game_id                   = 91
score                     = 13879.276272713365
game_iterations           = 136
game_iterations_smooth    = 553.7772321991722
game_score                = 89.24446820129377
game_score_smooth         = 77.67697164562695
fps_smooth                = 46.13271953207867



iterations                = 27414
game_id                   = 92
score                     = 13888.397232965697
game_iterations           = 20
game_iterations_smooth    = 548.4394598771805
game_score                = 9.120960252328949
game_score_smooth         = 76.99141153169397
fps_smooth                = 46.27709074277187



iterations                = 27434
game_id                   = 93
score                     = 13897.224996596646
game_iterations           = 20
game_iterations_smooth    = 543.1550652784088
game_score                = 8.827763630948903
game_score_smooth         = 76.30977505268652
fps_smooth                = 46.443982539797



iterations                = 27456
game_id                   = 94
score                     = 13907.725925407087
game_iterations           = 22
game_iterations_smooth    = 537.9435146256247
game_score                = 10.500928810445476
game_score_smooth         = 75.6516865902641
fps_smooth                = 46.54782621873149



iterations                = 27553
game_id                   = 95
score                     = 13970.069620967017
game_iterations           = 97
game_iterations_smooth    = 533.5340794793685
game_score                = 62.34369555992455
game_score_smooth         = 75.51860667996071
fps_smooth                = 46.384314045806654



iterations                = 27573
game_id                   = 96
score                     = 13978.70385453489
game_iterations           = 20
game_iterations_smooth    = 528.3987386845749
game_score                = 8.634233567872432
game_score_smooth         = 74.84976294883982
fps_smooth                = 46.476287222600156



iterations                = 28170
game_id                   = 97
score                     = 14297.64120231648
game_iterations           = 597
game_iterations_smooth    = 529.0847512977292
game_score                = 318.93734778156426
game_score_smooth         = 77.29063879716708
fps_smooth                = 46.34279442640579



iterations                = 28229
game_id                   = 98
score                     = 14334.875892265167
game_iterations           = 59
game_iterations_smooth    = 524.383903784752
game_score                = 37.23468994868308
game_score_smooth         = 76.89007930868223
fps_smooth                = 46.774779570894374



iterations                = 28250
game_id                   = 99
score                     = 14345.0776650077
game_iterations           = 21
game_iterations_smooth    = 519.3500647469044
game_score                = 10.201772742532192
game_score_smooth         = 76.22319624302072
fps_smooth                = 46.86506252962166



iterations                = 28277
game_id                   = 100
score                     = 14360.43256868912
game_iterations           = 27
game_iterations_smooth    = 514.4265640994354
game_score                = 15.354903681420545
game_score_smooth         = 75.61451331740473
fps_smooth                = 46.945702544024655



iterations                = 28313
game_id                   = 101
score                     = 14383.442973223533
game_iterations           = 36
game_iterations_smooth    = 509.642298458441
game_score                = 23.010404534415283
game_score_smooth         = 75.08847222957483
fps_smooth                = 46.68782768116801



iterations                = 28334
game_id                   = 102
score                     = 14393.899377320275
game_iterations           = 21
game_iterations_smooth    = 504.7558754738566
game_score                = 10.456404096739425
game_score_smooth         = 74.44215154824647
fps_smooth                = 46.769423120859585



iterations                = 28355
game_id                   = 103
score                     = 14405.069970682966
game_iterations           = 21
game_iterations_smooth    = 499.91831671911797
game_score                = 11.170593362690123
game_score_smooth         = 73.80943596639091
fps_smooth                = 46.79053415379088



iterations                = 28375
game_id                   = 104
score                     = 14414.328571389846
game_iterations           = 20
game_iterations_smooth    = 495.1191335519268
game_score                = 9.258600706879221
game_score_smooth         = 73.16392761379579
fps_smooth                = 46.8212883177791



iterations                = 28397
game_id                   = 105
score                     = 14424.519327081545
game_iterations           = 22
game_iterations_smooth    = 490.3879422164075
game_score                = 10.19075569169945
game_score_smooth         = 72.53419589457484
fps_smooth                = 46.80600541007348



iterations                = 28615
game_id                   = 106
score                     = 14541.482487385098
game_iterations           = 218
game_iterations_smooth    = 487.6640627942434
game_score                = 116.96316030355815
game_score_smooth         = 72.97848553866467
fps_smooth                = 46.83583194779246



iterations                = 28636
game_id                   = 107
score                     = 14551.750675348794
game_iterations           = 21
game_iterations_smooth    = 482.99742216630096
game_score                = 10.268187963697713
game_score_smooth         = 72.35138256291499
fps_smooth                = 46.92876724725189



iterations                = 29143
game_id                   = 108
score                     = 14811.889640914436
game_iterations           = 507
game_iterations_smooth    = 483.23744794463795
game_score                = 260.1389655656354
game_score_smooth         = 74.22925839294219
fps_smooth                = 46.73769603074225



iterations                = 29180
game_id                   = 109
score                     = 14837.394877129265
game_iterations           = 37
game_iterations_smooth    = 478.77507346519155
game_score                = 25.505236214834447
game_score_smooth         = 73.7420181711611
fps_smooth                = 46.833730881670874



iterations                = 29200
game_id                   = 110
score                     = 14846.291142478265
game_iterations           = 20
game_iterations_smooth    = 474.1873227305396
game_score                = 8.896265349004533
game_score_smooth         = 73.09356064293954
fps_smooth                = 46.47082785325577



iterations                = 29281
game_id                   = 111
score                     = 14886.082222758661
game_iterations           = 81
game_iterations_smooth    = 470.2554495032342
game_score                = 39.79108028039627
game_score_smooth         = 72.7605358393141
fps_smooth                = 46.68569270101799



iterations                = 29425
game_id                   = 112
score                     = 14957.503357352742
game_iterations           = 144
game_iterations_smooth    = 466.99289500820186
game_score                = 71.42113459408286
game_score_smooth         = 72.74714182686178
fps_smooth                = 46.696755302062634



iterations                = 29500
game_id                   = 113
score                     = 14991.121887034045
game_iterations           = 75
game_iterations_smooth    = 463.07296605811985
game_score                = 33.61852968129968
game_score_smooth         = 72.35585570540616
fps_smooth                = 46.42260110399544



iterations                = 30500
game_id                   = 114
score                     = 15494.1231460587
game_iterations           = 1000
game_iterations_smooth    = 468.44223639753864
game_score                = 503.0012590246698
game_score_smooth         = 76.6623097385988
fps_smooth                = 46.411470480507155



iterations                = 30565
game_id                   = 115
score                     = 15543.087385249602
game_iterations           = 65
game_iterations_smooth    = 464.4078140335632
game_score                = 48.964239190903015
game_score_smooth         = 76.38532903312183
fps_smooth                = 46.6257085574323



iterations                = 30585
game_id                   = 116
score                     = 15552.917671844632
game_iterations           = 20
game_iterations_smooth    = 459.9637358932276
game_score                = 9.830286595028882
game_score_smooth         = 75.71977860874091
fps_smooth                = 46.66179980415539



iterations                = 30605
game_id                   = 117
score                     = 15562.356234635721
game_iterations           = 20
game_iterations_smooth    = 455.5640985342953
game_score                = 9.438562791088769
game_score_smooth         = 75.05696645056439
fps_smooth                = 46.28562287018395



iterations                = 30625
game_id                   = 118
score                     = 15572.16651579152
game_iterations           = 20
game_iterations_smooth    = 451.2084575489523
game_score                = 9.81028115580266
game_score_smooth         = 74.40449959761676
fps_smooth                = 46.441871241485664



iterations                = 30654
game_id                   = 119
score                     = 15587.945982600006
game_iterations           = 29
game_iterations_smooth    = 446.9863729734628
game_score                = 15.779466808482539
game_score_smooth         = 73.81824926972541
fps_smooth                = 46.59308143207103



iterations                = 30713
game_id                   = 120
score                     = 15621.368773201324
game_iterations           = 59
game_iterations_smooth    = 443.1065092437281
game_score                = 33.42279060132131
game_score_smooth         = 73.41429468304138
fps_smooth                = 46.658675115432416



iterations                = 30786
game_id                   = 121
score                     = 15660.076834971003
game_iterations           = 73
game_iterations_smooth    = 439.40544415129085
game_score                = 38.708061769681805
game_score_smooth         = 73.06723235390778
fps_smooth                = 46.47494875188499



iterations                = 30889
game_id                   = 122
score                     = 15721.248792168555
game_iterations           = 103
game_iterations_smooth    = 436.0413897097779
game_score                = 61.17195719755255
game_score_smooth         = 72.94827960234423
fps_smooth                = 46.47696258214585



iterations                = 30910
game_id                   = 123
score                     = 15731.386045222092
game_iterations           = 21
game_iterations_smooth    = 431.8909758126801
game_score                = 10.137253053531458
game_score_smooth         = 72.3201693368561
fps_smooth                = 46.6189752946375



iterations                = 30995
game_id                   = 124
score                     = 15780.293301489464
game_iterations           = 85
game_iterations_smooth    = 428.42206605455334
game_score                = 48.907256267371096
game_score_smooth         = 72.08604020616124
fps_smooth                = 46.32041832564896



iterations                = 31995
game_id                   = 125
score                     = 16263.491700336153
game_iterations           = 1000
game_iterations_smooth    = 434.1378453940078
game_score                = 483.1983988466905
game_score_smooth         = 76.19716379256653
fps_smooth                = 46.723084259270614



iterations                = 32051
game_id                   = 126
score                     = 16296.901886338163
game_iterations           = 56
game_iterations_smooth    = 430.3564669400677
game_score                = 33.41018600200477
game_score_smooth         = 75.7692940146609
fps_smooth                = 46.563651982516944



iterations                = 32075
game_id                   = 127
score                     = 16310.728757996056
game_iterations           = 24
game_iterations_smooth    = 426.29290227066707
game_score                = 13.82687165789539
game_score_smooth         = 75.14986979109324
fps_smooth                = 46.69972384732094



iterations                = 32144
game_id                   = 128
score                     = 16354.408014088058
game_iterations           = 69
game_iterations_smooth    = 422.7199732479604
game_score                = 43.679256091993025
game_score_smooth         = 74.83516365410223
fps_smooth                = 46.49586905736159



iterations                = 33144
game_id                   = 129
score                     = 16803.35076179274
game_iterations           = 1000
game_iterations_smooth    = 428.4927735154808
game_score                = 448.9427477046887
game_score_smooth         = 78.5762394946081
fps_smooth                = 46.628526427114124



iterations                = 34144
game_id                   = 130
score                     = 17340.52862465888
game_iterations           = 1000
game_iterations_smooth    = 434.20784578032595
game_score                = 537.1778628661934
game_score_smooth         = 83.16225572832396
fps_smooth                = 46.76593558518738



iterations                = 34176
game_id                   = 131
score                     = 17358.19959193825
game_iterations           = 32
game_iterations_smooth    = 430.1857673225227
game_score                = 17.67096727936586
game_score_smooth         = 82.50734284383438
fps_smooth                = 46.76575423785433



iterations                = 34222
game_id                   = 132
score                     = 17385.792280430956
game_iterations           = 46
game_iterations_smooth    = 426.3439096492974
game_score                = 27.592688492713208
game_score_smooth         = 81.95819630032317
fps_smooth                = 46.59590938162923



iterations                = 34526
game_id                   = 133
score                     = 17598.75973430451
game_iterations           = 304
game_iterations_smooth    = 425.1204705528045
game_score                = 212.9674538735532
game_score_smooth         = 83.26828887605546
fps_smooth                = 46.70985955896464



iterations                = 34845
game_id                   = 134
score                     = 17825.292310053886
game_iterations           = 319
game_iterations_smooth    = 424.05926584727644
game_score                = 226.5325757493805
game_score_smooth         = 84.7009317447887
fps_smooth                = 46.39413690775911



iterations                = 34951
game_id                   = 135
score                     = 17905.09968251142
game_iterations           = 106
game_iterations_smooth    = 420.87867318880365
game_score                = 79.80737245753697
game_score_smooth         = 84.6519961519162
fps_smooth                = 46.295274482316884



iterations                = 35951
game_id                   = 136
score                     = 18540.65630274399
game_iterations           = 1000
game_iterations_smooth    = 426.6698864569156
game_score                = 635.556620232597
game_score_smooth         = 90.161042392723
fps_smooth                = 46.632103193130376



iterations                = 36246
game_id                   = 137
score                     = 18749.01296285865
game_iterations           = 295
game_iterations_smooth    = 425.35318759234644
game_score                = 208.35666011465526
game_score_smooth         = 91.34299856994234
fps_smooth                = 46.60866382543042



iterations                = 36291
game_id                   = 138
score                     = 18779.732611667994
game_iterations           = 45
game_iterations_smooth    = 421.549655716423
game_score                = 30.719648809346843
game_score_smooth         = 90.73676507233638
fps_smooth                = 46.83221134417099



iterations                = 36391
game_id                   = 139
score                     = 18839.14285681678
game_iterations           = 100
game_iterations_smooth    = 418.3341591592588
game_score                = 59.41024514878809
game_score_smooth         = 90.42349987310091
fps_smooth                = 46.63817100908157



iterations                = 36497
game_id                   = 140
score                     = 18906.870614739037
game_iterations           = 106
game_iterations_smooth    = 415.2108175676662
game_score                = 67.72775792225
game_score_smooth         = 90.1965424535924
fps_smooth                = 46.39189125482937



iterations                = 36546
game_id                   = 141
score                     = 18942.72335321045
game_iterations           = 49
game_iterations_smooth    = 411.5487093919895
game_score                = 35.852738471419435
game_score_smooth         = 89.65310441377066
fps_smooth                = 46.656014234896354



iterations                = 36578
game_id                   = 142
score                     = 18964.015670658086
game_iterations           = 32
game_iterations_smooth    = 407.7532222980696
game_score                = 21.2923174476382
game_score_smooth         = 88.96949654410935
fps_smooth                = 46.78741247733555



iterations                = 36626
game_id                   = 143
score                     = 18999.561046860428
game_iterations           = 48
game_iterations_smooth    = 404.1556900750889
game_score                = 35.54537620234477
game_score_smooth         = 88.4352553406917
fps_smooth                = 46.51656386186958



iterations                = 36671
game_id                   = 144
score                     = 19030.403760131285
game_iterations           = 45
game_iterations_smooth    = 400.564133174338
game_score                = 30.842713270860262
game_score_smooth         = 87.85932991999339
fps_smooth                = 46.723455147854764



iterations                = 36766
game_id                   = 145
score                     = 19095.26872555802
game_iterations           = 95
game_iterations_smooth    = 397.5084918425946
game_score                = 64.86496542673555
game_score_smooth         = 87.62938627506081
fps_smooth                = 46.6761837380581



iterations                = 36788
game_id                   = 146
score                     = 19106.355450989064
game_iterations           = 22
game_iterations_smooth    = 393.75340692416864
game_score                = 11.086725431040394
game_score_smooth         = 86.8639596666206
fps_smooth                = 46.817776572271605



iterations                = 36827
game_id                   = 147
score                     = 19133.344128011264
game_iterations           = 39
game_iterations_smooth    = 390.20587285492695
game_score                = 26.98867702218558
game_score_smooth         = 86.26520684017625
fps_smooth                = 46.979016411577824



iterations                = 36849
game_id                   = 148
score                     = 19144.190058308846
game_iterations           = 22
game_iterations_smooth    = 386.5238141263777
game_score                = 10.845930297582528
game_score_smooth         = 85.51101407475032
fps_smooth                = 46.960395349153416



iterations                = 36997
game_id                   = 149
score                     = 19230.22296900868
game_iterations           = 148
game_iterations_smooth    = 384.13857598511396
game_score                = 86.03291069981503
game_score_smooth         = 85.51623304100097
fps_smooth                = 46.45751233141543



iterations                = 37049
game_id                   = 150
score                     = 19268.19952365188
game_iterations           = 52
game_iterations_smooth    = 380.8171902252628
game_score                = 37.976554643204146
game_score_smooth         = 85.040836257023
fps_smooth                = 46.78917383130368



iterations                = 37088
game_id                   = 151
score                     = 19292.788190560197
game_iterations           = 39
game_iterations_smooth    = 377.3990183230101
game_score                = 24.588666908320736
game_score_smooth         = 84.43631456353597
fps_smooth                = 46.933735172435995



iterations                = 37178
game_id                   = 152
score                     = 19354.118362562473
game_iterations           = 90
game_iterations_smooth    = 374.52502813978
game_score                = 61.3301720022777
game_score_smooth         = 84.20525313792339
fps_smooth                = 46.84422609725544



iterations                = 37433
game_id                   = 153
score                     = 19509.754690927803
game_iterations           = 255
game_iterations_smooth    = 373.32977785838216
game_score                = 155.6363283653206
game_score_smooth         = 84.91956389019737
fps_smooth                = 46.620254890841736



iterations                = 37485
game_id                   = 154
score                     = 19547.708155365628
game_iterations           = 52
game_iterations_smooth    = 370.1164800797983
game_score                = 37.95346443782328
game_score_smooth         = 84.44990289567363
fps_smooth                = 46.86687126586852



iterations                = 37526
game_id                   = 155
score                     = 19575.899848529632
game_iterations           = 41
game_iterations_smooth    = 366.82531527900034
game_score                = 28.191693164010942
game_score_smooth         = 83.88732079835701
fps_smooth                = 46.569994531760976



iterations                = 37573
game_id                   = 156
score                     = 19606.909539510834
game_iterations           = 47
game_iterations_smooth    = 363.6270621262104
game_score                = 31.009690981208408
game_score_smooth         = 83.35854450018553
fps_smooth                = 46.76282543777763



iterations                = 37615
game_id                   = 157
score                     = 19633.098740345024
game_iterations           = 42
game_iterations_smooth    = 360.4107915049483
game_score                = 26.189200834190707
game_score_smooth         = 82.78685106352557
fps_smooth                = 46.845886638151214



iterations                = 37661
game_id                   = 158
score                     = 19664.868610614565
game_iterations           = 46
game_iterations_smooth    = 357.2666835898988
game_score                = 31.769870269543027
game_score_smooth         = 82.27668125558574
fps_smooth                = 46.58813770096169



iterations                = 38156
game_id                   = 159
score                     = 19963.800443369946
game_iterations           = 495
game_iterations_smooth    = 358.6440167539998
game_score                = 298.93183275532937
game_score_smooth         = 84.44323277058318
fps_smooth                = 46.36244144821634



iterations                = 38498
game_id                   = 160
score                     = 20169.475452111696
game_iterations           = 342
game_iterations_smooth    = 358.4775765864598
game_score                = 205.67500874176335
game_score_smooth         = 85.65555053029499
fps_smooth                = 46.45585984034912



iterations                = 39002
game_id                   = 161
score                     = 20472.03196639297
game_iterations           = 504
game_iterations_smooth    = 359.9328008205952
game_score                = 302.5565142812586
game_score_smooth         = 87.82456016780462
fps_smooth                = 46.48362973385711



iterations                = 39451
game_id                   = 162
score                     = 20741.630733806724
game_iterations           = 449
game_iterations_smooth    = 360.8234728123893
game_score                = 269.5987674137794
game_score_smooth         = 89.64230224026437
fps_smooth                = 45.84092222152771



iterations                = 39939
game_id                   = 163
score                     = 21036.352689736585
game_iterations           = 488
game_iterations_smooth    = 362.0952380842654
game_score                = 294.72195592987845
game_score_smooth         = 91.69309877716051
fps_smooth                = 45.80875602458496



iterations                = 40939
game_id                   = 164
score                     = 21668.8913036455
game_iterations           = 1000
game_iterations_smooth    = 368.47428570342277
game_score                = 632.5386139089438
game_score_smooth         = 97.10155392847835
fps_smooth                = 46.40729940227751



iterations                = 41939
game_id                   = 165
score                     = 22243.938206257906
game_iterations           = 1000
game_iterations_smooth    = 374.78954284638854
game_score                = 575.0469026123458
game_score_smooth         = 101.88100741531703
fps_smooth                = 45.7824229353295



iterations                = 42939
game_id                   = 166
score                     = 22891.641902328523
game_iterations           = 1000
game_iterations_smooth    = 381.04164741792465
game_score                = 647.7036960706588
game_score_smooth         = 107.33923430187045
fps_smooth                = 46.07267076067169



iterations                = 43939
game_id                   = 167
score                     = 23475.384732672133
game_iterations           = 1000
game_iterations_smooth    = 387.2312309437454
game_score                = 583.7428303436014
game_score_smooth         = 112.10327026228775
fps_smooth                = 45.898459577984326



iterations                = 44939
game_id                   = 168
score                     = 24072.8049349153
game_iterations           = 1000
game_iterations_smooth    = 393.35891863430794
game_score                = 597.4202022431363
game_score_smooth         = 116.95643958209622
fps_smooth                = 45.59423993069254



iterations                = 45939
game_id                   = 169
score                     = 24720.198349080227
game_iterations           = 1000
game_iterations_smooth    = 399.4253294479649
game_score                = 647.3934141649167
game_score_smooth         = 122.26080932792442
fps_smooth                = 46.080527097849625



iterations                = 46939
game_id                   = 170
score                     = 25318.30185162351
game_iterations           = 1000
game_iterations_smooth    = 405.4310761534852
game_score                = 598.1035025432751
game_score_smooth         = 127.01923626007792
fps_smooth                = 45.82121925526616



iterations                = 47939
game_id                   = 171
score                     = 25960.225273017637
game_iterations           = 1000
game_iterations_smooth    = 411.37676539195036
game_score                = 641.9234213941254
game_score_smooth         = 132.1682781114184
fps_smooth                = 45.74369244224037



iterations                = 48939
game_id                   = 172
score                     = 26549.615968917995
game_iterations           = 1000
game_iterations_smooth    = 417.26299773803083
game_score                = 589.3906959003878
game_score_smooth         = 136.7405022893081
fps_smooth                = 45.869916793210116



iterations                = 49939
game_id                   = 173
score                     = 27175.57769666708
game_iterations           = 1000
game_iterations_smooth    = 423.0903677606505
game_score                = 625.9617277490307
game_score_smooth         = 141.63271454390534
fps_smooth                = 45.693476222230345



iterations                = 50939
game_id                   = 174
score                     = 27763.464288313164
game_iterations           = 1000
game_iterations_smooth    = 428.859464083044
game_score                = 587.8865916460675
game_score_smooth         = 146.09525331492696
fps_smooth                = 45.92330506347228



iterations                = 51939
game_id                   = 175
score                     = 28351.084485986492
game_iterations           = 1000
game_iterations_smooth    = 434.5708694422135
game_score                = 587.6201976733387
game_score_smooth         = 150.51050275851108
fps_smooth                = 45.85870398076345



iterations                = 52939
game_id                   = 176
score                     = 28878.44321840698
game_iterations           = 1000
game_iterations_smooth    = 440.2251607477914
game_score                = 527.3587324204756
game_score_smooth         = 154.27898505513073
fps_smooth                = 45.84244374397331



iterations                = 53939
game_id                   = 177
score                     = 29323.825623895962
game_iterations           = 1000
game_iterations_smooth    = 445.82290914031347
game_score                = 445.38240548898614
game_score_smooth         = 157.19001925946927
fps_smooth                = 45.89562114894887



iterations                = 54939
game_id                   = 178
score                     = 29778.692128257426
game_iterations           = 1000
game_iterations_smooth    = 451.3646800489103
game_score                = 454.86650436150137
game_score_smooth         = 160.1667841104896
fps_smooth                = 45.49671065472026



iterations                = 55939
game_id                   = 179
score                     = 30263.69452464821
game_iterations           = 1000
game_iterations_smooth    = 456.85103324842123
game_score                = 485.0023963908586
game_score_smooth         = 163.4151402332933
fps_smooth                = 45.33312786584543



iterations                = 56939
game_id                   = 180
score                     = 30671.7236336806
game_iterations           = 1000
game_iterations_smooth    = 462.282522915937
game_score                = 408.0291090323776
game_score_smooth         = 165.86127992128414
fps_smooth                = 45.86557501387975



iterations                = 57939
game_id                   = 181
score                     = 31070.394792938972
game_iterations           = 1000
game_iterations_smooth    = 467.65969768677763
game_score                = 398.671159258425
game_score_smooth         = 168.18937871465553
fps_smooth                = 45.62539172371183



iterations                = 58939
game_id                   = 182
score                     = 31459.227579426617
game_iterations           = 1000
game_iterations_smooth    = 472.9831007099099
game_score                = 388.8327864876709
game_score_smooth         = 170.3958127923857
fps_smooth                = 45.96853414355423



iterations                = 59939
game_id                   = 183
score                     = 31872.972424514628
game_iterations           = 1000
game_iterations_smooth    = 478.25326970281077
game_score                = 413.7448450880904
game_score_smooth         = 172.82930311534273
fps_smooth                = 45.76750048332504



iterations                = 60939
game_id                   = 184
score                     = 32284.46203501504
game_iterations           = 1000
game_iterations_smooth    = 483.47073700578267
game_score                = 411.4896105003788
game_score_smooth         = 175.21590618919308
fps_smooth                = 44.974364947348505



iterations                = 61939
game_id                   = 185
score                     = 32673.28444662366
game_iterations           = 1000
game_iterations_smooth    = 488.6360296357248
game_score                = 388.82241160866096
game_score_smooth         = 177.35197124338774
fps_smooth                = 45.47619915179455



iterations                = 62939
game_id                   = 186
score                     = 33053.82520143564
game_iterations           = 1000
game_iterations_smooth    = 493.7496693393676
game_score                = 380.5407548120201
game_score_smooth         = 179.38385907907406
fps_smooth                = 45.283211251321056



