2000 2 -47.0 860 823.37 -20.0 -20.99 20.16061817907626 
4000 4 -94.0 878 823.922537 -21.0 -20.990199 22.020631312244006 
6000 6 -131.0 1041 828.2423785137 -18.0 -20.9504940399 20.01326807628118 
8000 8 -175.0 904 831.5319551812775 -21.0 -20.931679208505994 20.132894362601657 
10000 11 -224.0 823 831.7346405804383 -21.0 -20.93370840433416 19.870048666301713 
12000 12 -262.0 993 833.3472941746338 -20.0 -20.924371320290817 20.18131266958788 
14000 15 -310.0 819 836.3187461903531 -21.0 -20.916816567706856 19.765616680681763 
16000 17 -355.0 997 838.0511031411651 -19.0 -20.89847191800949 19.746390258573676 
18000 19 -400.0 959 838.963086188656 -20.0 -20.890492326841102 18.256431455133516 
20000 21 -440.0 1008 841.4458207735019 -20.0 -20.872771529536962 20.002886662442712 
22000 23 -486.0 919 843.8207489401092 -20.0 -20.855403376099172 22.247216005434595 
24000 25 -525.0 901 844.196316036201 -20.0 -20.848280848914797 23.850211704777195 
26000 28 -568.0 897 848.7298862536098 -20.0 -20.823086059421176 23.533473518567323 
28000 30 -617.0 926 849.208261517163 -20.0 -20.816606646838693 23.748804781549133 
30000 32 -664.0 966 850.2454171129715 -21.0 -20.820256174566605 23.854928543209663 
32000 34 -703.0 1007 852.3352333124234 -20.0 -20.81383307669273 23.868178092987257 
34000 36 -739.0 1020 856.4439621695062 -18.0 -20.777637798466543 23.75919844202454 
36000 38 -785.0 943 857.344727322333 -21.0 -20.77216280627706 23.78005238825034 
38000 41 -833.0 835 857.8615425761325 -20.0 -20.76892979876782 23.734912899805096 
40000 43 -882.0 878 858.3117978788674 -21.0 -20.773528095772345 23.803968994493328 
42000 45 -923.0 907 858.963893101078 -20.0 -20.768034886666474 23.645675534591295 
44000 47 -969.0 879 861.3129116283666 -21.0 -20.76275099242181 23.793720933247112 
46000 49 -1012.0 830 861.8183846869621 -20.0 -20.757472247672617 23.923638641974232 
48000 51 -1057.0 862 864.4949988316915 -20.0 -20.732498549943934 23.938527806073225 
50000 54 -1099.0 893 865.6662468713913 -20.0 -20.72054361051205 23.507562180670423 
52000 56 -1140.0 855 867.5230885586506 -20.0 -20.70620479266286 23.70745620789827 
54000 58 -1183.0 869 867.6217790963334 -20.0 -20.702051317288866 23.819594986379887 
56000 60 -1230.0 919 869.7332056923163 -21.0 -20.67828049607482 23.792386264020188 
58000 62 -1271.0 939 869.4979148990392 -21.0 -20.684682714202932 23.68818275948229 
60000 64 -1313.0 1003 872.2536063925482 -20.0 -20.661157528190294 23.667049789468194 
62000 67 -1363.0 836 872.1753520290831 -21.0 -20.66142048844551 23.53892667512777 
64000 69 -1398.0 1129 875.6328625237044 -18.0 -20.618358220725444 23.743305071004794 
66000 71 -1449.0 836 874.1115685594826 -21.0 -20.625952892133007 23.675497160961896 
68000 73 -1492.0 1003 875.3597483451489 -19.0 -20.613396429579563 23.738682517715866 
70000 75 -1532.0 858 876.1230893530806 -20.0 -20.61108984063093 23.804703457605505 
72000 77 -1580.0 821 877.8476398749542 -21.0 -20.60892915280238 23.9335837346379 
74000 79 -1617.0 1164 880.7007718414425 -19.0 -20.596711462661613 23.65484272862828 
76000 81 -1662.0 940 882.0293264817977 -20.0 -20.594736904554647 23.776932159075486 
78000 84 -1709.0 918 881.8823674559619 -21.0 -20.59697262375247 23.64927177195384 
80000 86 -1750.0 1056 883.7039083435882 -19.0 -20.575092868539794 23.817626612884236 
82000 88 -1791.0 839 884.8834005675508 -20.0 -20.563648520455853 23.59297496306726 
84000 89 -1822.0 1072 886.7545665618753 -19.0 -20.548012035251297 23.771004118136716 
86000 91 -1857.0 1008 892.652150687294 -19.0 -20.5271065957498 23.85089554374934 
88000 93 -1897.0 1081 897.3407728886168 -19.0 -20.48681717449438 23.847798128353517 
