2000 3 96.0 459 531.99 25.0 24.46 662.2812179705523 
4000 8 167.0 546 502.6686351000001 17.0 21.298585399999997 593.1765110100042 
6000 12 261.0 467 494.0102914891101 17.0 21.18920188094 658.6245943684788 
8000 16 344.0 616 491.7626522460052 18.0 20.753935354084735 660.6273447346498 
10000 20 424.0 519 480.71757613860404 25.0 19.984856985814996 660.4894129522637 
12000 24 506.0 511 486.2276017045382 22.0 20.27196466839322 659.2107628272522 
14000 29 577.0 502 481.72518653051276 14.0 19.032202417039517 657.2978857847995 
16000 33 651.0 478 457.0656948826695 17.0 17.070628005819625 656.26805272396 
18000 38 738.0 524 459.46451217126753 22.0 18.384735131156436 431.77884608254686 
20000 42 827.0 549 468.9491664355686 26.0 19.52942471955174 404.9617887446641 
22000 46 911.0 462 456.87084809837654 25.0 18.933955558497903 431.1585351228533 
24000 51 987.0 443 453.13171709361035 9.0 18.09726141773743 430.559807771061 
26000 55 1074.0 509 452.92821958511786 20.0 17.89841321617753 434.7493850936217 
28000 60 1161.0 496 460.4692643828164 19.0 20.097234020020668 431.9997280861081 
30000 64 1253.0 420 458.36348436156584 21.0 20.821695240535565 434.87691111404985 
32000 69 1347.0 465 448.8185238806611 29.0 20.65242282258385 430.05556019045605 
34000 73 1429.0 443 449.3483335181018 17.0 20.071354613897263 434.36827212374595 
36000 78 1505.0 360 435.53352745910394 13.0 17.8742341859602 433.9567209122558 
38000 81 1601.0 661 472.1459415176868 30.0 21.133316721564988 432.0124668759244 
40000 85 1693.0 493 484.07955222975437 20.0 21.00996910101879 432.45935998420697 
42000 89 1794.0 499 482.6892942179419 38.0 22.952240727178435 433.85818568746606 
44000 94 1895.0 513 484.66426134275264 19.0 23.471168626991595 433.1310783031219 
46000 99 1978.0 422 455.9126496802821 14.0 21.022910362552267 430.73404200177913 
48000 103 2063.0 499 471.7311894552331 19.0 21.112931488870544 434.2371226828609 
50000 107 2158.0 534 468.84183340157847 34.0 21.237394349847968 432.06495585609343 
52000 111 2231.0 359 468.8546268947756 12.0 20.257554432935255 433.7213445092942 
54000 115 2304.0 499 467.37402070566236 17.0 18.71068146344882 433.7007886623909 
56000 120 2387.0 426 443.38529548648665 25.0 18.438080297351895 434.44386075692853 
58000 125 2473.0 450 448.9964931318156 17.0 18.49762203478332 435.66395086212594 
60000 129 2548.0 475 435.1195991437843 18.0 17.41658981702134 427.5692506255977 
62000 134 2615.0 461 453.6502120984133 13.0 17.185022121052935 432.2506164231351 
64000 138 2708.0 473 453.2090041577691 18.0 18.445393013622834 434.93146270369175 
66000 143 2799.0 471 450.8194148651212 22.0 19.14198012061415 434.51541007167856 
68000 146 2899.0 504 474.74435343667335 32.0 21.717503507927717 435.6412010930972 
70000 149 3003.0 575 496.00963365533494 26.0 22.914060057279308 433.3871731119185 
72000 153 3105.0 490 523.8391206412653 18.0 24.89701480358096 433.96496361106864 
74000 158 3171.0 347 492.7732223474607 12.0 21.528418271366522 436.3437987884496 
76000 162 3268.0 389 474.148711182169 17.0 21.299495227843575 433.09312225546125 
78000 167 3362.0 397 468.042732465959 13.0 21.261458937089355 431.745569851356 
80000 171 3428.0 528 466.2205367709157 17.0 18.99404320862433 433.56213704629585 
82000 176 3517.0 416 450.2749647578581 24.0 19.32818257426058 434.45754070599355 
84000 180 3604.0 490 454.2866043776307 21.0 20.03542058697237 435.35389661709985 
86000 184 3696.0 439 464.6652411321636 13.0 19.623839447112573 433.9300507538501 
88000 187 3812.0 645 504.3019607853473 49.0 24.70477895694507 433.8578474357788 
90000 191 3895.0 439 496.1501164712664 17.0 22.51590547365166 430.525932609641 
92000 196 3989.0 309 482.42387227511813 11.0 22.586767023136574 431.9363652628117 
94000 200 4092.0 444 476.559302599705 30.0 23.45047784387991 431.9780908392685 
96000 204 4167.0 485 471.4736584356665 21.0 21.214558513369614 432.0746733335601 
98000 209 4257.0 459 470.7024905696768 25.0 21.467744656559628 433.70614093806125 
100000 214 4330.0 378 440.57628365648856 17.0 18.357458542251894 432.8969840120921 
102000 218 4412.0 462 448.5297997070222 21.0 18.890028549571472 404.577143708687 
104000 222 4496.0 457 454.4739015877774 26.0 19.570247731373847 426.59898472341985 
106000 226 4578.0 530 465.2913268317408 27.0 19.585539536554382 431.84742813725563 
108000 231 4646.0 487 449.3436755808746 11.0 17.277025240940002 430.9465619271995 
110000 235 4734.0 471 457.1044855486119 14.0 18.242556260580734 429.9349713786908 
112000 238 4852.0 769 512.4681699649382 49.0 24.12982351396336 430.29939623577764 
114000 242 4941.0 403 514.161066313996 16.0 23.718077207511367 432.04539813148307 
116000 246 5038.0 514 504.8725756086128 29.0 24.312330455848212 433.4350456630931 
118000 251 5124.0 490 485.70051717112983 20.0 21.431288010873814 432.6123431227669 
120000 255 5215.0 526 492.79960931597833 21.0 22.56006806393431 432.60768373382217 
122000 259 5313.0 380 497.05212367221344 13.0 23.2872606567473 434.4424962602346 
124000 262 5396.0 301 489.64199815704364 11.0 21.010413018768784 432.1368758449487 
126000 266 5486.0 531 538.5123149908363 27.0 24.363531981614198 433.8657169859451 
128000 270 5572.0 382 506.42272986548767 14.0 22.193613333137076 432.26870300839187 
130000 275 5634.0 448 480.6979477582718 20.0 19.480096737084114 435.9664188121465 
132000 279 5711.0 515 476.09372352420223 22.0 18.254191469200887 429.7924440120544 
134000 283 5813.0 520 480.29409200422907 31.0 21.183975022942708 431.86451484617214 
136000 288 5904.0 399 463.80670838757726 21.0 20.878505411297446 430.25238592959784 
138000 292 5989.0 490 453.4456813730895 23.0 19.316687400352258 432.97169472819445 
140000 296 6108.0 417 490.157311548884 17.0 24.40417860337112 434.32111918389444 
142000 300 6175.0 358 463.50311210722293 9.0 20.368481581671794 433.38285685768244 
144000 305 6250.0 529 458.3724926681941 17.0 19.188044689161384 430.8751650118428 
146000 309 6336.0 422 452.2719924396022 13.0 17.951876120558783 422.0488370141818 
148000 313 6449.0 400 471.243354239623 19.0 22.22552592269862 433.75621596436923 
150000 318 6540.0 439 469.70445824495494 15.0 21.95634080209431 434.95020278684814 
152000 322 6633.0 423 473.452695054515 13.0 21.705855200254078 433.11019118600206 
154000 326 6729.0 421 464.55191322526736 21.0 21.181411596886704 433.38920680295706 
156000 330 6809.0 503 496.613910267098 14.0 22.284724148717366 434.1464422174578 
158000 334 6910.0 509 495.021686526243 25.0 23.009707513973463 424.8360500307552 
160000 337 7011.0 648 527.1008094776312 33.0 24.29507677768666 431.19915292996905 
162000 341 7090.0 333 527.9476410982738 15.0 24.096399873840223 431.64109888888964 
164000 344 7183.0 525 523.4048303606417 24.0 23.359275508029526 430.7597408714486 
166000 349 7262.0 332 512.5137282796554 18.0 22.94974859473636 435.96424210629414 
168000 353 7359.0 709 509.78995712428195 33.0 23.373030053006527 431.29849139547923 
170000 357 7431.0 488 511.0029908692415 19.0 21.788145017777577 429.80697865229865 
172000 361 7541.0 439 489.71336230930933 24.0 22.67660194616387 433.26906175244414 
174000 365 7650.0 445 486.4828370111379 16.0 23.55481853687812 429.8412557165318 
176000 369 7737.0 463 491.82428936300767 20.0 23.634616442045733 432.29146430425607 
178000 374 7829.0 476 476.67159462596254 27.0 22.38855466286359 430.34700286775865 
180000 378 7928.0 487 467.1303332340941 22.0 22.3089307143048 432.9410275839143 
182000 382 8036.0 626 491.8235116348892 52.0 25.26118944165538 434.18159248466446 
184000 386 8143.0 383 471.9410059836509 18.0 23.8521663926701 432.7446572556527 
186000 391 8219.0 403 453.6087946232861 12.0 21.001085733207766 433.8197997126506 
188000 395 8330.0 476 446.60763015233806 24.0 21.469012349557616 431.05449865247925 
190000 399 8437.0 442 472.237266142949 15.0 23.498619002544757 434.1354960507293 
192000 403 8542.0 472 470.42677031638897 26.0 23.82874392756962 430.0881084394003 
194000 408 8644.0 423 471.58893360412463 23.0 24.81326500179059 434.6198083017362 
196000 411 8752.0 654 493.66233259740693 33.0 25.609870186305344 432.52055414979174 
198000 415 8841.0 397 488.14015641715866 21.0 23.876935829234938 429.7327066463907 
200000 419 8920.0 497 514.0209566252977 18.0 24.43885759756105 433.82445061216094 
202000 424 9024.0 364 478.357464677672 14.0 23.09714102278383 434.2530391365606 
204000 428 9123.0 356 453.67213257502067 12.0 21.099734225048476 431.2884416498238 
206000 432 9214.0 485 472.4233861824711 19.0 22.583535625054306 431.96029673888404 
208000 436 9318.0 445 481.6980836743193 27.0 24.08885772359813 433.11827704746395 
210000 441 9415.0 427 457.3613314288488 22.0 22.37457959720746 430.829833637319 
212000 445 9507.0 489 460.0392695504678 25.0 22.381061673727814 431.8049880102177 
214000 450 9584.0 418 465.72579827685576 14.0 20.722923107719538 435.8385744884013 
216000 453 9706.0 722 507.0151069438279 60.0 25.14801094552755 429.9353822674737 
218000 457 9812.0 465 510.2061116658456 25.0 26.22030998136063 431.8220666647091 
220000 461 9899.0 427 490.4880298639613 21.0 23.906645378770715 426.77513160638716 
222000 464 10001.0 750 526.8857737708278 33.0 26.172944481123853 431.7473126319155 
224000 468 10106.0 326 513.5336561710401 13.0 25.010568874065367 431.2177222637837 
226000 473 10203.0 584 495.0872286324376 33.0 24.891930814446862 430.8584004583725 
228000 478 10282.0 383 459.3675476351681 11.0 21.49624622662273 434.228999899217 
230000 482 10393.0 620 466.3402480034338 37.0 23.152387149287172 433.1437959534 
232000 486 10493.0 306 454.38213671505304 10.0 22.808881208647314 430.5747014323311 
234000 491 10590.0 501 459.83050790887177 30.0 22.842396264894152 434.3680868323152 
236000 494 10713.0 822 497.8494402655675 59.0 26.66510687710784 404.79380939828314 
238000 499 10814.0 444 479.162205982415 22.0 25.34392895986341 435.341830516208 
240000 504 10895.0 433 445.2819610105563 18.0 21.744136611509752 432.7885220112457 
242000 507 11025.0 468 454.1295495766956 31.0 24.47747558979061 429.0528996657478 
244000 511 11136.0 502 494.39899747727 40.0 26.97527173446162 430.3812249147401 
246000 515 11233.0 422 513.2085822448369 16.0 27.302175784980275 435.2326721792713 
248000 518 11330.0 793 527.0040564564861 48.0 27.682286147250622 430.58606017157496 
250000 523 11425.0 343 477.1078852969905 10.0 23.325713147090024 433.6615329460062 
252000 527 11539.0 479 484.26108354335554 28.0 25.021400395805767 433.3211449806779 
254000 531 11635.0 583 480.1383969127956 25.0 24.55324079968817 432.42350135707386 
256000 535 11749.0 458 484.0090022144853 21.0 25.485881288675415 402.62620458626986 
258000 539 11869.0 504 502.4957063529239 27.0 27.376386713499944 404.1375393926077 
260000 543 11991.0 647 513.3917329381534 41.0 29.816047322727318 432.7795453738528 
262000 548 12107.0 264 476.65489438265024 10.0 27.27712778359726 432.82149895231623 
264000 552 12200.0 300 466.6470762044569 9.0 25.600523538818166 434.1377013648733 
266000 556 12322.0 495 470.3172466977442 31.0 26.041703493818606 429.93391710692663 
268000 560 12412.0 546 488.73594555839003 25.0 25.75186166229439 434.1262305031811 
270000 564 12497.0 423 504.08775388085974 15.0 24.384396436631352 431.778428309782 
272000 568 12594.0 437 469.6024753212321 16.0 21.965402502073836 430.59645652099556 
274000 572 12728.0 446 494.62358405826046 22.0 27.087500581610644 432.1765911012704 
276000 576 12821.0 499 486.8631335006248 28.0 26.468009131594744 431.07012170400236 
278000 581 12931.0 514 478.850501700784 29.0 25.365224712115385 433.21961993339005 
280000 585 13025.0 327 471.74521416588436 22.0 24.46802393361891 433.1531143517833 
282000 589 13125.0 438 464.7464350142368 21.0 23.28887050284737 432.72718126828744 
284000 593 13232.0 580 493.4597360128408 27.0 24.63622793691816 429.2360419750688 
286000 597 13339.0 396 500.13913279802495 14.0 26.605229149412008 434.44339982338334 
288000 601 13468.0 421 479.0305850287843 27.0 25.88959084492922 428.9516284464298 
290000 605 13573.0 462 479.41976683738545 21.0 26.567860553358063 430.63492168213475 
292000 609 13692.0 673 499.48900902200864 39.0 28.20357330905823 432.1637738315404 
294000 612 13818.0 663 528.1764875770443 49.0 30.842404942303453 429.3862780827444 
296000 617 13925.0 518 506.4477741493689 18.0 29.087821694380768 433.51860520216263 
298000 620 14067.0 506 511.34842735489 23.0 29.44502201520358 429.2941187557196 
300000 625 14181.0 455 494.2806828687891 27.0 29.916881049757563 433.54339603792556 
302000 628 14303.0 480 500.60761781134727 35.0 30.349406285273265 429.2370110119926 
304000 631 14424.0 1108 556.8329533844721 77.0 34.32471718196421 431.0951915146116 
306000 635 14557.0 543 563.4149007155521 36.0 35.022346943086724 433.3578278574689 
308000 640 14645.0 461 507.10899472352634 15.0 28.679515646423283 431.45488643569706 
310000 645 14760.0 452 464.1231002942951 25.0 26.328967194056485 436.73329063456293 
312000 649 14893.0 430 469.85986610308703 16.0 27.671935376020464 431.3892322414417 
314000 652 14999.0 456 500.9788423891505 26.0 28.991840889118922 434.08118493372194 
316000 656 15122.0 345 488.8529184915217 17.0 27.341946807350933 432.0253223437996 
318000 659 15266.0 538 507.40977758031937 31.0 30.943279222558832 425.9949095703586 
320000 664 15385.0 433 519.4751095634027 25.0 32.56970694812877 431.71901209336295 
322000 668 15505.0 300 510.21781938454865 16.0 31.602684728667295 437.75377143964346 
324000 671 15621.0 498 507.329790331336 33.0 31.198357167198463 433.73445099322703 
326000 676 15732.0 556 505.91695789275076 29.0 29.83865792365902 433.7172619687788 
328000 680 15832.0 448 477.4106160734338 29.0 26.525343463712687 433.1043148273021 
330000 684 15937.0 522 491.5983052057799 32.0 26.9680778465419 433.7156501383963 
332000 689 16046.0 584 462.312843240961 27.0 24.352880287604524 432.9162084173865 
334000 692 16166.0 689 523.2770627226606 42.0 30.116249729663696 436.2365270672774 
336000 697 16274.0 535 473.27366276710393 37.0 26.984594302869116 437.01253862922897 
338000 702 16383.0 604 460.81247512734717 41.0 25.710073089901186 430.55261336205353 
340000 705 16508.0 796 502.4542943678361 50.0 28.935643282537963 432.0636186300783 
342000 709 16630.0 680 513.1977625347373 46.0 30.698275557673167 435.8213631036982 
344000 712 16758.0 478 510.2111688878235 27.0 30.92904288154374 432.74438020582176 
346000 717 16892.0 498 491.18020311657096 41.0 30.436290531122765 432.7719865114126 
348000 721 16990.0 532 473.9161312647822 24.0 27.425450217469653 432.78421830050837 
350000 726 17096.0 331 455.4337963505413 11.0 24.90098409891366 432.539483432315 
352000 730 17224.0 486 465.48381378559014 31.0 27.41873566729726 433.55599515108815 
354000 734 17359.0 342 464.7615302247258 14.0 27.319332471313732 429.82421412199017 
356000 737 17498.0 493 501.7271555338252 39.0 33.64379337158771 431.7928486105592 
358000 741 17636.0 501 538.3527867457428 26.0 35.2189928310987 429.6452315879531 
360000 745 17769.0 519 516.9868633838819 37.0 33.175581196483854 430.33951641620826 
362000 749 17866.0 486 505.08758106616494 22.0 29.827298823013056 430.54035213472457 
364000 753 17990.0 328 510.1184619375108 16.0 31.432390757778872 432.8353592816631 
366000 756 18115.0 447 537.8243587524454 31.0 33.4752128624208 431.3637861618969 
368000 760 18235.0 545 518.8486617774795 37.0 31.458187159034285 429.47894842534294 
370000 764 18388.0 729 530.8935069922043 55.0 34.7896165950424 431.70556054021733 
372000 768 18511.0 533 514.6061299375853 38.0 33.27196744800733 430.70410436916313 
374000 772 18638.0 264 528.7771818520499 5.0 34.21243784263762 433.6069718445508 
376000 775 18750.0 599 552.9915655701444 38.0 34.72586718728283 434.66134836257726 
378000 779 18877.0 671 538.5576661705717 46.0 33.30384146157627 431.67507459151034 
380000 783 19007.0 524 506.532384774512 42.0 32.47215038294019 432.5948516161412 
382000 787 19133.0 467 511.2548976505574 30.0 31.49057786624706 431.81137434097593 
384000 792 19261.0 367 481.73032451367766 20.0 31.66163132424023 435.9763536393857 
386000 797 19377.0 489 453.9999593220815 31.0 27.963936680650622 435.41306741914576 
388000 801 19489.0 658 466.2063733112177 33.0 27.587138856174878 433.0965378279696 
390000 805 19614.0 513 466.39660152948994 36.0 28.242921803536337 431.81503051097906 
392000 808 19723.0 739 531.4341225149982 42.0 31.18808999477799 433.8663160823259 
394000 812 19863.0 415 506.1245277820904 30.0 31.22050584557384 432.487680518634 
396000 816 19992.0 619 515.7968026778295 35.0 32.345673885280995 431.8050096712823 
398000 820 20113.0 509 508.61018223692406 36.0 31.50449663613286 433.62256765455385 
400000 825 20245.0 412 483.2396265090813 28.0 30.8671302186701 435.13866131880627 
402000 828 20385.0 806 543.3566877251202 54.0 36.0201379294105 430.80129836332566 
404000 832 20504.0 353 513.6158228164513 20.0 33.05691249548623 434.2745723490262 
406000 836 20647.0 284 496.7257413498738 14.0 31.76824028828852 432.40665743810615 
408000 840 20746.0 523 511.23885889965226 31.0 31.563442453146106 436.9497984248327 
410000 844 20884.0 525 496.45931532406195 27.0 31.173974593509165 432.36146853958047 
412000 848 21004.0 662 516.3852567841171 38.0 32.24974473080136 434.98314949641616 
414000 851 21154.0 480 535.2348521956213 40.0 35.2410639087542 430.4706848151314 
416000 855 21253.0 372 527.5948865255472 15.0 32.27976203053363 434.903178488341 
418000 859 21387.0 441 504.0249050494116 27.0 31.784351868233117 432.69219603666454 
420000 862 21541.0 594 518.1841557810211 38.0 33.07279251194194 428.07575319616996 
422000 866 21683.0 492 541.7819246079281 39.0 38.009159167085116 434.0674350875717 
424000 869 21825.0 1057 573.7660230391797 69.0 38.71267703280505 431.5601747907156 
426000 874 21944.0 415 503.91764894440536 23.0 33.28932866110105 430.1403630181718 
428000 879 22065.0 474 487.028102525182 23.0 31.580985681093566 436.1839285461265 
430000 883 22207.0 434 465.686738066772 32.0 30.28598470536549 429.2237708713315 
432000 887 22335.0 592 495.6204688456092 44.0 33.1509345651903 434.599906127486 
434000 890 22483.0 414 505.2263217884491 27.0 34.34603129802373 433.5812746644015 
436000 893 22616.0 615 586.4819885837795 42.0 40.2992568162593 431.7664892730753 
438000 897 22729.0 483 556.0812327098179 26.0 36.16204239714774 431.95578557399665 
440000 900 22865.0 854 578.1102186454573 57.0 37.5431289075207 433.7904003326009 
442000 904 23008.0 439 550.4293144532844 30.0 36.19554687622434 429.09947325008704 
444000 907 23123.0 389 579.8429702364444 23.0 37.20955367276754 407.3452473782789 
446000 911 23258.0 314 539.3163727721313 18.0 35.045788164702785 434.29369283829004 
448000 915 23385.0 419 533.4697721757955 30.0 34.8360416148615 434.32523847698667 
450000 918 23516.0 380 562.0254639161549 17.0 36.33847433723404 436.09231929703236 
452000 921 23677.0 499 564.412563194877 46.0 39.32574779184361 433.05543052698494 
454000 925 23785.0 488 558.3473827121588 20.0 36.6387231262286 436.458113651987 
456000 928 23911.0 653 561.9932419971638 42.0 36.52562915902065 432.0448727080815 
458000 931 24055.0 361 575.4650734159325 27.0 37.05818365692607 427.9396539014063 
460000 936 24202.0 452 551.6582912013741 36.0 38.38002686757829 427.6299372915664 
462000 939 24354.0 607 548.5028942858017 38.0 38.646039586464575 431.0093699366168 
464000 943 24488.0 681 544.7513489409146 45.0 38.07536657267941 431.8144224657635 
466000 947 24614.0 555 549.0948600401339 35.0 37.54694800833496 430.0469986341397 
468000 951 24773.0 443 521.0607376723318 31.0 36.845252588268565 431.69636669965615 
470000 953 24913.0 681 561.5291975145888 46.0 39.84465459649754 430.7270290542353 
472000 957 25056.0 447 578.2414064893218 36.0 40.60237788076204 428.7043876852844 
474000 962 25209.0 323 505.7680281178798 24.0 36.532518114811175 434.65898945266275 
476000 966 25367.0 463 511.2066032481411 38.0 38.73548513512761 433.9050169547147 
478000 970 25487.0 455 487.9882523911054 26.0 34.299051797157226 430.9817916684294 
480000 974 25637.0 416 489.27659239380426 36.0 35.21160788411486 430.6495636433915 
482000 978 25769.0 322 487.05697226957506 23.0 34.17643593276776 430.97882205181804 
484000 982 25913.0 823 511.9964795060682 70.0 36.444059615488925 431.10795351262675 
486000 985 26072.0 449 532.4904335599239 38.0 39.601719459691424 430.5167259952872 
488000 989 26204.0 431 531.0057734586661 24.0 37.96318813750354 432.9292594002386 
490000 992 26353.0 636 550.2162088513676 50.0 39.37116415224009 431.0388416813781 
492000 996 26485.0 435 550.1321546273823 28.0 38.178620800284726 432.6068219489133 
494000 1000 26618.0 582 537.0993066510256 33.0 37.16089310706681 433.61315415327715 
496000 1004 26768.0 425 492.4643550937379 31.0 35.00886196754654 433.02990001622044 
498000 1007 26876.0 720 560.5525148633349 42.0 37.62346037434143 433.4057956177676 
500000 1010 27037.0 479 554.3997833353711 33.0 37.5405026128949 427.3988925769877 
502000 1013 27180.0 691 609.7424420514855 51.0 43.159026404800386 431.27418790968426 
504000 1018 27328.0 501 556.0442846069816 47.0 40.35506350177059 428.8917107691208 
506000 1021 27463.0 493 529.5092834784896 32.0 37.34384129279076 430.9793587400555 
508000 1025 27613.0 676 567.494440890237 54.0 41.11709427220002 430.5212591828825 
510000 1027 27754.0 780 622.630497121092 52.0 44.084846360482025 432.2009491819985 
512000 1030 27894.0 758 632.6306324012762 53.0 44.4128529967914 429.86602523447635 
514000 1034 28034.0 799 621.2380579184774 72.0 44.74077285119485 432.71233102030294 
516000 1038 28181.0 393 553.8763898003131 32.0 39.59872106766895 432.2780621826071 
518000 1042 28317.0 527 554.1231993479855 38.0 39.5313208924976 431.67388461012695 
520000 1045 28458.0 396 544.4188123246814 16.0 37.63633293063075 433.44250166430436 
522000 1048 28614.0 426 557.9123141846928 35.0 40.089886706429816 430.514217841271 
524000 1051 28755.0 606 600.1220770406411 43.0 43.29952740898734 431.2437113100875 
526000 1055 28894.0 571 574.7439947463648 35.0 40.61361993303659 430.73567657865095 
528000 1059 29049.0 528 547.4448349530901 35.0 39.09799603806531 426.93695149100364 
530000 1062 29190.0 619 585.4572846808028 46.0 42.174439111749614 429.0926678725267 
532000 1066 29333.0 459 578.4105244790748 35.0 42.54304950121893 431.91127207527325 
534000 1069 29494.0 482 570.6882723452455 43.0 41.5238830863886 430.0923632483834 
536000 1073 29623.0 478 570.1948754857157 32.0 41.627219692979565 431.21922284136986 
538000 1076 29772.0 1011 591.8410642290867 72.0 42.62224315618211 429.1113235762492 
540000 1079 29908.0 510 596.1401358230042 31.0 42.289615260856756 430.5502239134223 
542000 1083 30051.0 558 581.030243113473 44.0 41.46301657264812 431.4108554829768 
544000 1086 30200.0 689 599.5620472297219 44.0 43.545539081460475 434.661624630541 
546000 1090 30332.0 441 576.6828591874206 29.0 41.15782819134622 423.18458188310547 
548000 1093 30485.0 515 558.3738043476297 25.0 38.91205675149139 432.8370189918301 
550000 1097 30622.0 666 551.32695303248 38.0 39.15370043465351 434.16302913299904 
552000 1101 30773.0 504 558.3477138846101 39.0 40.365342855176166 433.3484044253811 
554000 1105 30911.0 376 542.2772350796928 23.0 39.12740144728108 430.5376422896069 
556000 1108 31051.0 577 540.689104373096 51.0 38.12387565506791 432.1353441256793 
558000 1111 31212.0 596 563.715357087987 47.0 42.113305352544515 432.45323097589153 
560000 1116 31360.0 578 530.8030512068856 56.0 39.32726567762401 430.6645171297982 
562000 1119 31514.0 783 550.1614243298197 55.0 39.857576678987904 432.3419086546165 
564000 1123 31684.0 442 551.1760105027947 34.0 43.62475605908397 434.023086062168 
566000 1126 31834.0 844 580.4283116565374 54.0 44.86144716707222 433.5713952903637 
568000 1129 31953.0 395 589.4512391976158 21.0 41.98599498479565 432.8496987725955 
570000 1133 32118.0 486 536.8634580375557 30.0 39.356211309524426 426.5382433079841 
572000 1136 32252.0 660 593.3004609093782 51.0 42.68267804464331 432.78879480500046 
574000 1139 32382.0 332 615.4220360029369 19.0 43.71667229454498 435.7183252986755 
576000 1142 32520.0 748 629.795664246141 58.0 44.725454102723305 433.32973594286165 
578000 1145 32681.0 585 624.1000392354367 53.0 45.33885604088529 430.22449599323454 
580000 1147 32816.0 852 654.0810317807038 69.0 47.67447339311709 426.34446701034693 
582000 1151 32953.0 441 621.7164649513198 35.0 45.48562199322412 433.709117947599 
584000 1154 33117.0 566 645.9473029495122 47.0 46.319018433060386 429.3847019000772 
586000 1157 33280.0 612 652.5515838501944 44.0 49.57856443770102 432.58905119645186 
588000 1159 33442.0 503 665.9867829186576 45.0 51.228637194537825 423.2768454192215 
590000 1162 33597.0 702 702.9623647477015 51.0 54.181676514818086 430.87420166468405 
592000 1165 33770.0 636 689.0905639010743 66.0 55.53944217930239 432.67342706634275 
594000 1168 33933.0 825 684.1170210838833 74.0 55.31325334871145 432.606419171454 
596000 1171 34111.0 927 674.752308370151 79.0 55.40536169121065 432.1303592081145 
598000 1174 34236.0 832 714.3064328018403 62.0 56.130508672892574 430.7697443960842 
600000 1177 34400.0 409 688.9973895125416 37.0 53.5021408225387 432.61259832974116 
602000 1180 34551.0 543 685.2880969546428 34.0 53.365060659630714 434.5340098242451 
604000 1183 34713.0 704 649.0310226799346 56.0 50.67712922087079 432.7578487468961 
606000 1186 34870.0 452 660.0576155336724 36.0 51.42462720201481 431.4933032304244 
608000 1190 35003.0 536 630.7691015516426 38.0 48.34419790724192 430.9443735259416 
610000 1193 35164.0 652 640.2396750311476 59.0 49.89992027437936 431.1713507908227 
612000 1195 35277.0 840 665.6841367752296 38.0 48.26893542224728 432.4785057058342 
614000 1198 35403.0 606 646.3957357091425 36.0 44.81805392281827 431.0292623881265 
616000 1201 35567.0 556 643.3724913319651 36.0 45.01136130973453 427.77115640009623 
618000 1205 35732.0 802 656.7089915629025 74.0 49.93875415531683 431.06170703461004 
620000 1207 35885.0 714 677.8542831659511 45.0 51.16039086580663 432.34796008087915 
622000 1210 36053.0 529 677.6817724279783 42.0 52.68292494117304 432.8978772574815 
624000 1213 36202.0 643 686.4000120999963 34.0 51.93985228211514 431.9525331122019 
626000 1217 36325.0 275 633.9871479388075 14.0 46.287637082295745 434.4872681235257 
628000 1219 36519.0 701 652.0295898304342 62.0 51.34298603665956 431.5310005304084 
630000 1222 36674.0 653 680.2555709863865 52.0 53.807036820724825 434.16872409003145 
632000 1225 36851.0 669 687.7173112490758 66.0 56.274329842308404 436.4291394669549 
634000 1228 37011.0 689 682.5029199005763 59.0 55.257986455042825 433.2559959762466 
636000 1231 37181.0 484 645.2506286075202 44.0 52.25207212572622 431.3428144715407 
638000 1234 37307.0 923 695.1857082548822 67.0 54.15176057965443 432.4233941822365 
640000 1236 37498.0 815 734.1504236864547 82.0 59.8029260695201 430.4564610571427 
642000 1239 37634.0 502 724.4636588674256 30.0 57.49533310468016 436.295335792118 
644000 1242 37793.0 765 688.1630073143533 70.0 55.51109783331184 430.7677696991663 
646000 1245 37994.0 990 673.9758323321637 99.0 54.97559032048432 430.15627874137084 
648000 1249 38143.0 612 655.5999435931328 45.0 54.13338480926977 433.87689639155496 
650000 1251 38300.0 466 645.9459543104376 37.0 52.40804169550852 425.74985878604264 
652000 1254 38428.0 706 667.2606006923091 36.0 50.67046239602572 430.2696966362751 
654000 1257 38589.0 459 651.4659779046934 41.0 50.551767086702746 431.92320072512376 
656000 1260 38740.0 625 715.1866978925217 62.0 56.04823820620631 433.3880208189436 
658000 1263 38911.0 355 666.5001027636483 28.0 51.8671656523244 434.35810273081046 
660000 1266 39067.0 976 652.2475749146996 86.0 52.027163760544504 434.58688906746653 
662000 1269 39223.0 876 707.052482112816 74.0 56.28080238143695 433.1506391255222 
664000 1272 39412.0 582 693.926259460243 53.0 57.362704936067544 433.9376780892059 
666000 1275 39586.0 956 686.0362431465172 102.0 58.01141189839325 430.1150158828275 
668000 1278 39766.0 490 647.2204212538111 38.0 55.081319273928685 430.8936271720343 
670000 1282 39907.0 723 637.5870183846254 46.0 52.602653575624615 436.10289120555996 
672000 1286 40094.0 490 593.2956427621529 47.0 50.556201010967314 430.4145339949198 
674000 1289 40265.0 622 610.9025235736096 47.0 52.076470536995174 430.61399730228396 
676000 1291 40461.0 903 668.5610440946239 97.0 58.361941134966095 432.5531042604179 
678000 1293 40647.0 736 678.2244457166455 64.0 59.70317231932254 430.6705992374491 
680000 1296 40795.0 933 713.0506209274347 78.0 61.55661262078614 434.2780990660258 
682000 1300 40981.0 616 667.8696123904899 63.0 59.19549354049779 435.58160241076007 
684000 1303 41149.0 925 662.5009474326671 78.0 57.51451479102289 430.58528153448674 
686000 1305 41307.0 776 682.5357674204604 63.0 58.19675698072854 429.97418770841216 
688000 1307 41458.0 825 700.243971610573 67.0 58.69937315439012 431.2958417093583 
690000 1311 41617.0 508 676.0901697736969 42.0 54.924758726595364 430.9390267526945 
692000 1314 41795.0 588 649.535733765025 50.0 53.75214911168803 429.4126740084152 
694000 1317 41982.0 720 704.8835499147033 58.0 60.46531670242058 433.7821824056945 
696000 1320 42144.0 828 698.1351078878188 71.0 59.21621587606461 433.04096668312445 
698000 1323 42297.0 601 686.5714936502201 41.0 56.42162137365111 433.250541259361 
700000 1326 42485.0 522 660.8636188710105 44.0 56.781361981391655 430.1694242559075 
702000 1329 42642.0 897 684.3745781569668 78.0 57.93261288443452 434.7098488006284 
704000 1331 42840.0 509 675.9834083071431 55.0 58.63541643639196 430.7182326291349 
706000 1334 43011.0 494 661.5229046559075 45.0 58.234218582129735 431.4390817899201 
708000 1337 43197.0 1230 729.6031974941567 118.0 64.90874534637258 435.0007639471252 
710000 1340 43375.0 832 713.7207309732403 65.0 63.277475357505615 430.65909271606415 
712000 1343 43527.0 581 706.3374128794923 41.0 60.183279535621594 432.4189348271553 
714000 1345 43703.0 750 711.0333044323888 67.0 61.568456423853505 432.3063705351139 
716000 1349 43865.0 385 662.8095510380904 35.0 56.02166425969029 433.6810755782038 
718000 1352 44036.0 629 664.8071627067678 61.0 56.965793245314224 434.49046738820084 
720000 1356 44209.0 588 611.2059794519103 41.0 51.97825694825067 432.49946912297656 
722000 1359 44353.0 848 653.1111590204428 72.0 53.73214931527475 430.37270412244544 
724000 1362 44528.0 414 604.7460349259028 36.0 50.4297368508353 429.65581960218185 
726000 1365 44681.0 604 632.2008594609831 51.0 51.871278164258946 432.68328755304475 
728000 1368 44849.0 821 659.3084265470568 70.0 53.328161781744775 431.23732941867735 
730000 1371 45046.0 527 656.2578429528046 51.0 55.63122993889195 432.03199026640107 
732000 1374 45236.0 685 665.2799675125946 66.0 59.31416662545223 431.0740280218847 
734000 1377 45398.0 747 669.8310963166815 64.0 59.21602746995468 434.26816012758115 
736000 1380 45606.0 568 660.3608692148608 63.0 59.629484025596966 429.8599354071896 
738000 1383 45787.0 710 670.6360736576335 75.0 61.4008938546602 430.5729804428702 
740000 1386 45989.0 815 675.7026976964148 78.0 63.69425162004728 433.36954982966887 
742000 1389 46149.0 592 662.0282666206865 39.0 59.53110943101448 433.65444279855967 
744000 1391 46337.0 855 689.512895962756 93.0 62.38019863912173 428.15186419613906 
746000 1395 46540.0 648 659.4659110411643 82.0 61.89594832712778 431.6756649538622 
748000 1398 46700.0 776 672.8036491490088 63.0 61.82614633047615 433.1470420844392 
750000 1401 46885.0 653 650.9488602296275 54.0 58.841260674917116 431.95825380660284 
752000 1404 47063.0 794 682.3717191073985 75.0 62.338279032014576 432.72893388878447 
754000 1406 47247.0 743 695.9610924769928 62.0 61.64400601593181 425.9351399360099 
756000 1409 47417.0 903 715.4476364157279 90.0 64.28848038561429 434.5550549582279 
758000 1411 47622.0 1003 729.2225854967396 88.0 66.63366911234759 429.0187474353343 
760000 1414 47760.0 763 749.2212648271232 43.0 64.8639447829014 435.269180260464 
762000 1416 47915.0 778 743.0792245099697 57.0 63.45979527415014 432.43003616953746 
764000 1419 48115.0 448 726.535754667768 38.0 62.932190754855455 433.5072299330892 
766000 1422 48270.0 706 768.2925651528028 63.0 67.16256706028963 433.77321609547374 
768000 1424 48462.0 454 749.1669777737703 41.0 65.34167931883461 429.2645903951631 
770000 1427 48618.0 1070 780.4297267970786 65.0 66.58108422343044 434.3132434743376 
772000 1430 48800.0 779 735.3392708350704 81.0 64.0986103988808 432.5104828630375 
774000 1433 48989.0 768 700.0543284387666 67.0 60.30388698078411 432.67278061968636 
776000 1436 49140.0 625 706.6876054318609 57.0 61.23553360899162 434.690463324588 
778000 1439 49324.0 573 673.0772643598266 41.0 57.416704000954894 430.9670199157221 
780000 1442 49518.0 578 690.1153257183137 60.0 62.58977721669612 434.50582397596605 
782000 1446 49701.0 544 632.9866652037857 53.0 56.908652831874335 430.31858029256125 
784000 1449 49899.0 850 641.7032789335598 91.0 58.731407914436396 430.98240877195576 
786000 1452 50070.0 739 668.1156903425651 89.0 62.17319636962413 436.15489374946173 
788000 1455 50237.0 586 646.72633825973 46.0 58.312260153455995 433.84584675453067 
790000 1457 50384.0 819 671.5383339903814 65.0 59.22293072429936 424.6962769021379 
792000 1460 50592.0 764 692.545445478988 79.0 61.04551649801424 428.79210591857367 
794000 1463 50767.0 612 690.9046297541823 54.0 60.86418152705238 431.4053546635869 
796000 1466 50956.0 492 672.326475090799 45.0 59.88598833322119 434.13343196082013 
798000 1469 51128.0 629 709.4460003411925 53.0 64.21188549491826 434.97130961942656 
800000 1472 51302.0 616 692.1141342487293 42.0 62.47646452579542 434.7629823002278 
802000 1475 51504.0 863 695.0262038673236 102.0 64.75434263930487 433.32786577719776 
804000 1477 51694.0 903 721.941225132532 81.0 66.31101753783693 432.0801635941071 
806000 1480 51891.0 601 711.6571531216159 51.0 65.93273178508312 430.89340990995464 
808000 1483 52082.0 742 715.6410646256581 69.0 68.40196147132559 435.80592816245735 
810000 1486 52289.0 373 688.2963361121048 28.0 66.56102991259635 432.3933138067089 
812000 1489 52506.0 521 684.0980290257244 60.0 68.25699080628274 435.4217929604316 
814000 1492 52710.0 824 681.0434631597531 73.0 67.85034629778013 432.52976928852377 
816000 1495 52897.0 798 699.9046846434601 72.0 69.40690245108173 430.6449407920096 
818000 1497 53086.0 977 715.2927945612026 75.0 68.39959098537621 433.2953893786961 
820000 1500 53264.0 812 725.300447235117 83.0 69.42230182833927 431.22189990780566 
822000 1504 53435.0 667 666.9613234309603 66.0 62.689672229573404 431.08896891356494 
824000 1506 53655.0 588 666.8986719790778 54.0 64.45863450595446 426.3878621690929 
826000 1509 53873.0 699 681.2231318727478 85.0 67.31634455484081 431.1698439746149 
828000 1512 54067.0 615 668.7216631352331 51.0 66.80061518047894 430.3767634045872 
830000 1516 54244.0 759 656.0679831830264 80.0 64.56468361991224 431.13146195458256 
832000 1518 54434.0 864 686.1250663782514 58.0 65.56739373212893 433.7742596321912 
834000 1521 54597.0 722 712.7941733897453 54.0 66.347630030722 433.2134529603528 
836000 1523 54777.0 747 715.9632804456937 69.0 64.96158032488482 432.4484274847658 
838000 1527 55005.0 761 692.2906083004199 96.0 68.29169285115694 415.00116858738113 
840000 1529 55219.0 728 705.2853927233401 69.0 69.41627120943713 401.3990319501188 
842000 1532 55372.0 689 727.287051295315 43.0 68.62946171167967 429.20995291497354 
844000 1535 55554.0 580 707.1992603942848 44.0 65.94187758781449 434.61507736106023 
846000 1538 55709.0 635 698.3342608274336 41.0 62.27862876151677 434.6267940536624 
848000 1541 55942.0 735 680.2806761431991 68.0 63.41512036714573 430.711948646026 
850000 1544 56129.0 702 693.9606129083924 71.0 66.77562274764925 433.48261607451093 
852000 1547 56352.0 616 683.3722868102182 72.0 68.1374289830363 434.06478461518606 
854000 1550 56587.0 524 657.4983970846491 64.0 66.98018572863347 403.46473914666365 
856000 1553 56776.0 737 667.2803314747092 99.0 68.6555553961738 402.65184618727847 
858000 1556 56995.0 714 673.047361645063 91.0 70.3728998838107 432.2074556346929 
860000 1559 57182.0 902 665.874526639251 94.0 67.42484401529802 431.106444611718 
862000 1561 57383.0 914 693.8483665777934 79.0 69.08412365239141 426.74358335859654 
864000 1564 57556.0 483 687.4774592352114 41.0 66.80132614259334 429.4319897655414 
866000 1567 57721.0 900 719.6280677824692 83.0 68.01416675795055 431.1226232678331 
868000 1569 57950.0 856 740.7687349038002 91.0 72.38147507393994 429.59315443958513 
870000 1572 58158.0 793 733.4854077448704 90.0 74.34809532890222 433.40353105610933 
872000 1575 58366.0 638 703.3608622460105 71.0 72.16276149476973 430.8415488522187 
874000 1578 58596.0 624 700.6550685773416 75.0 72.48165312968715 430.25493678014533 
876000 1581 58773.0 761 710.636544992882 60.0 71.54712513154195 432.1449072466397 
878000 1584 58984.0 811 715.677041299811 89.0 74.10785422089408 435.7015415665031 
880000 1587 59204.0 610 695.7775631075623 73.0 72.7186257270318 433.93423394235623 
882000 1589 59400.0 1000 717.4898261171255 100.0 74.84208683889575 433.6365463884656 
884000 1592 59641.0 690 678.1080832393844 98.0 72.69388130555501 436.3363110892946 
886000 1595 59850.0 1088 731.1747926815112 111.0 78.42183947174959 437.0766455173378 
888000 1598 60055.0 800 713.6824238648218 86.0 75.02152097490546 436.9321867435765 
890000 1601 60280.0 796 723.1114869974551 87.0 77.8806887907061 440.15685684063646 
892000 1603 60478.0 588 713.7303044679387 63.0 75.77335792047194 434.2594186592967 
894000 1606 60682.0 1028 744.9603919571273 100.0 77.44277792402406 437.6949971474629 
896000 1609 60905.0 681 730.1921257367459 73.0 77.12078510661354 435.24738006626256 
898000 1611 61125.0 933 781.3256218467643 116.0 83.87783593635697 434.12739759801076 
900000 1614 61326.0 417 738.1143783262913 34.0 77.38994239760426 433.9470543902411 
902000 1617 61527.0 772 722.9073817998665 75.0 74.86126800785351 434.6307686093787 
904000 1620 61730.0 760 720.6114813321028 99.0 75.53486437772521 431.75095563597415 
906000 1623 61938.0 661 692.909769891103 63.0 71.66991613136167 433.76135649955125 
908000 1626 62119.0 793 697.3632222506142 68.0 70.62136885976267 440.07423270688923 
910000 1628 62362.0 799 711.4542100229976 79.0 72.75330877640778 430.2844608802768 
912000 1631 62555.0 826 745.5381191067653 85.0 77.4491620980013 432.1802929936119 
914000 1634 62750.0 809 707.4942888288319 68.0 70.92843916944294 433.7257406356321 
916000 1637 62956.0 977 696.1823365562185 103.0 71.4928321545239 435.36107685671936 
918000 1639 63185.0 785 719.267692610537 87.0 74.34919404516435 429.36328408755975 
920000 1642 63380.0 665 721.0671479130815 65.0 73.90356245892481 435.5472424137665 
922000 1644 63578.0 866 737.624389809596 87.0 75.9418855917291 436.6720200935503 
924000 1647 63808.0 664 731.3791801711955 83.0 77.16163459637052 436.6501275771975 
926000 1650 64026.0 721 732.9674223448015 92.0 77.51983162075412 434.1841373269518 
928000 1653 64248.0 683 727.2202508893603 81.0 76.76195725152975 433.1795023134668 
930000 1656 64439.0 586 721.2055628983437 60.0 75.83746683636518 436.1867846590269 
932000 1658 64637.0 788 740.6465059476586 78.0 76.87834813745579 435.7051797116235 
934000 1661 64842.0 794 736.9343028358433 72.0 75.58331579220527 437.16072367493734 
936000 1663 65064.0 1018 765.046785297033 99.0 78.95248579168629 429.4637501834395 
938000 1666 65280.0 710 761.6581064815372 94.0 80.8793621421393 435.37229866960234 
940000 1669 65491.0 628 741.8527596250406 78.0 79.40605500161956 434.57914423096656 
942000 1672 65685.0 668 729.6866617666547 65.0 76.28501409618067 434.04837499128416 
944000 1674 65901.0 902 753.0661960309903 103.0 79.74086141790634 438.37180725009114 
946000 1677 66135.0 752 755.675256906592 98.0 81.48508797365372 434.9147643711217 
948000 1679 66326.0 818 801.6269580943397 81.0 84.09292125865952 404.98664571900576 
950000 1682 66505.0 953 780.0360524507737 99.0 79.9337395975628 430.75488363749565 
952000 1684 66764.0 637 773.0192024851268 71.0 82.01632907402586 436.57306391871435 
954000 1687 66997.0 735 756.1279986116575 92.0 82.71490389496486 432.1233477335014 
956000 1689 67206.0 757 768.2636788754427 74.0 82.94907215492155 433.1427737721973 
958000 1692 67439.0 846 774.1292219001978 94.0 84.69287360093782 431.0950628993195 
960000 1695 67640.0 950 762.9572027652442 105.0 83.67110485508368 437.4408602809553 
962000 1698 67857.0 839 752.847800815863 101.0 82.56223543935602 434.7410047474354 
964000 1700 68077.0 612 741.9267186608491 65.0 79.85541070587837 428.95783902963313 
966000 1703 68308.0 743 750.9115779037592 99.0 82.50559440458534 435.8161774099381 
968000 1705 68529.0 752 777.848378102045 95.0 86.22953146771412 432.88461434035094 
970000 1708 68778.0 802 767.9324676363909 99.0 87.3773284399636 435.97693717377626 
972000 1710 68975.0 766 767.5652987854767 64.0 84.64563603637053 430.90699067212347 
974000 1714 69221.0 747 731.6370925331513 87.0 83.59500180346272 436.25942720476417 
976000 1716 69480.0 829 737.8960449518526 89.0 84.8019514608048 435.7793731927544 
978000 1719 69715.0 768 733.1482167699007 95.0 85.47762261492672 405.5673481135967 
980000 1722 69935.0 595 739.1980500252577 73.0 85.90318688628159 435.5766159032317 
982000 1725 70147.0 934 724.7233784684128 99.0 82.47742324009928 434.24483698716807 
984000 1728 70361.0 874 720.141342903473 103.0 81.42404154203238 430.2899356565484 
986000 1730 70601.0 746 730.9044877518131 91.0 82.70347364904623 434.50267101499475 
988000 1733 70838.0 731 743.1793715710719 94.0 85.62083229015471 436.07918990824135 
990000 1735 71070.0 876 753.2952909725683 99.0 86.54287415502532 431.6195076056181 
992000 1738 71308.0 835 739.1312671190024 96.0 85.76675525901348 434.30919456847715 
994000 1740 71519.0 982 757.466326366392 109.0 87.30107175980092 435.371999503083 
996000 1743 71758.0 912 768.8619519210998 103.0 87.39748131289487 431.9180445743729 
998000 1745 71982.0 727 767.5681810560909 98.0 88.87195986344484 435.2025280081168 
1000000 1748 72250.0 674 767.0332039898904 84.0 89.58565874045131 434.5975195636697 
1002000 1751 72478.0 912 788.0672057086301 116.0 94.17894522178901 436.5333054478825 
1004000 1753 72707.0 822 783.3544366239904 85.0 91.62494562964909 432.424252923746 
1006000 1756 72942.0 906 777.1083842988891 92.0 89.3325853640142 433.70919246219114 
1008000 1759 73145.0 724 740.5130121538901 79.0 84.31845473036637 437.83615947425994 
1010000 1761 73377.0 758 741.495539844651 96.0 85.63794833159676 435.2630041252878 
1012000 1764 73608.0 651 739.4172485467507 92.0 85.43606433373404 437.18808268477636 
1014000 1767 73854.0 604 748.2771741905813 70.0 86.15789089929213 434.9969743156227 
1016000 1769 74037.0 884 764.6145110943709 95.0 85.67789162842662 429.0126033110912 
1018000 1772 74282.0 736 755.7619785877964 96.0 85.81118299712301 436.054264216784 
1020000 1775 74500.0 734 758.8644823905037 84.0 86.27435240490269 436.8717083458483 
1022000 1777 74730.0 870 786.640230736308 106.0 88.13222544797117 435.2739357191306 
1024000 1780 74967.0 744 776.8217282067686 96.0 90.039392351571 435.5772571427568 
1026000 1783 75178.0 527 747.7570398627344 51.0 84.33771702429526 436.6630060775041 
1028000 1785 75444.0 707 737.0432022888149 91.0 84.97355078967917 431.4650394547587 
1030000 1788 75604.0 572 751.0594944685463 52.0 81.39271852567613 433.78557948326124 
1032000 1791 75866.0 645 728.9053714675703 88.0 82.7692918052179 434.48812383095486 
1034000 1793 76108.0 680 734.463350888732 84.0 84.17312636222651 434.30449450747943 
1036000 1796 76318.0 526 755.6307827978857 60.0 86.17220911806314 430.91104776831423 
1038000 1798 76538.0 732 753.0309340662874 96.0 85.15948938563116 430.95815819312133 
1040000 1801 76743.0 863 789.4025509343237 97.0 88.37726776212513 435.32918652801186 
1042000 1804 76985.0 623 753.4874596311219 72.0 86.00002819858922 437.70276886466587 
1044000 1806 77272.0 777 764.8848423012088 90.0 89.55002284085727 432.2760459861387 
1046000 1809 77500.0 692 765.1670500375814 87.0 91.22596665098496 435.00394050192654 
1048000 1811 77727.0 742 793.975310530441 89.0 92.96303298729782 431.1530006262905 
1050000 1814 77959.0 520 766.6450013766915 64.0 90.46905104774012 432.15614654241125 
1052000 1816 78211.0 685 748.6124511151202 86.0 89.79993134866949 430.2828986169935 
1054000 1819 78459.0 840 773.0094768629226 87.0 91.70514995318007 431.5252699155469 
1056000 1821 78665.0 481 742.5476762589674 45.0 87.33117146207586 431.1796330230531 
1058000 1824 78865.0 633 774.2312559927872 84.0 87.8144239958533 429.694204056754 
1060000 1827 79115.0 846 754.440585618742 101.0 87.40971509297705 434.130299295241 
1062000 1829 79335.0 745 751.656874351181 82.0 86.56186922531143 432.0537636931401 
1064000 1832 79563.0 663 768.121861402011 84.0 87.63160266525203 435.0814397755054 
1066000 1835 79810.0 703 757.412836962066 87.0 87.18143834296873 432.0727442251895 
1068000 1837 80050.0 752 753.2343979392735 89.0 88.33696505780469 435.6496151245976 
1070000 1841 80287.0 558 724.7383884879574 64.0 86.07758277442566 428.97572615985825 
1072000 1843 80530.0 741 721.3480946752455 95.0 87.41284204728478 430.41885880701955 
1074000 1846 80784.0 896 740.2657610182542 106.0 87.96796185247064 431.65398504350054 
1076000 1848 81018.0 759 751.925266424786 78.0 88.95404910050122 429.0122854832128 
1078000 1851 81237.0 873 766.5925192236689 100.0 89.62550179426539 432.65970341673096 
1080000 1853 81467.0 733 760.4799405711718 71.0 88.33665645335495 434.54591892395194 
1082000 1856 81696.0 927 781.8288766763843 96.0 89.93642255449578 431.2314480852027 
1084000 1859 81922.0 671 767.5262510970841 83.0 89.90165204222743 435.4402602709798 
1086000 1861 82157.0 872 763.6162633886381 88.0 87.47033815420423 426.4473904376981 
1088000 1864 82360.0 822 787.5202560103173 90.0 89.51487651441491 433.65118354421514 
1090000 1866 82612.0 813 781.201407368357 90.0 89.87704997667608 433.3851163112711 
1092000 1868 82843.0 1067 809.4931399683693 117.0 93.14041048110764 432.4248002837075 
1094000 1871 83083.0 635 763.6274990369412 81.0 88.72535924072746 435.26625086282246 
1096000 1874 83331.0 540 734.0834467979302 62.0 86.31578688649032 434.8469749385414 
1098000 1877 83553.0 894 771.435832715691 100.0 90.31220864025144 434.4427393414189 
1100000 1880 83760.0 792 749.3427220497389 96.0 85.99460009874332 437.878785626131 
1102000 1883 84012.0 617 682.5808443742596 78.0 78.86906347198388 433.95959797213436 
1104000 1886 84213.0 548 653.4534355488353 60.0 75.24954727107625 434.02020170272095 
1106000 1889 84461.0 1024 714.874554515101 106.0 81.15291996061458 435.16722274322746 
1108000 1891 84646.0 844 761.6383891572318 80.0 83.09386516809782 435.7017229789736 
1110000 1893 84860.0 956 815.7570952173578 107.0 89.07603078615924 433.55323256462714 
1112000 1895 85104.0 412 777.9232471260599 46.0 87.01158493678899 435.73997954057427 
1114000 1898 85327.0 844 802.1210471548977 103.0 89.38244541891918 433.69398588366073 
1116000 1901 85565.0 426 750.0432433759205 53.0 83.88780271039208 430.3844020509054 
1118000 1904 85793.0 824 752.400524421046 105.0 86.01820817587583 433.0478821529519 
1120000 1906 86017.0 697 750.9644247810475 75.0 84.82474862245942 432.759516269743 
1122000 1909 86249.0 852 764.8000656653837 98.0 87.06324174577291 432.0539936637025 
1124000 1911 86482.0 678 784.6680531889608 87.0 89.93122581407607 433.8964068889935 
1126000 1914 86727.0 841 784.6520107747524 91.0 91.32786361846146 431.7440058436589 
1128000 1916 86949.0 767 803.7981287275496 102.0 92.54556953095378 433.04725209716736 
1130000 1918 87166.0 860 819.0664842693152 108.0 95.66191132007256 434.7433717351402 
1132000 1920 87385.0 1106 857.0238522581454 108.0 96.11614816925878 432.43905606277406 
1134000 1923 87631.0 687 823.259388296188 88.0 93.82667201538965 430.07193447855474 
1136000 1925 87838.0 1002 859.1101045199124 105.0 95.76960433246562 429.63079571560957 
1138000 1927 88022.0 1154 888.859184661129 105.0 96.17337950929716 434.0690037956249 
1140000 1929 88252.0 630 849.5759395755146 71.0 93.1004374025307 431.76564571908136 
1142000 1932 88483.0 755 866.0298599505502 90.0 96.06721886644489 432.6204462499601 
1144000 1935 88711.0 473 804.2307679039511 59.0 89.89200255363832 434.03845012407083 
1146000 1937 88935.0 587 788.7869220022005 65.0 89.21252206844704 432.2196683653836 
1148000 1940 89190.0 800 788.6666661396042 105.0 91.7359285878979 427.05869144300146 
1150000 1943 89409.0 1015 774.2409996157716 111.0 87.59649194057758 433.98821269380403 
1152000 1946 89610.0 684 765.2206887198976 59.0 86.05684262468107 438.2231504230445 
1154000 1948 89862.0 806 755.7787578631171 89.0 84.72604252599167 430.8085548269158 
1156000 1951 90097.0 844 778.1207144822124 106.0 90.33828500144793 436.3895693936666 
1158000 1954 90340.0 511 748.9760008575329 46.0 88.13260976605555 437.3522005810541 
1160000 1956 90593.0 709 766.5805606946016 94.0 90.68741391050501 432.41473227744336 
1162000 1959 90821.0 751 766.6962287463646 80.0 90.73412474075816 436.0622920033869 
1164000 1961 91060.0 679 763.6239452845554 71.0 90.40464104001411 437.4504076967707 
1166000 1964 91310.0 675 760.6578561124409 93.0 90.87398331817029 437.2267876376166 
1168000 1966 91562.0 574 768.752863451077 85.0 91.91792648771795 433.47588611785125 
1170000 1969 91783.0 630 740.6368374558352 62.0 88.7691684095464 435.6803354047658 
1172000 1971 92006.0 810 753.0958383392266 87.0 88.61302641173259 435.34046328183877 
1174000 1974 92198.0 1055 818.7928661492963 103.0 92.88089625415307 437.2428892726213 
1176000 1976 92439.0 924 822.4922215809299 100.0 92.88352596586398 435.8147854360873 
1178000 1979 92655.0 773 813.6518295324979 81.0 92.21909042911486 435.5653771566864 
1180000 1981 92885.0 724 793.2879819213233 70.0 88.17746324758305 433.8964641211196 
1182000 1984 93074.0 517 771.1179388206448 53.0 83.82837070748805 432.362351792453 
1184000 1987 93298.0 566 737.05897740025 49.0 79.77188224575879 400.08200537032513 
1186000 1990 93527.0 560 718.7669945247824 67.0 79.10970215715815 429.6713203702297 
1188000 1992 93719.0 585 768.5912655650739 56.0 81.1988587472981 430.76960275392173 
1190000 1995 93937.0 840 772.2560325969388 99.0 84.01596802678034 426.0329102166965 
1192000 1997 94166.0 862 771.0373864035204 98.0 84.33293410169209 435.90059657525774 
1194000 2000 94412.0 751 761.9532546881665 95.0 85.59470896013353 431.86395339895836 
1196000 2002 94615.0 680 751.5121362974149 72.0 83.19171425770817 427.93267190407664 
1198000 2005 94860.0 409 764.4413473608155 40.0 84.83375969386927 433.1623370260496 
1200000 2008 95075.0 594 766.3567422260345 82.0 86.55881081683071 433.78664841977724 
1202000 2010 95323.0 732 787.908961203088 92.0 89.12263676163289 432.0692554029682 
1204000 2013 95558.0 747 736.1966327170513 85.0 84.75640219923038 433.7704477858048 
1206000 2015 95764.0 920 758.9692725008116 107.0 87.27268578137661 435.4578164036047 
1208000 2018 95994.0 873 798.3495996530919 101.0 90.21878793462358 433.0464933999296 
1210000 2020 96191.0 877 801.4131757190045 70.0 86.73721822704512 434.5200564306941 
