iterations                = 1163
game_id                   = 1
score                     = 132.70000000000044
game_iterations           = 1163
game_iterations_smooth    = 1163.0
game_score                = 132.70000000000044
game_score_smooth         = 132.70000000000044
fps_smooth                = 75.91139512907291



iterations                = 1502
game_id                   = 2
score                     = 270.69999999999965
game_iterations           = 339
game_iterations_smooth    = 1154.76
game_score                = 138.00000000000014
game_score_smooth         = 132.75300000000044
fps_smooth                = 76.01090504713082



iterations                = 2626
game_id                   = 3
score                     = 461.09999999999695
game_iterations           = 1124
game_iterations_smooth    = 1154.4524
game_score                = 190.39999999999975
game_score_smooth         = 133.32947000000044
fps_smooth                = 80.11633865686068



iterations                = 5383
game_id                   = 4
score                     = 674.3999999999921
game_iterations           = 2757
game_iterations_smooth    = 1170.477876
game_score                = 213.29999999999998
game_score_smooth         = 134.12917530000044
fps_smooth                = 83.00458314986831



iterations                = 5893
game_id                   = 5
score                     = 817.3999999999945
game_iterations           = 510
game_iterations_smooth    = 1163.8730972399999
game_score                = 143.00000000000014
game_score_smooth         = 134.21788354700044
fps_smooth                = 81.55643466812712



iterations                = 6418
game_id                   = 6
score                     = 986.3999999999982
game_iterations           = 525
game_iterations_smooth    = 1157.4843662675999
game_score                = 169.00000000000006
game_score_smooth         = 134.56570471153043
fps_smooth                = 86.02674573152368



iterations                = 6942
game_id                   = 7
score                     = 1103.200000000004
game_iterations           = 524
game_iterations_smooth    = 1151.149522604924
game_score                = 116.80000000000017
game_score_smooth         = 134.38804766441513
fps_smooth                = 77.8082946450589



iterations                = 8194
game_id                   = 8
score                     = 1367.500000000012
game_iterations           = 1252
game_iterations_smooth    = 1152.1580273788747
game_score                = 264.29999999999905
game_score_smooth         = 135.68716718777097
fps_smooth                = 83.2534875118387



iterations                = 8915
game_id                   = 9
score                     = 1613.0000000000143
game_iterations           = 721
game_iterations_smooth    = 1147.846447105086
game_score                = 245.4999999999993
game_score_smooth         = 136.78529551589324
fps_smooth                = 88.01710410935065



iterations                = 9488
game_id                   = 10
score                     = 1712.5000000000196
game_iterations           = 573
game_iterations_smooth    = 1142.0979826340351
game_score                = 99.50000000000011
game_score_smooth         = 136.41244256073432
fps_smooth                = 85.20549715048159



iterations                = 9992
game_id                   = 11
score                     = 1850.0000000000189
game_iterations           = 504
game_iterations_smooth    = 1135.7170028076948
game_score                = 137.49999999999986
game_score_smooth         = 136.42331813512698
fps_smooth                = 88.93984260314468



iterations                = 10799
game_id                   = 12
score                     = 2065.4000000000174
game_iterations           = 807
game_iterations_smooth    = 1132.4298327796178
game_score                = 215.39999999999938
game_score_smooth         = 137.2130849537757
fps_smooth                = 75.7700536173235



iterations                = 11190
game_id                   = 13
score                     = 2195.4000000000046
game_iterations           = 391
game_iterations_smooth    = 1125.0155344518216
game_score                = 130.0
game_score_smooth         = 137.14095410423795
fps_smooth                = 80.40627740986285



iterations                = 11780
game_id                   = 14
score                     = 2326.599999999998
game_iterations           = 590
game_iterations_smooth    = 1119.6653791073036
game_score                = 131.20000000000007
game_score_smooth         = 137.0815445631956
fps_smooth                = 71.2265161011512



iterations                = 13366
game_id                   = 15
score                     = 2561.099999999997
game_iterations           = 1586
game_iterations_smooth    = 1124.3287253162305
game_score                = 234.4999999999995
game_score_smooth         = 138.05572911756363
fps_smooth                = 81.65705250316942



iterations                = 14114
game_id                   = 16
score                     = 2657.3999999999946
game_iterations           = 748
game_iterations_smooth    = 1120.565438063068
game_score                = 96.30000000000035
game_score_smooth         = 137.63817182638797
fps_smooth                = 81.90288925085693



iterations                = 16052
game_id                   = 17
score                     = 2877.599999999995
game_iterations           = 1938
game_iterations_smooth    = 1128.7397836824375
game_score                = 220.20000000000036
game_score_smooth         = 138.4637901081241
fps_smooth                = 84.30564854790833



iterations                = 17105
game_id                   = 18
score                     = 3104.2999999999765
game_iterations           = 1053
game_iterations_smooth    = 1127.9823858456132
game_score                = 226.69999999999956
game_score_smooth         = 139.34615220704285
fps_smooth                = 67.79286204125512



iterations                = 18397
game_id                   = 19
score                     = 3310.5999999999735
game_iterations           = 1292
game_iterations_smooth    = 1129.622561987157
game_score                = 206.3000000000003
game_score_smooth         = 140.01569068497244
fps_smooth                = 62.63352866755321



iterations                = 18756
game_id                   = 20
score                     = 3449.699999999959
game_iterations           = 359
game_iterations_smooth    = 1121.9163363672853
game_score                = 139.10000000000002
game_score_smooth         = 140.0065337781227
fps_smooth                = 61.796840917033464



iterations                = 19299
game_id                   = 21
score                     = 3624.8999999999396
game_iterations           = 543
game_iterations_smooth    = 1116.1271730036126
game_score                = 175.1999999999996
game_score_smooth         = 140.35846844034148
fps_smooth                = 60.83430729395774



iterations                = 19988
game_id                   = 22
score                     = 3878.8999999999164
game_iterations           = 689
game_iterations_smooth    = 1111.8559012735766
game_score                = 253.99999999999926
game_score_smooth         = 141.49488375593805
fps_smooth                = 74.71421208396784



iterations                = 20604
game_id                   = 23
score                     = 4096.899999999901
game_iterations           = 616
game_iterations_smooth    = 1106.8973422608408
game_score                = 217.9999999999993
game_score_smooth         = 142.25993491837866
fps_smooth                = 68.21096446512516



iterations                = 20853
game_id                   = 24
score                     = 4192.29999999989
game_iterations           = 249
game_iterations_smooth    = 1098.3183688382323
game_score                = 95.40000000000012
game_score_smooth         = 141.79133556919487
fps_smooth                = 75.91632740859104



iterations                = 21256
game_id                   = 25
score                     = 4385.799999999881
game_iterations           = 403
game_iterations_smooth    = 1091.36518514985
game_score                = 193.49999999999955
game_score_smooth         = 142.30842221350292
fps_smooth                = 88.72432681987765



iterations                = 21912
game_id                   = 26
score                     = 4585.399999999861
game_iterations           = 656
game_iterations_smooth    = 1087.0115332983514
game_score                = 199.59999999999957
game_score_smooth         = 142.8813379913679
fps_smooth                = 62.976757663981886



iterations                = 22173
game_id                   = 27
score                     = 4724.699999999857
game_iterations           = 261
game_iterations_smooth    = 1078.7514179653679
game_score                = 139.3
game_score_smooth         = 142.8455246114542
fps_smooth                = 63.71535684074015



iterations                = 23067
game_id                   = 28
score                     = 4992.899999999834
game_iterations           = 894
game_iterations_smooth    = 1076.9039037857142
game_score                = 268.19999999999914
game_score_smooth         = 144.09906936533966
fps_smooth                = 85.41159382004366



iterations                = 23407
game_id                   = 29
score                     = 5139.799999999832
game_iterations           = 340
game_iterations_smooth    = 1069.5348647478572
game_score                = 146.8999999999999
game_score_smooth         = 144.12707867168626
fps_smooth                = 76.20965000709413



iterations                = 23808
game_id                   = 30
score                     = 5330.999999999827
game_iterations           = 401
game_iterations_smooth    = 1062.8495161003787
game_score                = 191.19999999999956
game_score_smooth         = 144.5978078849694
fps_smooth                = 81.35237264303808



iterations                = 24361
game_id                   = 31
score                     = 5524.499999999816
game_iterations           = 553
game_iterations_smooth    = 1057.751020939375
game_score                = 193.4999999999997
game_score_smooth         = 145.0868298061197
fps_smooth                = 84.79822690648538



iterations                = 25008
game_id                   = 32
score                     = 5729.299999999799
game_iterations           = 647
game_iterations_smooth    = 1053.6435107299812
game_score                = 204.79999999999933
game_score_smooth         = 145.6839615080585
fps_smooth                = 73.21864921411075



iterations                = 26160
game_id                   = 33
score                     = 5967.199999999766
game_iterations           = 1152
game_iterations_smooth    = 1054.6270756226813
game_score                = 237.90000000000018
game_score_smooth         = 146.6061218929779
fps_smooth                = 76.13465924600719



iterations                = 27008
game_id                   = 34
score                     = 6276.899999999751
game_iterations           = 848
game_iterations_smooth    = 1052.5608048664544
game_score                = 309.6999999999993
game_score_smooth         = 148.2370606740481
fps_smooth                = 88.11599641955277



iterations                = 27680
game_id                   = 35
score                     = 6453.39999999973
game_iterations           = 672
game_iterations_smooth    = 1048.75519681779
game_score                = 176.49999999999983
game_score_smooth         = 148.5196900673076
fps_smooth                = 88.28033478775316



iterations                = 28054
game_id                   = 36
score                     = 6634.299999999729
game_iterations           = 374
game_iterations_smooth    = 1042.007644849612
game_score                = 180.89999999999972
game_score_smooth         = 148.84349316663452
fps_smooth                = 90.65722242678115



iterations                = 28437
game_id                   = 37
score                     = 6816.699999999731
game_iterations           = 383
game_iterations_smooth    = 1035.417568401116
game_score                = 182.39999999999972
game_score_smooth         = 149.17905823496815
fps_smooth                = 88.81119904100126



iterations                = 29119
game_id                   = 38
score                     = 6956.999999999716
game_iterations           = 682
game_iterations_smooth    = 1031.8833927171047
game_score                = 140.30000000000024
game_score_smooth         = 149.09026765261845
fps_smooth                = 88.38237638929029



iterations                = 29591
game_id                   = 39
score                     = 7106.39999999971
game_iterations           = 472
game_iterations_smooth    = 1026.2845587899335
game_score                = 149.39999999999995
game_score_smooth         = 149.09336497609226
fps_smooth                = 88.86131577413286



iterations                = 30150
game_id                   = 40
score                     = 7252.899999999701
game_iterations           = 559
game_iterations_smooth    = 1021.6117132020341
game_score                = 146.50000000000003
game_score_smooth         = 149.06743132633133
fps_smooth                = 87.70983173829663



iterations                = 30658
game_id                   = 41
score                     = 7363.699999999687
game_iterations           = 508
game_iterations_smooth    = 1016.4755960700138
game_score                = 110.80000000000011
game_score_smooth         = 148.684757013068
fps_smooth                = 90.57215687963844



iterations                = 31955
game_id                   = 42
score                     = 7536.999999999632
game_iterations           = 1297
game_iterations_smooth    = 1019.2808401093137
game_score                = 173.30000000000038
game_score_smooth         = 148.93090944293732
fps_smooth                = 86.82122649616535



iterations                = 32611
game_id                   = 43
score                     = 7739.999999999617
game_iterations           = 656
game_iterations_smooth    = 1015.6480317082205
game_score                = 202.99999999999932
game_score_smooth         = 149.47160034850793
fps_smooth                = 77.61138292918454



iterations                = 33439
game_id                   = 44
score                     = 7992.999999999591
game_iterations           = 828
game_iterations_smooth    = 1013.7715513911382
game_score                = 252.99999999999966
game_score_smooth         = 150.50688434502285
fps_smooth                = 90.41736422313721



iterations                = 33659
game_id                   = 45
score                     = 8095.199999999588
game_iterations           = 220
game_iterations_smooth    = 1005.8338358772269
game_score                = 102.20000000000005
game_score_smooth         = 150.0238155015726
fps_smooth                = 89.11693092123305



iterations                = 34430
game_id                   = 46
score                     = 8347.099999999647
game_iterations           = 771
game_iterations_smooth    = 1003.4854975184546
game_score                = 251.8999999999994
game_score_smooth         = 151.0425773465569
fps_smooth                = 87.90019354781961



iterations                = 35214
game_id                   = 47
score                     = 8515.899999999685
game_iterations           = 784
game_iterations_smooth    = 1001.2906425432701
game_score                = 168.7999999999996
game_score_smooth         = 151.22015157309133
fps_smooth                = 89.16452104527633



iterations                = 35534
game_id                   = 48
score                     = 8671.69999999975
game_iterations           = 320
game_iterations_smooth    = 994.4777361178375
game_score                = 155.7999999999998
game_score_smooth         = 151.2659500573604
fps_smooth                = 88.47260111163318



iterations                = 36028
game_id                   = 49
score                     = 8848.99999999985
game_iterations           = 494
game_iterations_smooth    = 989.4729587566592
game_score                = 177.29999999999956
game_score_smooth         = 151.5262905567868
fps_smooth                = 88.27600390852302



iterations                = 36308
game_id                   = 50
score                     = 9000.299999999941
game_iterations           = 280
game_iterations_smooth    = 982.3782291690925
game_score                = 151.29999999999987
game_score_smooth         = 151.52402765121892
fps_smooth                = 87.20760664283777



iterations                = 36867
game_id                   = 51
score                     = 9153.600000000039
game_iterations           = 559
game_iterations_smooth    = 978.1444468774016
game_score                = 153.30000000000004
game_score_smooth         = 151.5417873747067
fps_smooth                = 89.39677173358277



iterations                = 37288
game_id                   = 52
score                     = 9335.600000000151
game_iterations           = 421
game_iterations_smooth    = 972.5730024086276
game_score                = 181.9999999999996
game_score_smooth         = 151.84636950095964
fps_smooth                = 88.30212132691486



iterations                = 37451
game_id                   = 53
score                     = 9441.300000000216
game_iterations           = 163
game_iterations_smooth    = 964.4772723845414
game_score                = 105.70000000000009
game_score_smooth         = 151.38490580595004
fps_smooth                = 88.99007274982567



iterations                = 37740
game_id                   = 54
score                     = 9582.200000000283
game_iterations           = 289
game_iterations_smooth    = 957.7224996606959
game_score                = 140.89999999999995
game_score_smooth         = 151.28005674789054
fps_smooth                = 89.93356089776361



iterations                = 38218
game_id                   = 55
score                     = 9843.000000000418
game_iterations           = 478
game_iterations_smooth    = 952.9252746640889
game_score                = 260.79999999999933
game_score_smooth         = 152.37525618041164
fps_smooth                = 87.91942811680566



iterations                = 38454
game_id                   = 56
score                     = 9991.600000000486
game_iterations           = 236
game_iterations_smooth    = 945.756021917448
game_score                = 148.59999999999982
game_score_smooth         = 152.3375036186075
fps_smooth                = 88.75092225303253



iterations                = 38739
game_id                   = 57
score                     = 10131.800000000563
game_iterations           = 285
game_iterations_smooth    = 939.1484616982735
game_score                = 140.20000000000002
game_score_smooth         = 152.21612858242142
fps_smooth                = 88.83572344587706



iterations                = 38985
game_id                   = 58
score                     = 10269.900000000625
game_iterations           = 246
game_iterations_smooth    = 932.2169770812908
game_score                = 138.09999999999994
game_score_smooth         = 152.0749672965972
fps_smooth                = 88.77163415797408



iterations                = 39186
game_id                   = 59
score                     = 10409.4000000007
game_iterations           = 201
game_iterations_smooth    = 924.9048073104778
game_score                = 139.5
game_score_smooth         = 151.94921762363126
fps_smooth                = 88.20224779536177



iterations                = 39508
game_id                   = 60
score                     = 10590.400000000804
game_iterations           = 322
game_iterations_smooth    = 918.8757592373731
game_score                = 180.99999999999952
game_score_smooth         = 152.23972544739493
fps_smooth                = 88.43786769537903



iterations                = 39798
game_id                   = 61
score                     = 10773.900000000882
game_iterations           = 290
game_iterations_smooth    = 912.5870016449994
game_score                = 183.49999999999957
game_score_smooth         = 152.55232819292098
fps_smooth                = 87.79482993858596



iterations                = 40058
game_id                   = 62
score                     = 10923.000000000966
game_iterations           = 260
game_iterations_smooth    = 906.0611316285494
game_score                = 149.09999999999985
game_score_smooth         = 152.51780491099174
fps_smooth                = 89.83964414708807



iterations                = 40220
game_id                   = 63
score                     = 11027.700000001018
game_iterations           = 162
game_iterations_smooth    = 898.6205203122639
game_score                = 104.70000000000006
game_score_smooth         = 152.03962686188183
fps_smooth                = 90.68453479053386



iterations                = 40400
game_id                   = 64
score                     = 11131.600000001052
game_iterations           = 180
game_iterations_smooth    = 891.4343151091413
game_score                = 103.90000000000005
game_score_smooth         = 151.558230593263
fps_smooth                = 89.06690372224915



iterations                = 40650
game_id                   = 65
score                     = 11271.400000001115
game_iterations           = 250
game_iterations_smooth    = 885.0199719580498
game_score                = 139.79999999999993
game_score_smooth         = 151.44064828733036
fps_smooth                = 89.42305770150463



iterations                = 40970
game_id                   = 66
score                     = 11431.60000000118
game_iterations           = 320
game_iterations_smooth    = 879.3697722384694
game_score                = 160.19999999999985
game_score_smooth         = 151.52824180445705
fps_smooth                = 87.22263195820918



iterations                = 41255
game_id                   = 67
score                     = 11573.300000001258
game_iterations           = 285
game_iterations_smooth    = 873.4260745160848
game_score                = 141.69999999999993
game_score_smooth         = 151.4299593864125
fps_smooth                = 90.11973103543073



iterations                = 41600
game_id                   = 68
score                     = 11728.400000001355
game_iterations           = 345
game_iterations_smooth    = 868.1418137709239
game_score                = 155.09999999999968
game_score_smooth         = 151.46665979254834
fps_smooth                = 88.1621490039588



iterations                = 42023
game_id                   = 69
score                     = 11870.000000001406
game_iterations           = 423
game_iterations_smooth    = 863.6903956332147
game_score                = 141.60000000000002
game_score_smooth         = 151.36799319462284
fps_smooth                = 89.45246522270487



iterations                = 42234
game_id                   = 70
score                     = 12011.00000000146
game_iterations           = 211
game_iterations_smooth    = 857.1634916768826
game_score                = 140.99999999999994
game_score_smooth         = 151.2643132626766
fps_smooth                = 89.20186204385557



iterations                = 42767
game_id                   = 71
score                     = 12161.100000001536
game_iterations           = 533
game_iterations_smooth    = 853.9218567601138
game_score                = 150.10000000000014
game_score_smooth         = 151.25267013004984
fps_smooth                = 87.42494161760922



iterations                = 43016
game_id                   = 72
score                     = 12300.300000001624
game_iterations           = 249
game_iterations_smooth    = 847.8726381925127
game_score                = 139.19999999999982
game_score_smooth         = 151.13214342874934
fps_smooth                = 87.95887904556798



iterations                = 43421
game_id                   = 73
score                     = 12449.200000001683
game_iterations           = 405
game_iterations_smooth    = 843.4439118105875
game_score                = 148.89999999999995
game_score_smooth         = 151.10982199446187
fps_smooth                = 89.02055213239908



iterations                = 43613
game_id                   = 74
score                     = 12549.70000000173
game_iterations           = 192
game_iterations_smooth    = 836.9294726924816
game_score                = 100.50000000000013
game_score_smooth         = 150.60372377451725
fps_smooth                = 90.55105578819227



iterations                = 44016
game_id                   = 75
score                     = 12713.800000001818
game_iterations           = 403
game_iterations_smooth    = 832.5901779655567
game_score                = 164.09999999999968
game_score_smooth         = 150.73868653677206
fps_smooth                = 88.99101079537195



iterations                = 44582
game_id                   = 76
score                     = 12868.30000000186
game_iterations           = 566
game_iterations_smooth    = 829.924276185901
game_score                = 154.50000000000017
game_score_smooth         = 150.77629967140433
fps_smooth                = 88.35797989809477



iterations                = 45828
game_id                   = 77
score                     = 13145.80000000196
game_iterations           = 1246
game_iterations_smooth    = 834.0850334240421
game_score                = 277.4999999999993
game_score_smooth         = 152.0435366746903
fps_smooth                = 87.71360296937654



iterations                = 46196
game_id                   = 78
score                     = 13329.300000002046
game_iterations           = 368
game_iterations_smooth    = 829.4241830898017
game_score                = 183.49999999999974
game_score_smooth         = 152.3581013079434
fps_smooth                = 88.25965294921122



iterations                = 46834
game_id                   = 79
score                     = 13525.50000000215
game_iterations           = 638
game_iterations_smooth    = 827.5099412589036
game_score                = 196.19999999999948
game_score_smooth         = 152.79652029486397
fps_smooth                = 88.18271880423407



iterations                = 47660
game_id                   = 80
score                     = 13684.80000000219
game_iterations           = 826
game_iterations_smooth    = 827.4948418463146
game_score                = 159.30000000000018
game_score_smooth         = 152.8615550919153
fps_smooth                = 89.8771064436851



iterations                = 48064
game_id                   = 81
score                     = 13862.50000000227
game_iterations           = 404
game_iterations_smooth    = 823.2598934278514
game_score                = 177.69999999999962
game_score_smooth         = 153.10993954099615
fps_smooth                = 89.16888736116753



iterations                = 49032
game_id                   = 82
score                     = 14187.700000002409
game_iterations           = 968
game_iterations_smooth    = 824.7072944935728
game_score                = 325.19999999999885
game_score_smooth         = 154.83084014558617
fps_smooth                = 88.30522075300823



iterations                = 49357
game_id                   = 83
score                     = 14343.900000002484
game_iterations           = 325
game_iterations_smooth    = 819.710221548637
game_score                = 156.19999999999987
game_score_smooth         = 154.8445317441303
fps_smooth                = 88.62716870875447



iterations                = 49605
game_id                   = 84
score                     = 14447.100000002547
game_iterations           = 248
game_iterations_smooth    = 813.9931193331507
game_score                = 103.20000000000012
game_score_smooth         = 154.32808642668903
fps_smooth                = 88.03638761453081



iterations                = 50049
game_id                   = 85
score                     = 14664.900000002664
game_iterations           = 444
game_iterations_smooth    = 810.2931881398192
game_score                = 217.7999999999996
game_score_smooth         = 154.96280556242212
fps_smooth                = 87.73785044645805



iterations                = 50447
game_id                   = 86
score                     = 14781.100000002738
game_iterations           = 398
game_iterations_smooth    = 806.1702562584211
game_score                = 116.2000000000001
game_score_smooth         = 154.5751775067979
fps_smooth                = 87.94931377849862



iterations                = 50935
game_id                   = 87
score                     = 14933.500000002801
game_iterations           = 488
game_iterations_smooth    = 802.9885536958369
game_score                = 152.40000000000015
game_score_smooth         = 154.55342573172993
fps_smooth                = 90.27439872052076



iterations                = 51274
game_id                   = 88
score                     = 15091.400000002883
game_iterations           = 339
game_iterations_smooth    = 798.3486681588785
game_score                = 157.89999999999958
game_score_smooth         = 154.58689147441262
fps_smooth                = 90.31101071625665



iterations                = 52085
game_id                   = 89
score                     = 15345.700000002984
game_iterations           = 811
game_iterations_smooth    = 798.4751814772897
game_score                = 254.29999999999944
game_score_smooth         = 155.5840225596685
fps_smooth                = 87.94581466854189



iterations                = 52393
game_id                   = 90
score                     = 15529.20000000306
game_iterations           = 308
game_iterations_smooth    = 793.5704296625167
game_score                = 183.49999999999966
game_score_smooth         = 155.86318233407184
fps_smooth                = 88.29819842354462



iterations                = 53248
game_id                   = 91
score                     = 15827.500000003189
game_iterations           = 855
game_iterations_smooth    = 794.1847253658915
game_score                = 298.29999999999916
game_score_smooth         = 157.2875505107311
fps_smooth                = 87.46405650058185



iterations                = 53556
game_id                   = 92
score                     = 15984.600000003262
game_iterations           = 308
game_iterations_smooth    = 789.3228781122326
game_score                = 157.09999999999988
game_score_smooth         = 157.2856750056238
fps_smooth                = 88.93381881842711



iterations                = 54147
game_id                   = 93
score                     = 16248.100000003396
game_iterations           = 591
game_iterations_smooth    = 787.3396493311102
game_score                = 263.49999999999915
game_score_smooth         = 158.34781825556755
fps_smooth                = 89.68918607361597



iterations                = 54847
game_id                   = 94
score                     = 16456.80000000348
game_iterations           = 700
game_iterations_smooth    = 786.4662528377991
game_score                = 208.69999999999962
game_score_smooth         = 158.85134007301187
fps_smooth                = 89.12157856997186



iterations                = 55114
game_id                   = 95
score                     = 16593.700000003497
game_iterations           = 267
game_iterations_smooth    = 781.2715903094211
game_score                = 136.89999999999992
game_score_smooth         = 158.63182667228176
fps_smooth                = 90.84429660162509



iterations                = 55582
game_id                   = 96
score                     = 16730.500000003565
game_iterations           = 468
game_iterations_smooth    = 778.1388744063267
game_score                = 136.7999999999999
game_score_smooth         = 158.41350840555893
fps_smooth                = 89.35985178754781



iterations                = 56200
game_id                   = 97
score                     = 16918.10000000364
game_iterations           = 618
game_iterations_smooth    = 776.5374856622634
game_score                = 187.5999999999995
game_score_smooth         = 158.70537332150334
fps_smooth                = 88.17126683828232



iterations                = 56992
game_id                   = 98
score                     = 17134.800000003732
game_iterations           = 792
game_iterations_smooth    = 776.6921108056407
game_score                = 216.69999999999976
game_score_smooth         = 159.2853195882883
fps_smooth                = 79.09820992527841



iterations                = 57601
game_id                   = 99
score                     = 17339.50000000383
game_iterations           = 609
game_iterations_smooth    = 775.0151896975843
game_score                = 204.69999999999993
game_score_smooth         = 159.7394663924054
fps_smooth                = 79.5408352311295



iterations                = 57782
game_id                   = 100
score                     = 17442.20000000385
game_iterations           = 181
game_iterations_smooth    = 769.0750378006085
game_score                = 102.70000000000006
game_score_smooth         = 159.16907172848133
fps_smooth                = 81.71391513567109



iterations                = 58543
game_id                   = 101
score                     = 17572.00000000395
game_iterations           = 761
game_iterations_smooth    = 768.9942874226024
game_score                = 129.80000000000004
game_score_smooth         = 158.8753810111965
fps_smooth                = 76.2435590303602



iterations                = 59236
game_id                   = 102
score                     = 17807.200000003984
game_iterations           = 693
game_iterations_smooth    = 768.2343445483763
game_score                = 235.19999999999968
game_score_smooth         = 159.63862720108455
fps_smooth                = 83.41390419013526



iterations                = 59833
game_id                   = 103
score                     = 18007.300000004037
game_iterations           = 597
game_iterations_smooth    = 766.5220011028925
game_score                = 200.0999999999996
game_score_smooth         = 160.0432409290737
fps_smooth                = 84.99955012041141



iterations                = 60242
game_id                   = 104
score                     = 18209.20000000409
game_iterations           = 409
game_iterations_smooth    = 762.9467810918636
game_score                = 201.8999999999994
game_score_smooth         = 160.46180851978298
fps_smooth                = 84.41574156695285



iterations                = 60501
game_id                   = 105
score                     = 18350.000000004093
game_iterations           = 259
game_iterations_smooth    = 757.907313280945
game_score                = 140.79999999999998
game_score_smooth         = 160.26519043458512
fps_smooth                = 83.92793716061576



iterations                = 61165
game_id                   = 106
score                     = 18639.40000000416
game_iterations           = 664
game_iterations_smooth    = 756.9682401481356
game_score                = 289.3999999999993
game_score_smooth         = 161.55653853023927
fps_smooth                = 82.49971582935683



iterations                = 61639
game_id                   = 107
score                     = 18901.600000004197
game_iterations           = 474
game_iterations_smooth    = 754.1385577466542
game_score                = 262.1999999999988
game_score_smooth         = 162.56297314493685
fps_smooth                = 85.36508911326304



iterations                = 62073
game_id                   = 108
score                     = 19053.500000004253
game_iterations           = 434
game_iterations_smooth    = 750.9371721691876
game_score                = 151.8999999999999
game_score_smooth         = 162.45634341348747
fps_smooth                = 84.921508123842



iterations                = 62295
game_id                   = 109
score                     = 19194.800000004263
game_iterations           = 222
game_iterations_smooth    = 745.6478004474958
game_score                = 141.2999999999998
game_score_smooth         = 162.24477997935261
fps_smooth                = 86.72524343489165



