2000 2 325.39999999999725 147 1287.48 61.60000000000007 117.03999999999985 86.53231063939057 
4000 5 709.7999999999986 247 1272.84824452 138.29999999999987 118.17592745999985 87.11510843152449 
6000 6 1085.400000000007 999 1270.1097620748 254.39999999999952 119.53816818539985 87.1953150934261 
8000 8 1406.400000000028 267 1270.5814778095116 183.7999999999995 121.23079863851041 88.54098340781728 
10000 9 1660.000000000044 1907 1276.9456630314164 231.3000000000004 122.33149065212531 88.15606441677964 
12000 12 2314.0000000000296 853 1262.8898428937205 228.79999999999984 124.95964644826653 87.79010269255336 
14000 16 3068.4999999999504 449 1234.7107405432348 179.79999999999956 128.47212586421549 87.5229634673975 
16000 22 4291.499999999791 309 1180.6947786770618 222.49999999999912 132.44213689012753 86.85013762623494 
18000 27 5292.799999999703 447 1138.8479525578684 263.3999999999988 134.11548809914495 88.71797393728305 
20000 32 6334.799999999658 351 1105.66487264232 248.29999999999905 139.19167329439875 86.61090810488946 
22000 38 7405.499999999605 175 1059.054681792169 102.30000000000008 140.46322152133072 87.45245779978887 
24000 43 8143.4999999995325 936 1029.0134929792637 216.09999999999974 141.82852927613501 87.93725092756826 
26000 46 8797.399999999801 441 1017.5779052242866 145.30000000000004 144.02027802810454 87.11221881459537 
28000 53 9902.200000000359 295 969.6092630013246 159.09999999999982 145.79200791722926 88.3981459764662 
30000 60 11110.500000000906 249 923.5512458320668 166.5999999999996 147.8673267693278 88.30275832666513 
32000 64 11996.70000000126 384 899.6770076168125 248.6999999999994 149.1016282559825 86.72037158609245 
34000 69 12900.400000001664 354 875.817945704995 221.29999999999933 150.394621823378 88.41689335532729 
36000 76 14006.300000002153 476 839.5167799654932 234.49999999999952 151.35155828628552 87.15714125395178 
38000 81 15029.500000002608 187 816.7965077762718 143.59999999999994 153.9227386635774 88.30277908430024 
40000 87 16192.500000003156 631 791.0033462024165 338.9999999999988 156.84371190680193 86.85180410451026 
42000 94 17351.40000000345 322 757.9492578038485 144.6000000000001 158.41144523934068 87.12250280268108 
44000 100 18231.50000000361 772 732.5117460845212 185.20000000000002 157.31047702069802 87.51387874828717 
46000 102 18811.700000003828 335 725.4823623374392 153.7999999999998 158.1959685279861 86.94203111191634 
48000 107 19557.500000004 417 719.6628818895513 134.3000000000001 159.06045512870833 86.48117023959338 
50000 112 20501.100000004084 573 704.584787342122 281.1999999999995 160.61952785949703 87.14637536927951 
52000 116 21226.900000004196 327 694.4121220175408 136.29999999999993 161.02048608291665 86.71157311238807 
54000 121 21851.300000004343 393 682.194667171426 146.69999999999993 159.8181846914352 87.65249635198776 
56000 124 22273.800000004583 418 680.6122443617674 156.2 159.2787245879149 86.86771396739081 
58000 128 22853.40000000486 134 674.1521547210589 59.50000000000006 158.37865024403996 87.05618534590029 
60000 131 23434.100000005004 825 671.6820925736887 157.20000000000027 159.00054775314175 87.13491783165624 
62000 133 23889.200000005192 776 676.5399189314724 269.49999999999915 160.76190685285422 88.79341364256652 
64000 137 24569.200000005378 213 671.2424541412958 137.49999999999994 160.3920444848434 86.58123571497877 
66000 141 25313.500000005522 431 663.7645063807366 228.2999999999994 161.68843179488306 86.88159516277629 
68000 146 26205.100000005674 254 655.1810798886656 112.50000000000018 163.47811824400856 87.4203560775322 
70000 150 27134.400000005866 319 645.3498722785434 197.39999999999964 164.56054086250282 87.62717710008133 
72000 154 28044.90000000602 248 639.6642264147785 139.69999999999996 167.27227995996213 88.15708906502755 
74000 158 28790.300000006217 331 633.3649993137727 120.1000000000002 167.81448042414257 87.06322587497355 
76000 163 29479.800000006435 559 625.8160908162181 145.90000000000015 167.7590302799979 87.26259599589228 
78000 165 30050.50000000671 1205 631.3028506089754 309.1999999999993 169.4886655774259 87.58046100800163 
80000 169 30559.400000007055 400 628.8234546166078 142.7999999999999 168.66612988189965 87.05856308896192 
82000 176 31825.400000007274 204 603.9994570607575 124.10000000000011 168.7028579763167 87.24853188852353 
84000 185 33275.000000006476 293 571.7841480713868 183.7999999999996 168.2177847180466 87.57461445950118 
86000 189 34459.00000000442 540 567.6209198986234 269.8999999999993 172.62762355119452 88.03410378955634 
88000 195 35385.70000000278 456 554.5840039056269 156.9000000000001 172.15714888500875 87.01842649448022 
90000 199 36189.30000000147 571 553.0685372915697 175.3 173.38799162191532 87.00316801707635 
92000 203 36969.00000000017 506 549.8995805588179 235.4999999999993 173.79583329392528 87.52314646909548 
94000 209 38038.699999998076 97 535.2807198931011 67.50000000000006 172.96446887808685 88.94712804226053 
96000 216 38940.999999996515 158 514.1300105878599 106.10000000000014 170.0303902818734 87.88074445078459 
98000 222 39976.69999999476 309 511.47698017377905 235.9999999999993 172.29490901519844 86.7351334329905 
100000 228 41008.59999999291 280 498.75193392764487 156.09999999999988 170.79183474806692 87.01299477310795 
102000 234 42308.9999999905 232 487.7407827400748 184.29999999999956 172.67805671700162 87.4121149501872 
104000 241 43473.79999998827 98 475.68941562335215 67.90000000000005 173.58161811064517 86.85118628336129 
106000 247 44567.89999998614 484 469.27554957225595 248.59999999999852 175.01806642484962 87.9960163926128 
108000 254 45813.79999998363 290 454.90470412298754 182.39999999999947 174.07905198363335 87.96895058501653 
110000 261 46902.899999981535 514 444.81452214631133 241.29999999999953 173.75840993161032 87.7862131071342 
112000 264 47629.09999998033 653 447.3839430240437 224.59999999999954 174.21915499823155 87.4757874250825 
114000 268 48187.899999979316 527 453.59196780696357 146.4 174.29851667687277 87.94977648855286 
116000 270 48644.89999997861 1167 460.71028764760496 261.0999999999997 175.155656195003 87.68931266226164 
118000 273 49201.19999997775 943 469.89380339418346 194.3999999999998 175.4571703503552 88.50808017242089 
120000 276 49685.999999977015 831 476.67654153957284 141.39999999999995 175.48343553377924 88.54290236179659 
122000 280 50382.49999997571 380 475.72271150351287 148.09999999999994 174.92980419184053 87.62370616021303 
124000 286 51496.39999997349 358 468.15477918813514 174.69999999999965 175.29749849294308 87.35222249901203 
126000 287 51800.79999997316 1299 476.4632313962538 183.90000000000038 175.38352350801364 88.15660299252409 
128000 291 52567.59999997171 716 482.35105333094816 258.4999999999992 177.49932481453908 87.85039811623892 
130000 295 53373.99999997044 411 485.928490259006 181.3999999999996 178.84415241054023 87.82244017767044 
132000 297 53824.99999996998 193 483.11871330285186 139.19999999999993 178.26115377757048 88.03207557359607 
134000 301 54600.29999996865 240 493.5168748850534 141.1 179.19334201673064 87.5513234600997 
136000 307 55426.199999967095 365 487.3116342063397 183.29999999999973 178.165514248686 88.35232316146208 
138000 311 56339.199999965276 715 485.58616977518943 273.89999999999964 178.75477479088593 86.95963421806084 
140000 317 57374.59999996285 231 476.75785178022267 142.9999999999999 179.0598774804467 86.84630830591645 
142000 321 58240.599999961174 571 478.33662055625325 177.29999999999993 180.40699467480596 87.23870196552292 
144000 325 59099.89999995939 492 476.7204564132209 218.9999999999996 180.6319070207098 87.16065153228989 
146000 332 60157.89999995704 294 467.32679354998794 147.89999999999975 180.3386176892552 88.09968572564912 
148000 336 60999.19999995538 641 465.12152174021213 216.99999999999974 180.0054165662139 85.5587477629999 
150000 340 61705.099999954175 636 467.93600453877605 270.19999999999897 180.56889805489297 87.49469285067597 
152000 344 62372.099999952974 635 468.50982421529017 217.4999999999997 179.87613158862695 87.527250009913 
154000 350 63310.8999999511 137 463.5422090902127 60.30000000000007 179.63240935390564 89.20108474665386 
156000 354 64241.19999994929 407 461.87016979864404 200.4999999999995 180.5617827970484 87.38687916182487 
158000 359 64862.19999994805 620 462.0895722919339 157.3999999999998 179.02710732181805 88.2284614208015 
160000 363 65656.09999994683 231 462.40205045623827 134.79999999999995 179.2200998301802 87.44485492443101 
162000 368 66509.59999994581 480 460.3674002623403 193.49999999999966 179.31746393472605 87.12384643375863 
164000 372 67409.29999994532 600 462.0210350260771 197.39999999999972 181.1439128390167 87.26053552724741 
166000 377 68293.5999999449 416 457.0522405060987 233.999999999999 180.2915109463877 87.94240093497213 
168000 382 69140.79999994455 564 455.48198555180153 199.99999999999943 180.0559143020616 87.63034355447583 
170000 385 69786.19999994375 366 461.6612190989275 138.4999999999999 180.98037689137604 87.63682534696007 
172000 389 70517.89999994286 192 464.0992539181656 98.50000000000003 181.581125925152 88.33064804249712 
174000 392 71343.99999994213 826 466.6366119775421 322.4999999999994 182.71677330404904 86.58780821364279 
176000 396 72316.79999994134 433 468.32969436554515 178.69999999999965 184.61944494694404 86.25528059589277 
178000 400 72968.49999994018 991 471.8539545620621 250.0999999999995 185.3592406764491 87.18150316990244 
180000 405 73899.29999993903 524 466.5388341615877 197.79999999999978 184.89446809258243 87.00939296458968 
182000 410 74804.19999993827 362 463.2196113886161 155.89999999999995 184.54506544440892 88.43350077073211 
184000 416 75815.9999999373 289 456.1058954873624 184.3999999999997 183.56327202296504 87.59343801151596 
186000 420 76793.39999993627 363 456.09727675263724 188.69999999999968 184.9461714408048 86.97097090332842 
188000 428 77998.19999993526 326 440.3602959934445 213.09999999999943 182.67957685552395 88.21549298705098 
190000 435 79223.99999993425 311 431.7263081155914 194.49999999999972 182.92691974580222 87.75813628369583 
192000 440 80236.99999993287 477 431.32441508248894 154.79999999999993 184.4324908925837 87.23878107122529 
194000 446 81223.69999993207 449 422.8325858116187 160.09999999999988 182.35948345957107 87.91420882316126 
196000 451 82067.89999993131 177 420.0944383711373 100.3 181.17588751520566 87.41403907148418 
198000 456 82889.09999993039 430 422.6572709428803 184.2999999999997 181.61863958495218 87.9387480527503 
200000 461 83765.19999992946 549 419.98519511256757 220.49999999999952 181.25409260099377 87.25956820569303 
202000 466 84590.19999992843 295 421.96849885476183 156.89999999999986 181.13909367067825 86.65710325071181 
204000 471 85545.09999992735 590 420.035249190318 262.0999999999991 181.13109988400907 88.31894063466943 
206000 474 86212.49999992605 845 426.56278625411636 235.49999999999952 181.82375528635413 86.76694019226794 
208000 480 87171.89999992524 261 422.0556154219833 167.69999999999973 180.98341980126676 86.88081050291868 
210000 486 88269.6999999242 316 415.08058805813783 219.99999999999946 180.2801099102073 87.22121062256075 
212000 492 89380.59999992335 237 409.3631292795355 139.99999999999994 179.9571264594314 87.81075428285072 
214000 497 90300.89999992249 264 410.95584511116556 140.99999999999986 181.28899637267529 88.17434331230166 
216000 502 91260.69999992168 290 407.60214900496396 183.99999999999955 181.0812981691714 87.86379387800059 
218000 507 92263.99999992055 700 411.3060962791779 314.199999999999 183.62965350278702 87.33890944030526 
220000 513 93398.39999991983 366 405.7106754127475 184.2999999999996 183.10954573819834 87.72179762419525 
222000 520 94551.79999991872 364 398.38349939941554 202.59999999999954 182.45041646791833 87.77355284739868 
224000 524 95730.39999991748 414 400.140336682916 203.7999999999997 185.1421400799206 85.60349106593326 
226000 531 96958.89999991623 243 392.34770680928 165.29999999999976 184.4262803380049 87.74214595377552 
228000 537 98075.49999991531 251 388.41937503262864 160.8999999999998 184.96264367538853 87.9886579546952 
230000 543 99167.39999991443 320 387.04300014058424 221.99999999999932 185.5316979465225 88.34565716903475 
232000 549 100095.7999999134 380 381.4667862703075 141.00000000000009 182.9328099606291 87.12768803339655 
234000 554 100826.8999999121 247 381.9529099422924 139.99999999999991 181.7725919787459 87.99952807706813 
236000 560 101785.89999991082 261 381.27063925767413 143.39999999999992 180.8508297121364 87.49963632989312 
238000 564 102956.0999999098 502 382.21871002107105 289.89999999999924 182.6636817526677 85.90699178139525 
240000 569 103882.29999990865 263 386.9525732689519 141.6999999999999 185.21769592342713 86.96929583719094 
242000 574 104887.09999990776 399 385.100562856374 220.8999999999992 184.702894626443 87.93082076779521 
244000 582 106148.99999990685 193 378.271539305889 141.0999999999999 184.28092583644016 86.81530720976944 
246000 587 107105.49999990579 412 377.45442985675714 178.8 184.14566170570444 86.73771194022888 
248000 592 108116.49999990505 423 376.9710018128536 208.79999999999927 185.02803360201634 86.284025349693 
250000 598 109068.89999990417 234 377.77986346982794 105.50000000000013 184.01308833885804 87.13446037489467 
252000 604 109978.9999999032 425 374.1399442622319 142.70000000000007 181.58519028167873 87.62213554684483 
254000 608 110680.6999999022 230 378.1074776499224 139.79999999999995 181.49761303467136 86.95977390771814 
256000 611 111255.69999990113 690 386.27585945624196 155.70000000000016 181.21171642992854 87.59422985980831 
258000 614 111704.89999990014 948 397.01259915453215 204.6 181.43510214024323 87.87021305918479 
260000 616 111975.29999989903 1313 405.32094843135695 119.30000000000061 179.9986336076524 87.02693809749748 
262000 619 112550.89999989813 990 415.17418294199723 206.20000000000005 180.36131759087152 88.55366617681169 
264000 621 112922.29999989706 537 428.3004167014515 139.0000000000002 180.7638473708132 88.5746236148233 
266000 627 113723.19999989631 263 422.33479973335517 139.7999999999998 177.69300699735766 86.79569192630176 
268000 632 114628.69999989569 439 421.5778983230299 189.79999999999959 178.15351043727821 87.74748416186199 
270000 639 115705.09999989494 287 410.6537254887968 145.19999999999996 175.70138488295643 87.2082372372912 
272000 644 116680.49999989387 355 410.1034774340117 176.39999999999992 176.3133652069618 87.33478371761369 
274000 650 117676.59999989292 162 405.8021974233131 104.70000000000009 176.07285986190237 87.35995773425873 
276000 656 118868.39999989203 422 401.14635727948894 247.0999999999994 177.48158030108135 87.13397353279613 
278000 661 119931.29999989104 169 401.3758422984244 102.40000000000003 179.12676722099616 87.33120037980939 
280000 665 120735.69999988975 467 404.4411282022557 156.30000000000015 179.37615344868772 87.6761866636791 
282000 671 121680.79999988849 410 402.70028104457873 221.7999999999994 179.40834407736068 88.47725358278525 
284000 675 122715.89999988733 321 404.723789157301 183.59999999999977 181.84511605041976 87.3622339447547 
286000 680 123661.89999988601 361 406.22574928621873 142.5 182.84770540516996 88.44868394141416 
288000 686 124797.599999885 348 400.1613607618284 181.69999999999962 182.52718047267328 87.00864795487053 
290000 690 125698.19999988399 471 401.96665965398284 231.2999999999994 183.21561732059985 87.35672741713796 
292000 695 126339.59999988262 236 406.15485811607743 105.0000000000001 182.50886546685655 87.17718876331526 
294000 698 127099.09999988138 182 410.9738096751718 144.49999999999991 183.5801599536254 87.52669637667198 
296000 702 127879.29999988024 496 414.3949598884694 180.29999999999967 183.67290794561433 88.10765432041401 
298000 706 128600.49999987902 576 420.38877573297367 235.39999999999964 184.7473167716544 89.38649881062409 
300000 710 129507.29999987791 229 419.4105706078793 138.19999999999993 184.94999504405726 87.91661395408823 
302000 715 130277.69999987683 113 417.25145792797457 63.90000000000004 183.40099732874273 86.88712066688169 
304000 719 130782.09999987547 1204 425.2128641022952 234.2 182.30372500501093 86.85962810916513 
306000 721 131312.69999987658 530 432.0996281066595 136.50000000000014 183.19898087741123 88.4456535277248 
308000 727 132327.999999885 309 429.59169909793735 137.59999999999985 182.48952445003906 87.74352889154189 
310000 730 132990.6999998894 476 429.98403204302946 180.99999999999997 182.11087198434845 87.79030398045428 
312000 734 133603.09999989354 545 436.8292293542462 201.49999999999946 182.18914184878588 88.87357834476794 
314000 737 134224.5999998971 570 439.2841894131957 184.49999999999977 181.7557377467351 86.53526359010476 
316000 742 135094.4999999043 606 444.713473123536 236.09999999999923 183.2595538236889 88.24793414515429 
318000 747 135915.59999991045 338 441.7949326426538 180.79999999999967 182.26989499621163 86.98570332641314 
320000 753 136867.69999991756 100 436.57081138688045 66.60000000000005 180.92166133169926 86.98295531978312 
322000 758 137845.59999992567 520 433.37504789689297 193.79999999999956 181.06192374274355 87.48476821254664 
324000 765 139061.09999993432 201 422.74248598943495 140.4999999999999 180.23712197850793 86.85356035039139 
326000 771 140228.39999994327 303 419.99912058480624 167.59999999999982 182.30134599819738 88.24547589959188 
328000 776 141455.89999995206 561 418.183353288301 294.7999999999994 184.95444972933288 87.67041859989331 
330000 782 142445.2999999593 301 412.72782205653374 138.79999999999995 183.59874035392775 87.62637007075236 
332000 787 143241.49999996484 366 409.9369630657613 119.9000000000002 182.17480825775888 87.66043679971008 
334000 792 144222.09999997148 690 410.8546564077628 324.1999999999992 182.45884410038903 87.09013365564259 
336000 798 145112.29999997834 106 408.59846199302405 66.60000000000005 181.9735196788501 86.3553033314394 
338000 803 146116.89999998626 311 407.7513859063092 156.29999999999995 182.57893168971822 88.19745536218866 
340000 809 147041.39999999327 231 398.9192903992578 140.9 180.0661969970683 86.8439267200572 
342000 815 147998.4000000006 535 398.7487128956791 234.59999999999934 179.4438044170122 87.71224266584976 
344000 820 148960.5000000075 205 399.94832952452265 141.40000000000006 180.6627656319602 88.07784031538803 
346000 825 149880.20000001442 551 397.9298274465474 241.1999999999993 180.05346457855984 87.21745994658366 
348000 830 150864.10000002198 336 398.21066221769047 149.7 180.4957096248525 88.35928564028458 
350000 835 151746.2000000278 286 397.7616246364135 143.2999999999999 180.05715711049436 86.66578978220993 
352000 840 152690.70000003476 469 399.43676473888786 201.19999999999953 181.4222641399811 87.35499035982593 
354000 846 153705.30000004263 418 393.8874191809443 217.79999999999947 180.34123971864483 87.88024558804287 
356000 850 154527.80000004856 688 394.77274936441245 246.39999999999912 180.1562011391837 86.47108073457962 
358000 855 155288.8000000541 279 400.40942108742274 141.20000000000005 180.55717806487675 87.06972986423413 
360000 860 156191.7000000598 281 399.85637621625824 142.50000000000003 180.33344534044033 87.32720603169487 
362000 865 157163.60000006726 501 396.5866235268326 217.0999999999992 179.78599972130425 86.8540815761395 
364000 870 158054.6000000739 414 398.583323385455 218.59999999999957 179.9385058500745 87.68579197689434 
366000 875 158915.90000008 430 400.0194328680417 188.09999999999957 180.42069140562378 86.74689309651075 
368000 880 159784.7000000871 198 397.83181961704867 100.40000000000012 179.27838413577663 87.89648185802854 
370000 885 160726.700000094 323 399.9470035352248 180.89999999999964 180.5475007604536 87.84407511854076 
372000 888 161431.4000000983 641 404.5278655832251 244.69999999999925 181.37084394036737 86.91893611667739 
374000 892 162082.8000001026 164 411.4649692930623 102.30000000000008 181.43187236244955 88.46757403660267 
376000 894 162643.00000010553 991 416.6122164041304 285.2999999999992 182.0435481024368 86.3405126043515 
378000 899 163376.6000001105 595 422.2762969839135 229.09999999999945 181.58850975333942 87.54705275980689 
380000 903 164073.90000011545 164 423.69607798032223 102.60000000000007 180.5456515119039 87.72245741642845 
382000 906 164512.5000001175 877 431.83395276822864 208.70000000000005 180.24914541634885 88.05127310244072 
384000 909 165114.60000012105 489 437.7039985370594 192.99999999999972 180.22134474833786 87.02558196852881 
386000 912 165653.40000012418 894 446.1092380765102 214.2999999999997 180.95740388796744 88.63715939246941 
388000 914 166107.8000001264 1261 457.3062642387877 206.09999999999982 181.7230615505969 88.5478956726239 
390000 916 166470.60000012768 395 468.6096695804358 174.29999999999973 182.09212262574002 88.18423137007534 
392000 919 167046.90000013058 809 470.95612178422726 186.3999999999999 181.46095869163292 87.63044447189566 
394000 922 167558.7000001333 554 478.0244250111139 188.6999999999997 181.57169865753272 86.47129881503582 
396000 926 168252.1000001372 374 476.90119653822023 147.5999999999999 181.0461718163483 87.29592427538032 
398000 930 168804.20000014032 350 474.53882021884016 146.49999999999986 178.76345646755863 87.10134778075371 
400000 935 169533.2000001449 471 475.6448913974019 111.50000000000027 177.83575232624008 86.58775114729956 
402000 939 170059.30000014778 335 473.7884469732276 137.19999999999987 176.3128658929344 86.89789495445898 
404000 943 170737.300000152 708 479.424454206579 232.29999999999941 175.9718597764179 87.28021870255677 
406000 946 171326.60000015527 888 483.3437444921894 232.5999999999995 175.3462900691985 87.82628570516114 
408000 950 172058.1000001594 647 484.72175215765657 191.7999999999998 176.13225297877466 87.94969667304417 
410000 954 172705.00000016298 717 485.7219463528538 233.7999999999995 176.11270349772155 86.48892646551579 
412000 958 173353.80000016716 762 481.9437943859854 174.79999999999998 174.40247172822436 87.91395803003539 
414000 960 173754.70000016864 799 494.74761287770434 159.8999999999999 174.86726254083268 87.19113671599594 
416000 965 174465.70000017324 354 492.2251908384739 149.5999999999998 174.6976500704729 87.01236830422981 
418000 969 175356.90000017922 296 493.7287632109265 187.09999999999954 176.9815010260725 88.4199026790518 
420000 975 176234.50000018586 551 481.26568657838305 232.09999999999934 174.1721463109644 87.58959211885161 
422000 980 177226.90000019345 506 480.0700337580343 162.49999999999991 176.10489007933413 88.07330905894041 
424000 983 177791.7000001964 859 485.83706268538685 252.49999999999966 176.46669593908783 87.67338482962543 
426000 985 178507.30000020078 568 494.7189051379477 182.29999999999964 179.78443868989996 86.84071524033108 
428000 990 179575.8000002091 392 489.33156096661014 194.5999999999996 180.62520303095144 87.89782972751068 
430000 996 180601.20000021657 368 482.3006152249426 173.2999999999997 181.4048454597659 87.40380319147097 
432000 999 181239.00000022125 878 486.58482165214656 215.09999999999962 181.63633584476537 86.95589152107 
434000 1003 181899.7000002251 265 485.4748382956136 120.30000000000001 180.64712590550158 87.344040550288 
436000 1008 182899.7000002323 230 482.45273392674005 141.99999999999991 181.66433848213447 87.55208621976642 
438000 1013 183903.00000023973 358 479.848489480582 190.3999999999996 183.42848084463554 89.3791087807048 
440000 1016 184691.8000002447 581 483.6435034945192 226.29999999999959 184.62805283506898 87.78240703798807 
442000 1023 185679.9000002525 261 472.2197112617447 138.39999999999995 182.94669389101458 88.13445478522466 
444000 1029 186690.4000002598 224 463.8434057012215 140.99999999999991 182.0280314306603 89.06639578807943 
446000 1033 187635.80000026576 489 461.4310578714046 244.49999999999923 182.4047911014468 87.79812126142342 
448000 1038 188587.50000027285 224 460.83584602833685 150.09999999999982 183.64562098848396 86.91367228604854 
450000 1044 189594.70000027982 229 453.2236487973098 136.4999999999999 182.68942357175672 88.66975286342894 
452000 1050 190562.90000028673 434 446.8827423246635 179.89999999999986 181.9711706711074 88.28414564089282 
454000 1055 191422.00000029345 696 446.0757913212807 300.799999999999 182.18033488915782 87.28918514407363 
456000 1058 192216.70000029923 505 446.7736282432473 166.89999999999992 182.63921426261493 86.61904670098168 
458000 1063 193006.80000030473 672 449.58087125974976 216.6999999999993 182.99114956989092 87.87139264630808 
460000 1067 193597.10000030827 305 452.17905567443927 145.29999999999998 182.01007767115044 86.9248096008053 
462000 1072 194484.6000003152 283 449.5260649819698 148.29999999999964 181.76329721947022 86.11906446094692 
464000 1075 195204.90000031886 625 453.3244923259403 263.3999999999992 182.3629734287547 87.1021183625192 
466000 1079 195901.800000323 831 454.04071017357387 272.0999999999996 182.6403009783978 87.02314678190649 
468000 1083 196761.70000032845 386 454.55199267030144 148.89999999999986 182.46217988104803 87.89520829517645 
470000 1087 197483.30000033337 511 458.50266999664075 207.49999999999957 182.66141150963702 88.33593867889192 
472000 1091 198283.1000003386 432 459.9058459631198 177.79999999999984 183.83592726412536 87.40220297631245 
474000 1094 198882.00000034165 258 460.99219343216924 155.59999999999985 183.76363118845362 87.07793298069598 
476000 1099 199656.4000003468 225 464.2538346713691 120.90000000000006 183.2171093952727 87.58739329433276 
478000 1105 200562.10000035295 217 457.0107964414846 139.49999999999991 181.26747158506973 88.10189909160711 
480000 1110 201592.10000036028 555 453.12562149492624 251.09999999999923 181.94319064327226 87.44297835885897 
482000 1115 202426.1000003654 501 451.6511149927284 173.79999999999976 181.90136186556072 87.53825230356706 
484000 1120 203380.00000037177 362 448.5429650499255 219.69999999999942 182.52598759541755 87.33017520291881 
486000 1125 204362.8000003791 245 445.62804771402256 142.3999999999999 182.40717012294292 88.0660941723133 
488000 1131 205234.20000038546 166 439.43916272410985 103.70000000000005 180.49074464761563 87.97747448210337 
490000 1137 206207.30000039245 541 434.6083733919463 191.39999999999952 180.16343694721095 88.22983884919937 
492000 1140 207054.50000039794 493 434.4981940938322 211.59999999999945 180.00436240644183 87.53602540630186 
494000 1146 208145.80000040546 365 435.2841491931128 202.59999999999954 183.23591057515696 87.44097414475738 
496000 1152 209128.0000004128 342 425.79110767355206 213.4999999999995 180.82176935736484 87.14019899118391 
498000 1159 210210.00000042055 373 418.61969138545766 194.3999999999998 179.894991472995 87.39738103301043 
500000 1164 211192.80000042808 158 415.4920157403789 104.40000000000008 179.44989589245355 87.25948486517639 
502000 1168 211910.40000043283 556 416.21927786706516 215.9999999999995 179.94687679620623 89.0183468949312 
504000 1172 212836.60000043936 436 424.3751112141841 273.6999999999989 182.3534472603973 87.73551945992654 
506000 1176 213635.30000044478 615 426.72892407565143 225.9999999999994 182.94121039208304 86.45587849218887 
508000 1181 214543.60000045132 314 422.69696475967703 159.89999999999986 182.1156473746734 87.59504581443754 
510000 1186 215427.30000045756 388 425.7237218913838 191.99999999999966 183.33103571053138 87.32159280214927 
512000 1192 216501.50000046537 360 419.1435377756198 170.59999999999962 182.3286911823424 87.10695150126097 
514000 1196 217339.90000047124 675 421.02752509454467 256.2999999999994 183.26975486928023 86.73649764039068 
516000 1204 218429.10000048004 140 410.8160449390364 105.40000000000008 180.94173124584 86.33365412722921 
518000 1210 219597.80000048864 585 403.57781783538684 345.3999999999989 181.02302610833686 88.20165689363141 
520000 1215 220737.00000049677 400 401.81292271650756 241.09999999999934 181.9758347828663 87.3840297442432 
522000 1221 221803.80000050415 246 401.3279712077969 120.70000000000016 183.2243572491196 86.97967101514669 
524000 1228 222898.90000051202 395 391.97962398192817 179.79999999999978 181.2006233359147 67.75726373497112 
526000 1233 223885.20000051902 265 390.8652804095571 141.8999999999999 180.7022965852426 71.86765980745693 
528000 1238 224938.80000052584 94 391.14093098366214 66.90000000000005 181.80419736241447 80.98901339145172 
530000 1244 225945.4000005323 392 391.50824926750147 194.7999999999995 183.30397696985094 85.39585410233671 
532000 1249 226948.2000005398 497 390.3782644363629 189.69999999999996 182.983276378517 74.9368588200045 
