2000 6 -136.0 319 291.37306000000007 -20.0 -20.153900000000007 212.497956207528 
4000 13 -274.0 326 291.3594377415141 -19.0 -20.07089989291001 245.23681903268664 
6000 20 -419.0 249 288.7426994575092 -21.0 -20.4236652989892 230.53454821650988 
8000 27 -567.0 312 284.75316594815837 -21.0 -20.643340899144118 182.7532881809852 
10000 34 -704.0 273 290.4894194381897 -21.0 -20.53529105770385 241.35700764035042 
12000 40 -841.0 319 299.831833555651 -21.0 -20.6801346149972 253.80470322677456 
14000 48 -987.0 248 287.99764799988554 -21.0 -20.73035944014228 256.5355893277401 
16000 54 -1117.0 347 298.9107330507072 -21.0 -20.634752951228663 210.12054621205306 
18000 61 -1258.0 308 297.48521169488083 -20.0 -20.501159368838525 186.57189258422352 
20000 68 -1400.0 287 294.47240244950524 -21.0 -20.563847072521433 251.79136017749235 
22000 74 -1532.0 333 298.5336800301676 -19.0 -20.329161452067865 274.5532925371108 
24000 81 -1661.0 302 307.7634798040212 -20.0 -20.345995902123565 270.4948601587003 
26000 88 -1808.0 280 295.12600252347596 -21.0 -20.568437767398414 269.32714223481025 
28000 94 -1930.0 291 311.19865790707865 -21.0 -20.363040135543983 268.47826700700006 
30000 101 -2072.0 277 299.7452094611162 -21.0 -20.564124071406276 268.7310049589627 
32000 107 -2209.0 294 303.961333861225 -20.0 -20.66835766063223 270.82457004427926 
34000 114 -2344.0 293 297.5315830056891 -21.0 -20.632622397171655 269.51509337334704 
36000 121 -2494.0 249 288.5739279037139 -21.0 -20.71209133143778 271.9799145587917 
38000 128 -2634.0 291 287.77913833716997 -21.0 -20.691294176343572 272.2286714898019 
40000 135 -2788.0 293 285.2486123513396 -21.0 -20.799202861533193 273.50072669282633 
42000 142 -2931.0 320 287.4313956169475 -21.0 -20.77201035114246 269.54775307426144 
44000 149 -3072.0 284 288.9454948862596 -21.0 -20.69929915771936 271.44769692828777 
46000 156 -3211.0 290 291.36666957306386 -21.0 -20.641516719309784 267.6255963574009 
48000 163 -3361.0 251 283.1791861201209 -21.0 -20.69002855814405 270.04251792060535 
50000 169 -3492.0 287 295.12615185086315 -21.0 -20.578660466968635 271.7669467896998 
52000 176 -3623.0 294 300.72767933919715 -20.0 -20.536474607503656 258.79775385673395 
54000 182 -3755.0 300 304.62101163570236 -20.0 -20.388955601886355 257.5143133508809 
56000 189 -3884.0 371 312.16890444022044 -19.0 -20.24673935861988 273.49141387528175 
58000 195 -4012.0 329 307.31218374461525 -21.0 -20.415978411484314 272.794611159889 
60000 202 -4158.0 269 299.1861577172799 -21.0 -20.52437608467988 270.55820983076285 
62000 209 -4300.0 276 295.50415635908615 -21.0 -20.592510555736528 272.2004881012179 
64000 216 -4445.0 310 292.4927917236662 -20.0 -20.56658906202606 269.8707174502588 
66000 222 -4579.0 366 300.886285726417 -19.0 -20.569667657712195 270.3789942950209 
68000 229 -4714.0 325 300.4101807154595 -20.0 -20.40176337471401 275.4089834821729 
70000 236 -4855.0 271 291.5018909646441 -21.0 -20.438772176659256 275.09249384973566 
72000 242 -4982.0 397 311.0560764361414 -19.0 -20.428840524335975 269.15836005369465 
74000 249 -5125.0 292 296.24290538556954 -21.0 -20.56147899338428 272.3403446040193 
76000 256 -5269.0 333 294.5316391929113 -21.0 -20.790256761950832 272.8313199843964 
78000 263 -5421.0 248 286.175762477888 -21.0 -20.899680459445133 274.7765312552619 
80000 270 -5576.0 262 277.6509571483102 -21.0 -20.952017474743194 275.1564449336215 
82000 277 -5718.0 330 283.1326901860697 -19.0 -20.704150106915506 272.5440703902572 
84000 284 -5850.0 383 299.5600919046576 -20.0 -20.53898591327236 271.170280113124 
86000 290 -5966.0 298 315.3100858019032 -21.0 -20.06865821273538 273.01100495178025 
88000 296 -6090.0 335 319.4364103086493 -21.0 -20.215948789234307 272.44715955042227 
90000 303 -6230.0 249 303.037649097755 -21.0 -20.40650943644953 271.0595860015257 
92000 309 -6368.0 327 299.1628662741601 -20.0 -20.49459478141618 274.05962056724127 
94000 316 -6507.0 304 300.3722609340453 -21.0 -20.420002150707543 272.7583214719758 
96000 323 -6641.0 289 301.64524725074506 -21.0 -20.588444726676755 270.21073611898805 
98000 330 -6784.0 268 295.539094459765 -21.0 -20.722154388590845 273.9423639027014 
100000 337 -6934.0 259 285.61010370891285 -21.0 -20.808058305384407 267.1411396801182 
102000 343 -7067.0 275 294.60343112516836 -20.0 -20.421335313871797 275.2684833865185 
104000 349 -7185.0 345 309.8359470405906 -20.0 -20.362424860539345 275.22414539525295 
106000 355 -7311.0 277 314.64160753119853 -21.0 -20.2910684303099 278.1937390624058 
108000 362 -7436.0 399 322.538623093189 -20.0 -20.218022027905096 274.04247362669224 
110000 368 -7565.0 330 322.76461339526753 -21.0 -20.365724844531922 273.4334483416325 
112000 374 -7689.0 276 316.71180290739443 -20.0 -20.047751177102885 274.23873231352627 
114000 381 -7818.0 299 311.6434072240177 -20.0 -19.95722923997966 271.1691194218834 
116000 388 -7955.0 250 302.3771415806853 -21.0 -20.19739877807163 275.463154776636 
118000 394 -8096.0 258 295.77737249878106 -21.0 -20.334415804017173 273.1779386662791 
120000 401 -8227.0 257 298.2669526563123 -21.0 -20.275340042372427 266.4062310374473 
122000 407 -8341.0 302 322.2189705866233 -20.0 -19.99800698745845 269.823812494199 
124000 412 -8450.0 478 345.2472699416952 -18.0 -19.815923146024343 274.3158357984782 
126000 418 -8574.0 308 328.19319238508456 -21.0 -20.076613012646327 274.3301043578941 
128000 424 -8680.0 358 343.6646093543218 -19.0 -19.822617296053778 255.21253131068963 
130000 429 -8785.0 345 353.7270751776336 -19.0 -19.518237287146796 238.97366943930143 
132000 434 -8888.0 422 370.04852062164093 -19.0 -19.859423935687314 250.83715531488494 
134000 439 -8984.0 430 385.1602309418728 -19.0 -19.776581239784004 223.80527379051944 
136000 445 -9094.0 322 376.0436992919799 -21.0 -20.085117110652057 183.3479458308285 
138000 450 -9198.0 336 377.89128399492125 -21.0 -20.262940802668943 197.88510301481426 
140000 455 -9305.0 350 375.3199442861611 -20.0 -20.15526391456799 234.20219310085247 
142000 461 -9417.0 427 373.92386251138186 -19.0 -20.16007461002193 174.9397913033993 
144000 466 -9524.0 357 376.99120157434595 -19.0 -20.01891245647185 207.13872877017954 
146000 471 -9622.0 376 381.0653146176356 -20.0 -19.760877616422064 161.28110133484682 
148000 476 -9722.0 390 383.9036276285677 -18.0 -19.503190623721064 213.58993937911953 
150000 482 -9834.0 353 368.3402237705537 -20.0 -19.759636128260947 240.83659579582192 
152000 487 -9929.0 390 380.25265873427435 -20.0 -19.60606753737681 200.29329565332472 
154000 491 -10011.0 411 402.73996939555747 -19.0 -19.316640911272923 244.0019919740848 
156000 496 -10095.0 496 427.4126145283828 -18.0 -19.10965329169755 242.5271068100304 
158000 500 -10179.0 437 425.24851639207196 -20.0 -18.829043524682767 243.1623605746808 
160000 505 -10259.0 393 431.17408644435466 -21.0 -18.578131910889933 271.79854194211987 
