iterations                = 304
game_id                   = 1
score                     = -20.0
game_iterations           = 304
game_iterations_smooth    = 304.0
game_score                = -20.0
game_score_smooth         = -20.0



iterations                = 608
game_id                   = 2
score                     = -39.0
game_iterations           = 304
game_iterations_smooth    = 304.0
game_score                = -19.0
game_score_smooth         = -19.9



iterations                = 866
game_id                   = 3
score                     = -60.0
game_iterations           = 258
game_iterations_smooth    = 299.40000000000003
game_score                = -21.0
game_score_smooth         = -20.01



