1024 3 -78.0 0.9898121996215459
2048 7 -156.0 0.9797281905196393
3072 10 -230.0 0.9697469152894795
4096 14 -297.0 0.9598673272988865
5120 17 -365.0 0.9500883905785635
6144 21 -436.0 0.940409079713461
7168 24 -509.0 0.930828379735252
8192 28 -586.0 0.9213452860159084
9216 31 -658.0 0.9119588041623469
10240 35 -732.0 0.9026679499121677
11264 38 -795.0 0.8934717490304337
12288 41 -867.0 0.8843692372075245
13312 45 -933.0 0.8753594599580075
14336 48 -1008.0 0.8664414725205618
15360 52 -1073.0 0.8576143397589076
16384 55 -1148.0 0.8488771360637445
17408 59 -1223.0 0.8402289452556922
18432 62 -1291.0 0.8316688604892263
19456 65 -1359.0 0.8231959841575859
20480 69 -1426.0 0.8148094277986428
21504 72 -1496.0 0.8065083120017471
22528 76 -1575.0 0.7982917663155104
23552 80 -1655.0 0.7901589291565247
24576 83 -1718.0 0.7821089477190238
25600 87 -1793.0 0.7741409778854593
26624 90 -1861.0 0.7662541841379796
27648 93 -1929.0 0.7584477394708254
28672 97 -2000.0 0.7507208253036065
29696 100 -2063.0 0.7430726313954654
30720 103 -2130.0 0.7355023557601142
31744 107 -2209.0 0.7280092045817484
32768 111 -2283.0 0.7205923921317894
33792 114 -2350.0 0.7132511406865172
34816 117 -2420.0 0.7059846804454981
35840 121 -2492.0 0.6987922494508726
36864 124 -2566.0 0.6916730935074551
37888 128 -2635.0 0.6846264661036517
38912 131 -2704.0 0.6776516283331806
39936 134 -2774.0 0.6707478488175881
40960 138 -2847.0 0.663914403629555
41984 142 -2922.0 0.6571505762169956
43008 145 -2994.0 0.6504556573279101
44032 148 -3061.0 0.6438289449360176
45056 152 -3132.0 0.6372697441671363
46080 155 -3210.0 0.6307773672263315
47104 159 -3283.0 0.6243511333257824
48128 162 -3355.0 0.6179903686133973
49152 166 -3426.0 0.6116944061021565
50176 170 -3502.0 0.6054625856001696
51200 173 -3573.0 0.599294253641453
52224 177 -3646.0 0.5931887634174006
53248 180 -3720.0 0.5871454747089607
54272 184 -3798.0 0.5811637538195106
55296 188 -3876.0 0.5752429735084045
56320 191 -3951.0 0.5693825129251942
57344 194 -4016.0 0.5635817575445264
58368 198 -4091.0 0.5578400991017263
59392 202 -4169.0 0.5521569355289794
60416 206 -4249.0 0.5465316708922313
61440 209 -4322.0 0.5409637153286779
62464 213 -4400.0 0.5354524849849222
63488 216 -4469.0 0.5299974019557488
64512 220 -4541.0 0.5245978942235228
65536 223 -4618.0 0.519253395598216
66560 227 -4699.0 0.5139633456580276
67584 231 -4776.0 0.5087271896906194
68608 235 -4854.0 0.5035443786349583
69632 238 -4929.0 0.498414369023732
70656 242 -5002.0 0.493336622926365
71680 245 -5064.0 0.4883106078926102
72704 249 -5139.0 0.4833357968967183
73728 253 -5219.0 0.4784116682821723
74752 256 -5290.0 0.47353770570699
75776 259 -5356.0 0.46871339808957635
76800 263 -5430.0 0.4639382395551328
77824 266 -5501.0 0.45921172938261284
78848 270 -5578.0 0.4545333719522172
79872 274 -5654.0 0.4499026766934224
80896 277 -5730.0 0.44531915803353717
81920 281 -5805.0 0.4407823353467894
82944 284 -5870.0 0.4362917329039269
83968 287 -5930.0 0.431846879822331
84992 290 -5993.0 0.4274473100166425
86016 294 -6061.0 0.4230925621498859
87040 297 -6130.0 0.4187821795850943
88064 300 -6197.0 0.4145157103374271
89088 304 -6260.0 0.4102927070267755
90112 307 -6335.0 0.4061127268308498
91136 310 -6401.0 0.40197533143874764
92160 313 -6460.0 0.3978800870049866
93184 317 -6526.0 0.3938265641040177
94208 320 -6602.0 0.38981433768519347
95232 323 -6667.0 0.38584298702819747
96256 326 -6731.0 0.3819120956989271
97280 330 -6799.0 0.3780212515058286
98304 333 -6875.0 0.3741700464566732
99328 337 -6951.0 0.3703580767157756
100352 340 -7012.0 0.36658494256164686
101376 343 -7076.0 0.362850248345081
102400 346 -7140.0 0.35915360244766836
103424 350 -7204.0 0.3554946172407282
104448 353 -7278.0 0.35187290904466473
105472 357 -7350.0 0.34828809808873185
106496 360 -7426.0 0.344739808471212
107520 364 -7499.0 0.3412276681200002
108544 367 -7569.0 0.33775130875358816
109568 371 -7646.0 0.33431036584244506
110592 374 -7716.0 0.3309044785707944
111616 378 -7788.0 0.32753328979877927
112640 381 -7851.0 0.3241964460250099
113664 384 -7922.0 0.3208935973495024
114688 388 -7990.0 0.31762439743698057
115712 391 -8061.0 0.314388503480566
116736 395 -8134.0 0.3111855761658242
117760 398 -8212.0 0.3080152796351919
118784 402 -8277.0 0.30487728145275417
119808 405 -8347.0 0.30177125256938775
120832 408 -8412.0 0.2986968672882542
121856 412 -8478.0 0.2956538032306514
122880 415 -8554.0 0.2926417413022063
123904 418 -8612.0 0.289660365659416
124928 421 -8679.0 0.2867093636765277
125952 424 -8735.0 0.28378842591275727
126976 428 -8802.0 0.2808972460798416
128000 430 -8861.0 0.27803552100992185
129024 434 -8930.0 0.27520295062375305
130048 437 -8995.0 0.2723992378992355
131072 439 -9044.0 0.26962408884027467
132096 444 -9130.0 0.26687721244594753
133120 447 -9206.0 0.2641583206799904
134144 450 -9270.0 0.26146712844059405
135168 454 -9332.0 0.25880335353051337
136192 456 -9392.0 0.2561667166274698
137216 460 -9459.0 0.2535569412548658
138240 463 -9532.0 0.25097375375279
139264 467 -9611.0 0.2484168832493249
140288 470 -9680.0 0.24588606163214272
141312 473 -9740.0 0.2433810235203899
142336 476 -9797.0 0.24090150623686038
143360 479 -9855.0 0.23844724978044965
144384 482 -9909.0 0.23601799679889462
145408 485 -9965.0 0.2336134925617847
146432 488 -10025.0 0.23123348493385118
147456 491 -10080.0 0.2288777243485307
148480 494 -10139.0 0.22654596378179256
149504 496 -10183.0 0.22423795872623895
150528 499 -10237.0 0.22195346716546374
151552 501 -10286.0 0.21969224954867603
152576 504 -10326.0 0.21745406876558065
153600 506 -10372.0 0.21523869012151398
154624 508 -10410.0 0.21304588131283636
155648 510 -10457.0 0.2108754124025691
156672 513 -10502.0 0.20872705579628714
157696 515 -10549.0 0.20660058621825206
158720 518 -10593.0 0.20449578068778865
159744 520 -10639.0 0.20241241849590516
160768 522 -10676.0 0.20035028118214845
161792 525 -10726.0 0.19830915251169734
162816 527 -10777.0 0.1962888184526871
163840 530 -10817.0 0.19428906715376845
164864 532 -10862.0 0.19230968892188963
165888 535 -10912.0 0.19035047620031031
166912 537 -10958.0 0.1884112235468377
167936 539 -11006.0 0.18649172761228178
168960 542 -11047.0 0.18459178711913443
169984 544 -11088.0 0.1827112028404626
171008 546 -11127.0 0.18084977757901677
172032 548 -11173.0 0.1790073161465538
173056 551 -11217.0 0.1771836253433691
174080 553 -11264.0 0.17537851393804005
175104 556 -11311.0 0.17359179264736918
176128 558 -11348.0 0.17182327411653966
177152 560 -11399.0 0.17007277289946748
178176 563 -11437.0 0.16834010543935746
179200 565 -11479.0 0.16662509004945306
180224 566 -11502.0 0.16492754689398734
181248 568 -11538.0 0.1632472979693229
182272 570 -11568.0 0.16158416708528914
183296 572 -11610.0 0.15993797984670544
184320 575 -11651.0 0.1583085636350934
185344 576 -11680.0 0.15669574759057933
186368 578 -11718.0 0.15509936259397353
187392 581 -11765.0 0.15351924124904065
188416 583 -11803.0 0.15195521786494337
189440 585 -11842.0 0.15040712843887039
190464 587 -11882.0 0.14887481063883848
191488 589 -11918.0 0.14735810378667005
192512 592 -11964.0 0.14585684884114378
193536 594 -12002.0 0.1443708883813195
194560 596 -12039.0 0.14290006659003082
195584 598 -12077.0 0.14144422923754393
196608 600 -12110.0 0.1400032236653872
197632 602 -12146.0 0.13857689877034388
198656 604 -12177.0 0.13716510498860646
199680 606 -12217.0 0.13576769428009264
200704 608 -12250.0 0.13438452011292412
201728 610 -12289.0 0.1330154374480594
202752 612 -12327.0 0.13166030272408552
203776 614 -12368.0 0.13031897384216606
204800 617 -12409.0 0.1289913101511371
205824 619 -12443.0 0.12767717243276183
206848 621 -12476.0 0.12637642288713113
207872 623 -12511.0 0.12508892511821343
208896 625 -12553.0 0.12381454411955348
209920 627 -12599.0 0.12255314626011415
210944 629 -12638.0 0.12130459927026449
211968 631 -12667.0 0.12006877222791067
212992 633 -12710.0 0.11884553554476646
214016 635 -12738.0 0.1176347609527658
215040 637 -12772.0 0.11643632149061175
216064 639 -12802.0 0.11525009149046363
217088 641 -12831.0 0.11407594656476021
218112 643 -12870.0 0.11291376359317509
219136 645 -12902.0 0.11176342070970771
220160 646 -12927.0 0.11062479728990397
221184 648 -12958.0 0.10949777393820721
222208 650 -12985.0 0.10838223247543949
223232 652 -13021.0 0.1072780559264086
224256 653 -13049.0 0.10618512850764165
225280 655 -13077.0 0.10510333561524542
226304 657 -13108.0 0.10403256381288765
227328 659 -13142.0 0.10297270081990291
228352 661 -13185.0 0.10192363549951938
229376 662 -13211.0 0.10088525784720404
230400 664 -13230.0 0.09985745897912791
231424 665 -13253.0 0.0988401311207488
232448 667 -13288.0 0.09783316759551043
233472 669 -13321.0 0.09683646281365556
234496 671 -13349.0 0.09584991226115416
235520 673 -13373.0 0.09487341248874488
236544 674 -13404.0 0.09390686110108677
237568 676 -13438.0 0.09295015674602157
238592 678 -13464.0 0.09200319910394686
239616 679 -13484.0 0.09106588887729666
240640 681 -13519.0 0.0901381277801279
241664 683 -13549.0 0.08921981852781631
242688 685 -13584.0 0.08831086482685288
243712 687 -13618.0 0.08741117136474838
244736 689 -13644.0 0.08652064380003743
245760 691 -13677.0 0.08563918875238709
246784 693 -13717.0 0.08476671379280502
247808 695 -13737.0 0.08390312743394639
248832 696 -13762.0 0.08304833912052127
249856 698 -13787.0 0.08220225921979912
250880 700 -13820.0 0.08136479901220967
251904 701 -13852.0 0.08053587068204007
252928 703 -13880.0 0.07971538730822629
253952 705 -13914.0 0.0789032628552389
254976 707 -13941.0 0.07809941216406109
256000 709 -13981.0 0.07730375094325884
257024 711 -14014.0 0.07651619576014328
258048 713 -14044.0 0.07573666403202023
259072 714 -14066.0 0.07496507401753179
260096 716 -14097.0 0.07420134480808505
261120 718 -14138.0 0.0734453963193673
262144 720 -14174.0 0.07269714928294928
263168 722 -14205.0 0.07195652523797194
264192 724 -14233.0 0.07122344652292023
265216 726 -14260.0 0.07049783626747902
266240 728 -14292.0 0.06977961838447304
267264 729 -14318.0 0.06906871756188739
268288 731 -14342.0 0.06836505925497101
269312 732 -14362.0 0.0676685696784201
270336 734 -14388.0 0.06697917579864081
271360 736 -14414.0 0.06629680532609077
272384 737 -14444.0 0.06562138670769929
273408 739 -14475.0 0.06495284911936373
274432 741 -14502.0 0.06429112245852395
275456 743 -14533.0 0.06363613733680958
276480 745 -14556.0 0.06298782507276611
277504 747 -14593.0 0.062346117684651654
278528 748 -14616.0 0.06171094788330867
279552 750 -14645.0 0.06108224906510829
280576 752 -14672.0 0.060459955304965854
281600 753 -14697.0 0.05984400134942842
282624 756 -14743.0 0.05923432260983243
283648 758 -14781.0 0.05863085515553032
284672 759 -14811.0 0.05803353570718778
285696 761 -14838.0 0.057442301630147165
286720 763 -14880.0 0.05685709092786024
287744 765 -14908.0 0.056277842235387586
288768 767 -14942.0 0.05570449481296327
289792 769 -14971.0 0.055136988539626106
290816 770 -14991.0 0.0545752639069152
291840 772 -15024.0 0.05401926201262996
292864 774 -15059.0 0.053468924554653886
293888 776 -15095.0 0.05292419382484044
294912 778 -15133.0 0.052385012702962426
295936 780 -15158.0 0.051851324650721724
296960 781 -15176.0 0.051323073705821766
297984 782 -15193.0 0.05080020447609801
299008 784 -15224.0 0.05028266213371086
300032 786 -15250.0 0.049770392409395334
301056 788 -15284.0 0.04926334158677092
302080 789 -15313.0 0.04876145649670921
303104 791 -15338.0 0.048264684511758034
304128 793 -15372.0 0.04777297354062302
305152 794 -15391.0 0.047286272022705966
306176 796 -15420.0 0.04680452892269725
307200 798 -15456.0 0.04632769372522513
308224 799 -15470.0 0.04585571642955833
309248 802 -15509.0 0.04538854754436298
310272 804 -15548.0 0.0449261380825129
311296 805 -15577.0 0.04446843955595344
312320 807 -15598.0 0.04401540397061597
313344 809 -15627.0 0.04356698382138626
314368 810 -15653.0 0.04312313208712257
315392 812 -15672.0 0.04268380222572519
316416 814 -15707.0 0.042248948169256055
317440 815 -15731.0 0.04181852431910802
318464 817 -15754.0 0.04139248554122352
319488 818 -15769.0 0.04097078716136145
320512 820 -15799.0 0.0405533849604133
321536 822 -15825.0 0.04014023516976608
322560 824 -15861.0 0.03973129446671221
323584 826 -15902.0 0.03932651996990764
324608 828 -15930.0 0.03892586923487488
325632 830 -15966.0 0.038529300249552145
326656 832 -15998.0 0.038136771429888215
327680 834 -16043.0 0.037748241615481744
328704 835 -16063.0 0.03736367006526557
329728 837 -16085.0 0.03698301645323406
330752 839 -16113.0 0.036606240864215295
331776 840 -16144.0 0.036233303789684985
332800 842 -16168.0 0.03586416612362371
333824 844 -16207.0 0.03549878915841627
334848 846 -16235.0 0.035137134580793435
335872 847 -16264.0 0.034779164467813435
336896 849 -16290.0 0.03442484128288592
337920 851 -16317.0 0.034074127871835905
338944 852 -16344.0 0.03372698745900769
339968 854 -16364.0 0.03338338364340879
340992 855 -16384.0 0.033043280394892446
342016 857 -16416.0 0.032706642050379965
343040 859 -16446.0 0.03237343331012124
344064 861 -16473.0 0.032043619233992626
345088 862 -16488.0 0.03171716523783368
346112 864 -16520.0 0.031394037089820026
347136 866 -16551.0 0.031074200906875106
348160 868 -16582.0 0.030757623151115857
349184 870 -16621.0 0.030444270626336527
350208 872 -16659.0 0.030134110474527735
351232 874 -16699.0 0.029827110172430976
352256 876 -16729.0 0.029523237528128098
353280 877 -16756.0 0.02922246067766581
354304 879 -16773.0 0.02892474808171453
355328 880 -16792.0 0.028630068522260948
356352 882 -16829.0 0.02833839109933468
357376 884 -16853.0 0.02804968522776802
358400 886 -16883.0 0.027763920633988966
359424 887 -16912.0 0.027481067352846607
360448 889 -16928.0 0.027201095724468865
361472 890 -16948.0 0.0269239763911527
362496 891 -16974.0 0.02664968029428539
363520 893 -16998.0 0.026378178671297586
364544 895 -17030.0 0.026109443052647167
365568 896 -17051.0 0.02584344525883422
366592 897 -17065.0 0.025580157397445687
367616 899 -17099.0 0.025319551860231073
368640 901 -17128.0 0.02506160132020712
369664 903 -17156.0 0.024806278728792423
370688 904 -17186.0 0.02455355731297117
371712 906 -17216.0 0.02430341057248568
372736 908 -17249.0 0.024055812277057605
373760 909 -17269.0 0.02381073646363732
374784 911 -17289.0 0.023568157433681732
375808 912 -17315.0 0.02332804975045942
376832 914 -17337.0 0.023090388236383035
377856 916 -17365.0 0.022855147970369787
378880 917 -17385.0 0.022622304285227615
379904 919 -17407.0 0.02239183276506908
380928 920 -17434.0 0.022163709242750854
381952 922 -17452.0 0.0219379097973396
382976 923 -17465.0 0.021714410751603786
384000 924 -17489.0 0.021493188669530747
385024 926 -17507.0 0.02127422035386909
386048 927 -17526.0 0.021057482843696646
387072 929 -17543.0 0.020842953412012335
388096 930 -17564.0 0.02063060956335333
389120 931 -17582.0 0.020420429031435993
390144 933 -17608.0 0.020212389776821313
391168 935 -17632.0 0.020006469984603533
392192 936 -17658.0 0.019999868905741108
393216 937 -17676.0 0.019999868905741108
394240 939 -17708.0 0.019999868905741108
395264 941 -17738.0 0.019999868905741108
396288 943 -17759.0 0.019999868905741108
397312 944 -17777.0 0.019999868905741108
398336 945 -17801.0 0.019999868905741108
399360 947 -17822.0 0.019999868905741108
400384 948 -17848.0 0.019999868905741108
401408 950 -17864.0 0.019999868905741108
402432 951 -17887.0 0.019999868905741108
403456 953 -17911.0 0.019999868905741108
404480 954 -17932.0 0.019999868905741108
405504 956 -17952.0 0.019999868905741108
406528 957 -17974.0 0.019999868905741108
407552 958 -17986.0 0.019999868905741108
408576 960 -18006.0 0.019999868905741108
409600 961 -18029.0 0.019999868905741108
410624 962 -18044.0 0.019999868905741108
411648 964 -18068.0 0.019999868905741108
412672 966 -18091.0 0.019999868905741108
413696 967 -18115.0 0.019999868905741108
414720 968 -18134.0 0.019999868905741108
415744 970 -18156.0 0.019999868905741108
416768 971 -18182.0 0.019999868905741108
417792 973 -18202.0 0.019999868905741108
418816 974 -18218.0 0.019999868905741108
419840 975 -18237.0 0.019999868905741108
420864 977 -18255.0 0.019999868905741108
421888 978 -18281.0 0.019999868905741108
422912 979 -18301.0 0.019999868905741108
423936 981 -18322.0 0.019999868905741108
424960 982 -18338.0 0.019999868905741108
425984 984 -18364.0 0.019999868905741108
427008 985 -18386.0 0.019999868905741108
428032 987 -18403.0 0.019999868905741108
429056 988 -18423.0 0.019999868905741108
430080 989 -18447.0 0.019999868905741108
431104 991 -18475.0 0.019999868905741108
432128 992 -18495.0 0.019999868905741108
433152 994 -18514.0 0.019999868905741108
434176 996 -18548.0 0.019999868905741108
435200 997 -18568.0 0.019999868905741108
436224 999 -18592.0 0.019999868905741108
437248 1000 -18608.0 0.019999868905741108
438272 1001 -18630.0 0.019999868905741108
439296 1003 -18655.0 0.019999868905741108
440320 1004 -18677.0 0.019999868905741108
441344 1005 -18686.0 0.019999868905741108
442368 1007 -18707.0 0.019999868905741108
443392 1008 -18741.0 0.019999868905741108
444416 1010 -18764.0 0.019999868905741108
445440 1011 -18776.0 0.019999868905741108
446464 1012 -18791.0 0.019999868905741108
447488 1013 -18806.0 0.019999868905741108
448512 1015 -18830.0 0.019999868905741108
449536 1016 -18845.0 0.019999868905741108
450560 1017 -18862.0 0.019999868905741108
451584 1018 -18878.0 0.019999868905741108
452608 1020 -18899.0 0.019999868905741108
453632 1021 -18922.0 0.019999868905741108
454656 1022 -18933.0 0.019999868905741108
455680 1023 -18948.0 0.019999868905741108
456704 1024 -18965.0 0.019999868905741108
457728 1026 -18981.0 0.019999868905741108
458752 1027 -18998.0 0.019999868905741108
459776 1028 -19017.0 0.019999868905741108
460800 1030 -19040.0 0.019999868905741108
461824 1031 -19057.0 0.019999868905741108
462848 1033 -19089.0 0.019999868905741108
463872 1034 -19119.0 0.019999868905741108
464896 1036 -19137.0 0.019999868905741108
465920 1037 -19160.0 0.019999868905741108
466944 1039 -19183.0 0.019999868905741108
467968 1040 -19190.0 0.019999868905741108
468992 1041 -19209.0 0.019999868905741108
470016 1042 -19223.0 0.019999868905741108
471040 1044 -19242.0 0.019999868905741108
472064 1045 -19272.0 0.019999868905741108
473088 1047 -19290.0 0.019999868905741108
474112 1048 -19308.0 0.019999868905741108
475136 1049 -19326.0 0.019999868905741108
476160 1051 -19340.0 0.019999868905741108
477184 1052 -19360.0 0.019999868905741108
478208 1053 -19389.0 0.019999868905741108
479232 1055 -19405.0 0.019999868905741108
480256 1056 -19426.0 0.019999868905741108
481280 1057 -19447.0 0.019999868905741108
482304 1059 -19470.0 0.019999868905741108
483328 1060 -19475.0 0.019999868905741108
484352 1061 -19497.0 0.019999868905741108
485376 1063 -19518.0 0.019999868905741108
486400 1064 -19531.0 0.019999868905741108
487424 1065 -19553.0 0.019999868905741108
488448 1067 -19585.0 0.019999868905741108
489472 1069 -19600.0 0.019999868905741108
490496 1070 -19626.0 0.019999868905741108
491520 1071 -19638.0 0.019999868905741108
492544 1073 -19657.0 0.019999868905741108
493568 1073 -19661.0 0.019999868905741108
494592 1075 -19679.0 0.019999868905741108
495616 1076 -19705.0 0.019999868905741108
496640 1078 -19723.0 0.019999868905741108
497664 1079 -19740.0 0.019999868905741108
498688 1080 -19761.0 0.019999868905741108
499712 1082 -19779.0 0.019999868905741108
500736 1083 -19793.0 0.019999868905741108
501760 1084 -19814.0 0.019999868905741108
502784 1086 -19840.0 0.019999868905741108
503808 1087 -19861.0 0.019999868905741108
504832 1089 -19883.0 0.019999868905741108
505856 1090 -19902.0 0.019999868905741108
506880 1092 -19934.0 0.019999868905741108
507904 1094 -19964.0 0.019999868905741108
508928 1095 -19982.0 0.019999868905741108
509952 1097 -20004.0 0.019999868905741108
510976 1098 -20032.0 0.019999868905741108
512000 1100 -20057.0 0.019999868905741108
513024 1101 -20069.0 0.019999868905741108
514048 1102 -20085.0 0.019999868905741108
515072 1103 -20103.0 0.019999868905741108
516096 1104 -20116.0 0.019999868905741108
517120 1106 -20131.0 0.019999868905741108
518144 1107 -20154.0 0.019999868905741108
519168 1108 -20165.0 0.019999868905741108
520192 1110 -20188.0 0.019999868905741108
521216 1111 -20208.0 0.019999868905741108
522240 1112 -20220.0 0.019999868905741108
523264 1114 -20248.0 0.019999868905741108
524288 1115 -20275.0 0.019999868905741108
525312 1117 -20305.0 0.019999868905741108
526336 1119 -20325.0 0.019999868905741108
527360 1120 -20334.0 0.019999868905741108
528384 1121 -20343.0 0.019999868905741108
529408 1122 -20364.0 0.019999868905741108
530432 1123 -20371.0 0.019999868905741108
531456 1124 -20380.0 0.019999868905741108
532480 1126 -20409.0 0.019999868905741108
533504 1127 -20429.0 0.019999868905741108
534528 1128 -20446.0 0.019999868905741108
535552 1130 -20470.0 0.019999868905741108
536576 1131 -20499.0 0.019999868905741108
537600 1133 -20524.0 0.019999868905741108
538624 1134 -20539.0 0.019999868905741108
539648 1135 -20549.0 0.019999868905741108
540672 1136 -20560.0 0.019999868905741108
541696 1137 -20576.0 0.019999868905741108
542720 1139 -20594.0 0.019999868905741108
543744 1140 -20616.0 0.019999868905741108
544768 1141 -20637.0 0.019999868905741108
545792 1143 -20658.0 0.019999868905741108
546816 1144 -20677.0 0.019999868905741108
547840 1145 -20698.0 0.019999868905741108
548864 1147 -20719.0 0.019999868905741108
549888 1148 -20738.0 0.019999868905741108
550912 1150 -20762.0 0.019999868905741108
551936 1151 -20792.0 0.019999868905741108
552960 1153 -20823.0 0.019999868905741108
553984 1154 -20839.0 0.019999868905741108
555008 1156 -20858.0 0.019999868905741108
556032 1157 -20880.0 0.019999868905741108
557056 1158 -20892.0 0.019999868905741108
558080 1160 -20909.0 0.019999868905741108
559104 1161 -20928.0 0.019999868905741108
560128 1162 -20954.0 0.019999868905741108
561152 1164 -20967.0 0.019999868905741108
562176 1165 -20986.0 0.019999868905741108
563200 1166 -21004.0 0.019999868905741108
564224 1168 -21027.0 0.019999868905741108
565248 1169 -21046.0 0.019999868905741108
566272 1171 -21067.0 0.019999868905741108
567296 1172 -21082.0 0.019999868905741108
568320 1173 -21100.0 0.019999868905741108
569344 1174 -21119.0 0.019999868905741108
570368 1176 -21148.0 0.019999868905741108
571392 1178 -21167.0 0.019999868905741108
572416 1179 -21181.0 0.019999868905741108
573440 1180 -21203.0 0.019999868905741108
574464 1181 -21221.0 0.019999868905741108
575488 1183 -21233.0 0.019999868905741108
576512 1184 -21263.0 0.019999868905741108
577536 1186 -21287.0 0.019999868905741108
578560 1187 -21303.0 0.019999868905741108
579584 1188 -21310.0 0.019999868905741108
580608 1189 -21328.0 0.019999868905741108
581632 1191 -21346.0 0.019999868905741108
582656 1192 -21365.0 0.019999868905741108
583680 1194 -21388.0 0.019999868905741108
584704 1195 -21407.0 0.019999868905741108
585728 1196 -21427.0 0.019999868905741108
586752 1198 -21447.0 0.019999868905741108
587776 1199 -21464.0 0.019999868905741108
588800 1200 -21471.0 0.019999868905741108
589824 1202 -21497.0 0.019999868905741108
590848 1203 -21506.0 0.019999868905741108
591872 1204 -21528.0 0.019999868905741108
592896 1205 -21546.0 0.019999868905741108
593920 1207 -21560.0 0.019999868905741108
594944 1208 -21578.0 0.019999868905741108
595968 1209 -21581.0 0.019999868905741108
596992 1210 -21599.0 0.019999868905741108
598016 1212 -21621.0 0.019999868905741108
599040 1213 -21636.0 0.019999868905741108
600064 1214 -21659.0 0.019999868905741108
601088 1216 -21681.0 0.019999868905741108
602112 1217 -21691.0 0.019999868905741108
603136 1218 -21715.0 0.019999868905741108
604160 1219 -21730.0 0.019999868905741108
605184 1221 -21746.0 0.019999868905741108
606208 1222 -21757.0 0.019999868905741108
607232 1223 -21778.0 0.019999868905741108
608256 1225 -21804.0 0.019999868905741108
609280 1226 -21826.0 0.019999868905741108
610304 1227 -21843.0 0.019999868905741108
611328 1229 -21868.0 0.019999868905741108
612352 1230 -21885.0 0.019999868905741108
613376 1232 -21909.0 0.019999868905741108
614400 1233 -21922.0 0.019999868905741108
615424 1234 -21941.0 0.019999868905741108
616448 1235 -21955.0 0.019999868905741108
617472 1237 -21977.0 0.019999868905741108
618496 1238 -21997.0 0.019999868905741108
619520 1239 -22015.0 0.019999868905741108
620544 1240 -22029.0 0.019999868905741108
621568 1241 -22045.0 0.019999868905741108
622592 1243 -22063.0 0.019999868905741108
623616 1244 -22082.0 0.019999868905741108
624640 1245 -22102.0 0.019999868905741108
625664 1247 -22123.0 0.019999868905741108
626688 1248 -22128.0 0.019999868905741108
627712 1249 -22140.0 0.019999868905741108
628736 1250 -22156.0 0.019999868905741108
629760 1252 -22172.0 0.019999868905741108
630784 1253 -22183.0 0.019999868905741108
631808 1254 -22204.0 0.019999868905741108
632832 1255 -22214.0 0.019999868905741108
633856 1256 -22222.0 0.019999868905741108
634880 1257 -22233.0 0.019999868905741108
635904 1258 -22249.0 0.019999868905741108
636928 1260 -22266.0 0.019999868905741108
637952 1261 -22289.0 0.019999868905741108
638976 1262 -22297.0 0.019999868905741108
640000 1263 -22319.0 0.019999868905741108
641024 1264 -22334.0 0.019999868905741108
642048 1266 -22353.0 0.019999868905741108
643072 1267 -22368.0 0.019999868905741108
644096 1268 -22386.0 0.019999868905741108
645120 1270 -22415.0 0.019999868905741108
646144 1271 -22431.0 0.019999868905741108
647168 1273 -22449.0 0.019999868905741108
648192 1274 -22460.0 0.019999868905741108
649216 1275 -22480.0 0.019999868905741108
650240 1276 -22497.0 0.019999868905741108
651264 1278 -22524.0 0.019999868905741108
652288 1280 -22548.0 0.019999868905741108
653312 1281 -22559.0 0.019999868905741108
654336 1282 -22568.0 0.019999868905741108
655360 1283 -22591.0 0.019999868905741108
656384 1284 -22602.0 0.019999868905741108
657408 1286 -22619.0 0.019999868905741108
658432 1287 -22633.0 0.019999868905741108
659456 1288 -22645.0 0.019999868905741108
660480 1289 -22654.0 0.019999868905741108
661504 1290 -22663.0 0.019999868905741108
662528 1291 -22669.0 0.019999868905741108
663552 1292 -22682.0 0.019999868905741108
664576 1293 -22699.0 0.019999868905741108
665600 1295 -22713.0 0.019999868905741108
666624 1296 -22732.0 0.019999868905741108
667648 1297 -22746.0 0.019999868905741108
668672 1298 -22760.0 0.019999868905741108
669696 1300 -22778.0 0.019999868905741108
670720 1301 -22805.0 0.019999868905741108
671744 1302 -22810.0 0.019999868905741108
672768 1303 -22831.0 0.019999868905741108
673792 1305 -22857.0 0.019999868905741108
674816 1306 -22870.0 0.019999868905741108
675840 1307 -22891.0 0.019999868905741108
676864 1309 -22904.0 0.019999868905741108
677888 1310 -22921.0 0.019999868905741108
678912 1311 -22941.0 0.019999868905741108
679936 1312 -22954.0 0.019999868905741108
680960 1314 -22971.0 0.019999868905741108
681984 1315 -22989.0 0.019999868905741108
683008 1316 -23007.0 0.019999868905741108
684032 1318 -23032.0 0.019999868905741108
685056 1319 -23046.0 0.019999868905741108
686080 1320 -23061.0 0.019999868905741108
687104 1322 -23087.0 0.019999868905741108
688128 1323 -23101.0 0.019999868905741108
689152 1324 -23121.0 0.019999868905741108
690176 1325 -23136.0 0.019999868905741108
691200 1327 -23150.0 0.019999868905741108
692224 1328 -23159.0 0.019999868905741108
693248 1329 -23178.0 0.019999868905741108
694272 1330 -23190.0 0.019999868905741108
695296 1332 -23206.0 0.019999868905741108
696320 1333 -23226.0 0.019999868905741108
697344 1334 -23239.0 0.019999868905741108
698368 1335 -23256.0 0.019999868905741108
699392 1337 -23272.0 0.019999868905741108
700416 1338 -23281.0 0.019999868905741108
701440 1339 -23294.0 0.019999868905741108
702464 1340 -23306.0 0.019999868905741108
703488 1342 -23319.0 0.019999868905741108
704512 1343 -23342.0 0.019999868905741108
705536 1344 -23363.0 0.019999868905741108
706560 1346 -23384.0 0.019999868905741108
707584 1347 -23406.0 0.019999868905741108
708608 1349 -23435.0 0.019999868905741108
709632 1350 -23449.0 0.019999868905741108
710656 1351 -23467.0 0.019999868905741108
711680 1352 -23480.0 0.019999868905741108
712704 1353 -23497.0 0.019999868905741108
713728 1354 -23504.0 0.019999868905741108
714752 1356 -23516.0 0.019999868905741108
715776 1357 -23532.0 0.019999868905741108
716800 1358 -23553.0 0.019999868905741108
717824 1359 -23559.0 0.019999868905741108
718848 1360 -23579.0 0.019999868905741108
719872 1362 -23601.0 0.019999868905741108
720896 1363 -23620.0 0.019999868905741108
721920 1365 -23639.0 0.019999868905741108
722944 1366 -23650.0 0.019999868905741108
723968 1367 -23666.0 0.019999868905741108
724992 1368 -23682.0 0.019999868905741108
726016 1369 -23697.0 0.019999868905741108
727040 1371 -23721.0 0.019999868905741108
728064 1372 -23739.0 0.019999868905741108
729088 1373 -23745.0 0.019999868905741108
730112 1374 -23748.0 0.019999868905741108
731136 1375 -23754.0 0.019999868905741108
732160 1376 -23763.0 0.019999868905741108
733184 1377 -23786.0 0.019999868905741108
734208 1379 -23808.0 0.019999868905741108
735232 1380 -23825.0 0.019999868905741108
736256 1381 -23840.0 0.019999868905741108
737280 1382 -23854.0 0.019999868905741108
738304 1384 -23876.0 0.019999868905741108
739328 1385 -23883.0 0.019999868905741108
740352 1386 -23902.0 0.019999868905741108
741376 1387 -23921.0 0.019999868905741108
742400 1389 -23941.0 0.019999868905741108
743424 1390 -23967.0 0.019999868905741108
744448 1392 -23987.0 0.019999868905741108
745472 1393 -23997.0 0.019999868905741108
746496 1394 -24011.0 0.019999868905741108
747520 1395 -24029.0 0.019999868905741108
748544 1396 -24052.0 0.019999868905741108
749568 1398 -24072.0 0.019999868905741108
750592 1399 -24093.0 0.019999868905741108
751616 1400 -24109.0 0.019999868905741108
752640 1402 -24130.0 0.019999868905741108
753664 1403 -24145.0 0.019999868905741108
754688 1404 -24149.0 0.019999868905741108
755712 1405 -24160.0 0.019999868905741108
756736 1406 -24176.0 0.019999868905741108
757760 1407 -24183.0 0.019999868905741108
758784 1408 -24205.0 0.019999868905741108
759808 1410 -24226.0 0.019999868905741108
760832 1411 -24245.0 0.019999868905741108
761856 1412 -24260.0 0.019999868905741108
762880 1414 -24277.0 0.019999868905741108
763904 1415 -24292.0 0.019999868905741108
764928 1416 -24309.0 0.019999868905741108
765952 1418 -24328.0 0.019999868905741108
766976 1419 -24344.0 0.019999868905741108
768000 1420 -24357.0 0.019999868905741108
769024 1421 -24370.0 0.019999868905741108
770048 1423 -24390.0 0.019999868905741108
771072 1424 -24402.0 0.019999868905741108
772096 1425 -24421.0 0.019999868905741108
773120 1426 -24427.0 0.019999868905741108
774144 1427 -24438.0 0.019999868905741108
775168 1428 -24448.0 0.019999868905741108
776192 1429 -24470.0 0.019999868905741108
777216 1431 -24491.0 0.019999868905741108
778240 1432 -24506.0 0.019999868905741108
779264 1433 -24522.0 0.019999868905741108
780288 1434 -24533.0 0.019999868905741108
781312 1435 -24555.0 0.019999868905741108
782336 1437 -24572.0 0.019999868905741108
783360 1438 -24590.0 0.019999868905741108
784384 1439 -24602.0 0.019999868905741108
785408 1440 -24624.0 0.019999868905741108
786432 1442 -24638.0 0.019999868905741108
787456 1442 -24644.0 0.019999868905741108
788480 1444 -24663.0 0.019999868905741108
789504 1445 -24670.0 0.019999868905741108
790528 1446 -24687.0 0.019999868905741108
791552 1447 -24696.0 0.019999868905741108
792576 1449 -24721.0 0.019999868905741108
793600 1450 -24731.0 0.019999868905741108
794624 1451 -24756.0 0.019999868905741108
795648 1452 -24772.0 0.019999868905741108
796672 1453 -24781.0 0.019999868905741108
797696 1455 -24803.0 0.019999868905741108
798720 1456 -24818.0 0.019999868905741108
799744 1457 -24839.0 0.019999868905741108
800768 1458 -24854.0 0.019999868905741108
801792 1460 -24883.0 0.019999868905741108
